Start testing: Mar 15 01:42 PDT
----------------------------------------------------------
Unable to find executable: wrapping_integers_cmp
1/166 Testing: t_wrapping_ints_cmp
1/166 Test: t_wrapping_ints_cmp
Command: ""
Directory: /home/cs144/cs144_nju/Lab0-2023Spring-attentionat/build
"t_wrapping_ints_cmp" start time: 
Output:
----------------------------------------------------------
<end of output>
Test time =   0.00 sec
----------------------------------------------------------
Test Passed.
"t_wrapping_ints_cmp" end time: Mar 15 01:42 PDT
"t_wrapping_ints_cmp" time elapsed: 00:00:00
----------------------------------------------------------

Unable to find executable: wrapping_integers_unwrap
2/166 Testing: t_wrapping_ints_unwrap
2/166 Test: t_wrapping_ints_unwrap
Command: ""
Directory: /home/cs144/cs144_nju/Lab0-2023Spring-attentionat/build
"t_wrapping_ints_unwrap" start time: 
Output:
----------------------------------------------------------
<end of output>
Test time =   0.00 sec
----------------------------------------------------------
Test Passed.
"t_wrapping_ints_unwrap" end time: Mar 15 01:42 PDT
"t_wrapping_ints_unwrap" time elapsed: 00:00:00
----------------------------------------------------------

Unable to find executable: wrapping_integers_wrap
3/166 Testing: t_wrapping_ints_wrap
3/166 Test: t_wrapping_ints_wrap
Command: ""
Directory: /home/cs144/cs144_nju/Lab0-2023Spring-attentionat/build
"t_wrapping_ints_wrap" start time: 
Output:
----------------------------------------------------------
<end of output>
Test time =   0.00 sec
----------------------------------------------------------
Test Passed.
"t_wrapping_ints_wrap" end time: Mar 15 01:42 PDT
"t_wrapping_ints_wrap" time elapsed: 00:00:00
----------------------------------------------------------

Unable to find executable: recv_connect
4/166 Testing: t_recv_connect
4/166 Test: t_recv_connect
Command: ""
Directory: /home/cs144/cs144_nju/Lab0-2023Spring-attentionat/build
"t_recv_connect" start time: 
Output:
----------------------------------------------------------
<end of output>
Test time =   0.00 sec
----------------------------------------------------------
Test Passed.
"t_recv_connect" end time: Mar 15 01:42 PDT
"t_recv_connect" time elapsed: 00:00:00
----------------------------------------------------------

Unable to find executable: recv_transmit
5/166 Testing: t_recv_transmit
5/166 Test: t_recv_transmit
Command: ""
Directory: /home/cs144/cs144_nju/Lab0-2023Spring-attentionat/build
"t_recv_transmit" start time: 
Output:
----------------------------------------------------------
<end of output>
Test time =   0.00 sec
----------------------------------------------------------
Test Passed.
"t_recv_transmit" end time: Mar 15 01:42 PDT
"t_recv_transmit" time elapsed: 00:00:00
----------------------------------------------------------

Unable to find executable: recv_window
6/166 Testing: t_recv_window
6/166 Test: t_recv_window
Command: ""
Directory: /home/cs144/cs144_nju/Lab0-2023Spring-attentionat/build
"t_recv_window" start time: 
Output:
----------------------------------------------------------
<end of output>
Test time =   0.00 sec
----------------------------------------------------------
Test Passed.
"t_recv_window" end time: Mar 15 01:42 PDT
"t_recv_window" time elapsed: 00:00:00
----------------------------------------------------------

Unable to find executable: recv_reorder
7/166 Testing: t_recv_reorder
7/166 Test: t_recv_reorder
Command: ""
Directory: /home/cs144/cs144_nju/Lab0-2023Spring-attentionat/build
"t_recv_reorder" start time: 
Output:
----------------------------------------------------------
<end of output>
Test time =   0.00 sec
----------------------------------------------------------
Test Passed.
"t_recv_reorder" end time: Mar 15 01:42 PDT
"t_recv_reorder" time elapsed: 00:00:00
----------------------------------------------------------

Unable to find executable: recv_close
8/166 Testing: t_recv_close
8/166 Test: t_recv_close
Command: ""
Directory: /home/cs144/cs144_nju/Lab0-2023Spring-attentionat/build
"t_recv_close" start time: 
Output:
----------------------------------------------------------
<end of output>
Test time =   0.00 sec
----------------------------------------------------------
Test Passed.
"t_recv_close" end time: Mar 15 01:42 PDT
"t_recv_close" time elapsed: 00:00:00
----------------------------------------------------------

Unable to find executable: send_connect
9/166 Testing: t_send_connect
9/166 Test: t_send_connect
Command: ""
Directory: /home/cs144/cs144_nju/Lab0-2023Spring-attentionat/build
"t_send_connect" start time: 
Output:
----------------------------------------------------------
<end of output>
Test time =   0.00 sec
----------------------------------------------------------
Test Passed.
"t_send_connect" end time: Mar 15 01:42 PDT
"t_send_connect" time elapsed: 00:00:00
----------------------------------------------------------

Unable to find executable: send_transmit
10/166 Testing: t_send_transmit
10/166 Test: t_send_transmit
Command: ""
Directory: /home/cs144/cs144_nju/Lab0-2023Spring-attentionat/build
"t_send_transmit" start time: 
Output:
----------------------------------------------------------
<end of output>
Test time =   0.00 sec
----------------------------------------------------------
Test Passed.
"t_send_transmit" end time: Mar 15 01:42 PDT
"t_send_transmit" time elapsed: 00:00:00
----------------------------------------------------------

Unable to find executable: send_retx
11/166 Testing: t_send_retx
11/166 Test: t_send_retx
Command: ""
Directory: /home/cs144/cs144_nju/Lab0-2023Spring-attentionat/build
"t_send_retx" start time: 
Output:
----------------------------------------------------------
<end of output>
Test time =   0.00 sec
----------------------------------------------------------
Test Passed.
"t_send_retx" end time: Mar 15 01:42 PDT
"t_send_retx" time elapsed: 00:00:00
----------------------------------------------------------

Unable to find executable: send_window
12/166 Testing: t_send_window
12/166 Test: t_send_window
Command: ""
Directory: /home/cs144/cs144_nju/Lab0-2023Spring-attentionat/build
"t_send_window" start time: 
Output:
----------------------------------------------------------
<end of output>
Test time =   0.00 sec
----------------------------------------------------------
Test Passed.
"t_send_window" end time: Mar 15 01:42 PDT
"t_send_window" time elapsed: 00:00:00
----------------------------------------------------------

Unable to find executable: send_ack
13/166 Testing: t_send_ack
13/166 Test: t_send_ack
Command: ""
Directory: /home/cs144/cs144_nju/Lab0-2023Spring-attentionat/build
"t_send_ack" start time: 
Output:
----------------------------------------------------------
<end of output>
Test time =   0.00 sec
----------------------------------------------------------
Test Passed.
"t_send_ack" end time: Mar 15 01:42 PDT
"t_send_ack" time elapsed: 00:00:00
----------------------------------------------------------

Unable to find executable: send_close
14/166 Testing: t_send_close
14/166 Test: t_send_close
Command: ""
Directory: /home/cs144/cs144_nju/Lab0-2023Spring-attentionat/build
"t_send_close" start time: 
Output:
----------------------------------------------------------
<end of output>
Test time =   0.00 sec
----------------------------------------------------------
Test Passed.
"t_send_close" end time: Mar 15 01:42 PDT
"t_send_close" time elapsed: 00:00:00
----------------------------------------------------------

Unable to find executable: fsm_stream_reassembler_cap
15/166 Testing: t_strm_reassem_cap
15/166 Test: t_strm_reassem_cap
Command: ""
Directory: /home/cs144/cs144_nju/Lab0-2023Spring-attentionat/build
"t_strm_reassem_cap" start time: 
Output:
----------------------------------------------------------
<end of output>
Test time =   0.00 sec
----------------------------------------------------------
Test Passed.
"t_strm_reassem_cap" end time: Mar 15 01:42 PDT
"t_strm_reassem_cap" time elapsed: 00:00:00
----------------------------------------------------------

Unable to find executable: fsm_stream_reassembler_single
16/166 Testing: t_strm_reassem_single
16/166 Test: t_strm_reassem_single
Command: ""
Directory: /home/cs144/cs144_nju/Lab0-2023Spring-attentionat/build
"t_strm_reassem_single" start time: 
Output:
----------------------------------------------------------
<end of output>
Test time =   0.00 sec
----------------------------------------------------------
Test Passed.
"t_strm_reassem_single" end time: Mar 15 01:42 PDT
"t_strm_reassem_single" time elapsed: 00:00:00
----------------------------------------------------------

Unable to find executable: fsm_stream_reassembler_seq
17/166 Testing: t_strm_reassem_seq
17/166 Test: t_strm_reassem_seq
Command: ""
Directory: /home/cs144/cs144_nju/Lab0-2023Spring-attentionat/build
"t_strm_reassem_seq" start time: 
Output:
----------------------------------------------------------
<end of output>
Test time =   0.00 sec
----------------------------------------------------------
Test Passed.
"t_strm_reassem_seq" end time: Mar 15 01:42 PDT
"t_strm_reassem_seq" time elapsed: 00:00:00
----------------------------------------------------------

Unable to find executable: fsm_stream_reassembler_dup
18/166 Testing: t_strm_reassem_dup
18/166 Test: t_strm_reassem_dup
Command: ""
Directory: /home/cs144/cs144_nju/Lab0-2023Spring-attentionat/build
"t_strm_reassem_dup" start time: 
Output:
----------------------------------------------------------
<end of output>
Test time =   0.00 sec
----------------------------------------------------------
Test Passed.
"t_strm_reassem_dup" end time: Mar 15 01:42 PDT
"t_strm_reassem_dup" time elapsed: 00:00:00
----------------------------------------------------------

Unable to find executable: fsm_stream_reassembler_holes
19/166 Testing: t_strm_reassem_holes
19/166 Test: t_strm_reassem_holes
Command: ""
Directory: /home/cs144/cs144_nju/Lab0-2023Spring-attentionat/build
"t_strm_reassem_holes" start time: 
Output:
----------------------------------------------------------
<end of output>
Test time =   0.00 sec
----------------------------------------------------------
Test Passed.
"t_strm_reassem_holes" end time: Mar 15 01:42 PDT
"t_strm_reassem_holes" time elapsed: 00:00:00
----------------------------------------------------------

Unable to find executable: fsm_stream_reassembler_many
20/166 Testing: t_strm_reassem_many
20/166 Test: t_strm_reassem_many
Command: ""
Directory: /home/cs144/cs144_nju/Lab0-2023Spring-attentionat/build
"t_strm_reassem_many" start time: 
Output:
----------------------------------------------------------
<end of output>
Test time =   0.00 sec
----------------------------------------------------------
Test Passed.
"t_strm_reassem_many" end time: Mar 15 01:42 PDT
"t_strm_reassem_many" time elapsed: 00:00:00
----------------------------------------------------------

Unable to find executable: fsm_stream_reassembler_overlapping
21/166 Testing: t_strm_reassem_overlapping
21/166 Test: t_strm_reassem_overlapping
Command: ""
Directory: /home/cs144/cs144_nju/Lab0-2023Spring-attentionat/build
"t_strm_reassem_overlapping" start time: 
Output:
----------------------------------------------------------
<end of output>
Test time =   0.00 sec
----------------------------------------------------------
Test Passed.
"t_strm_reassem_overlapping" end time: Mar 15 01:42 PDT
"t_strm_reassem_overlapping" time elapsed: 00:00:00
----------------------------------------------------------

Unable to find executable: fsm_stream_reassembler_win
22/166 Testing: t_strm_reassem_win
22/166 Test: t_strm_reassem_win
Command: ""
Directory: /home/cs144/cs144_nju/Lab0-2023Spring-attentionat/build
"t_strm_reassem_win" start time: 
Output:
----------------------------------------------------------
<end of output>
Test time =   0.00 sec
----------------------------------------------------------
Test Passed.
"t_strm_reassem_win" end time: Mar 15 01:42 PDT
"t_strm_reassem_win" time elapsed: 00:00:00
----------------------------------------------------------

23/166 Testing: t_byte_stream_construction
23/166 Test: t_byte_stream_construction
Command: "/home/cs144/cs144_nju/Lab0-2023Spring-attentionat/build/tests/byte_stream_construction"
Directory: /home/cs144/cs144_nju/Lab0-2023Spring-attentionat/build
"t_byte_stream_construction" start time: Mar 15 01:42 PDT
Output:
----------------------------------------------------------
Test Failure on expectation:
	Expectation: buffer_empty: 1

Failure message:
	The ByteStream should have had buffer_empty equal to 1 but instead it was 0

List of steps that executed successfully:
	Initialized with (capacity=15)
	Expectation: input_ended: 0

Exception: The test "construction" failed
<end of output>
Test time =   0.01 sec
----------------------------------------------------------
Test Failed.
"t_byte_stream_construction" end time: Mar 15 01:42 PDT
"t_byte_stream_construction" time elapsed: 00:00:00
----------------------------------------------------------

24/166 Testing: t_byte_stream_one_write
24/166 Test: t_byte_stream_one_write
Command: "/home/cs144/cs144_nju/Lab0-2023Spring-attentionat/build/tests/byte_stream_one_write"
Directory: /home/cs144/cs144_nju/Lab0-2023Spring-attentionat/build
"t_byte_stream_one_write" start time: Mar 15 01:42 PDT
Output:
----------------------------------------------------------
Test Failure on expectation:
	Expectation: bytes_written: 3

Failure message:
	The ByteStream should have had bytes_written equal to 3 but instead it was 0

List of steps that executed successfully:
	Initialized with (capacity=15)
	     Action: write "cat" to the stream
	Expectation: input_ended: 0
	Expectation: buffer_empty: 0
	Expectation: eof: 0
	Expectation: bytes_read: 0

Exception: The test "write-end-pop" failed
<end of output>
Test time =   0.01 sec
----------------------------------------------------------
Test Failed.
"t_byte_stream_one_write" end time: Mar 15 01:42 PDT
"t_byte_stream_one_write" time elapsed: 00:00:00
----------------------------------------------------------

Unable to find executable: net_interface
29/166 Testing: arp_network_interface
29/166 Test: arp_network_interface
Command: ""
Directory: /home/cs144/cs144_nju/Lab0-2023Spring-attentionat/build
"arp_network_interface" start time: 
Output:
----------------------------------------------------------
<end of output>
Test time =   0.00 sec
----------------------------------------------------------
Test Passed.
"arp_network_interface" end time: Mar 15 01:42 PDT
"arp_network_interface" time elapsed: 00:00:00
----------------------------------------------------------

26/166 Testing: t_byte_stream_capacity
26/166 Test: t_byte_stream_capacity
Command: "/home/cs144/cs144_nju/Lab0-2023Spring-attentionat/build/tests/byte_stream_capacity"
Directory: /home/cs144/cs144_nju/Lab0-2023Spring-attentionat/build
"t_byte_stream_capacity" start time: Mar 15 01:42 PDT
Output:
----------------------------------------------------------
Test Failure on expectation:
	     Action: write "cat" to the stream

Failure message:
	The ByteStream should have had bytes_written equal to 2 but instead it was 0

List of steps that executed successfully:
	Initialized with (capacity=2)

Exception: The test "overwrite" failed
<end of output>
Test time =   0.01 sec
----------------------------------------------------------
Test Failed.
"t_byte_stream_capacity" end time: Mar 15 01:42 PDT
"t_byte_stream_capacity" time elapsed: 00:00:00
----------------------------------------------------------

25/166 Testing: t_byte_stream_two_writes
25/166 Test: t_byte_stream_two_writes
Command: "/home/cs144/cs144_nju/Lab0-2023Spring-attentionat/build/tests/byte_stream_two_writes"
Directory: /home/cs144/cs144_nju/Lab0-2023Spring-attentionat/build
"t_byte_stream_two_writes" start time: Mar 15 01:42 PDT
Output:
----------------------------------------------------------
Test Failure on expectation:
	Expectation: bytes_written: 3

Failure message:
	The ByteStream should have had bytes_written equal to 3 but instead it was 0

List of steps that executed successfully:
	Initialized with (capacity=15)
	     Action: write "cat" to the stream
	Expectation: input_ended: 0
	Expectation: buffer_empty: 0
	Expectation: eof: 0
	Expectation: bytes_read: 0

Exception: The test "write-write-end-pop-pop" failed
<end of output>
Test time =   0.01 sec
----------------------------------------------------------
Test Failed.
"t_byte_stream_two_writes" end time: Mar 15 01:42 PDT
"t_byte_stream_two_writes" time elapsed: 00:00:00
----------------------------------------------------------

27/166 Testing: t_byte_stream_many_writes
27/166 Test: t_byte_stream_many_writes
Command: "/home/cs144/cs144_nju/Lab0-2023Spring-attentionat/build/tests/byte_stream_many_writes"
Directory: /home/cs144/cs144_nju/Lab0-2023Spring-attentionat/build
"t_byte_stream_many_writes" start time: Mar 15 01:42 PDT
Output:
----------------------------------------------------------
Test Failure on expectation:
	     Action: write "fmutwnxglqqaqxflwxvcfoudlrdjzwdrfpqdbdikdtbvyfqbypcixdnwpmhuhklbjkrapjgrhrlybqckcbiqpxoniqxytqjhrvuhdlkteeffcdhbrpcnxzgkuiyvwsstnakyprwazgqoeinonfkbgmsygdayiuwezbofcmddhbbddqohpjgzz" to the stream

Failure message:
	The ByteStream should have had bytes_written equal to 181 but instead it was 0

List of steps that executed successfully:
	Initialized with (capacity=200000)

Exception: The test "many writes" failed
<end of output>
Test time =   0.01 sec
----------------------------------------------------------
Test Failed.
"t_byte_stream_many_writes" end time: Mar 15 01:42 PDT
"t_byte_stream_many_writes" time elapsed: 00:00:00
----------------------------------------------------------

Unable to find executable: network_simulator
30/166 Testing: router_test
30/166 Test: router_test
Command: ""
Directory: /home/cs144/cs144_nju/Lab0-2023Spring-attentionat/build
"router_test" start time: 
Output:
----------------------------------------------------------
<end of output>
Test time =   0.00 sec
----------------------------------------------------------
Test Passed.
"router_test" end time: Mar 15 01:42 PDT
"router_test" time elapsed: 00:00:00
----------------------------------------------------------

Unable to find executable: tcp_parser
31/166 Testing: t_tcp_parser
31/166 Test: t_tcp_parser
Command: "" "/home/cs144/cs144_nju/Lab0-2023Spring-attentionat/sponge/tests/ipv4_parser.data"
Directory: /home/cs144/cs144_nju/Lab0-2023Spring-attentionat/build
"t_tcp_parser" start time: 
Output:
----------------------------------------------------------
<end of output>
Test time =   0.00 sec
----------------------------------------------------------
Test Passed.
"t_tcp_parser" end time: Mar 15 01:42 PDT
"t_tcp_parser" time elapsed: 00:00:00
----------------------------------------------------------

Unable to find executable: ipv4_parser
32/166 Testing: t_ipv4_parser
32/166 Test: t_ipv4_parser
Command: "" "/home/cs144/cs144_nju/Lab0-2023Spring-attentionat/sponge/tests/ipv4_parser.data"
Directory: /home/cs144/cs144_nju/Lab0-2023Spring-attentionat/build
"t_ipv4_parser" start time: 
Output:
----------------------------------------------------------
<end of output>
Test time =   0.00 sec
----------------------------------------------------------
Test Passed.
"t_ipv4_parser" end time: Mar 15 01:42 PDT
"t_ipv4_parser" time elapsed: 00:00:00
----------------------------------------------------------

Unable to find executable: fsm_active_close
33/166 Testing: t_active_close
33/166 Test: t_active_close
Command: ""
Directory: /home/cs144/cs144_nju/Lab0-2023Spring-attentionat/build
"t_active_close" start time: 
Output:
----------------------------------------------------------
<end of output>
Test time =   0.00 sec
----------------------------------------------------------
Test Passed.
"t_active_close" end time: Mar 15 01:42 PDT
"t_active_close" time elapsed: 00:00:00
----------------------------------------------------------

Unable to find executable: fsm_passive_close
34/166 Testing: t_passive_close
34/166 Test: t_passive_close
Command: ""
Directory: /home/cs144/cs144_nju/Lab0-2023Spring-attentionat/build
"t_passive_close" start time: 
Output:
----------------------------------------------------------
<end of output>
Test time =   0.00 sec
----------------------------------------------------------
Test Passed.
"t_passive_close" end time: Mar 15 01:42 PDT
"t_passive_close" time elapsed: 00:00:00
----------------------------------------------------------

Unable to find executable: fsm_ack_rst
35/166 Testing: ec_ack_rst
35/166 Test: ec_ack_rst
Command: ""
Directory: /home/cs144/cs144_nju/Lab0-2023Spring-attentionat/build
"ec_ack_rst" start time: 
Output:
----------------------------------------------------------
<end of output>
Test time =   0.00 sec
----------------------------------------------------------
Test Passed.
"ec_ack_rst" end time: Mar 15 01:42 PDT
"ec_ack_rst" time elapsed: 00:00:00
----------------------------------------------------------

Unable to find executable: fsm_ack_rst_relaxed
36/166 Testing: t_ack_rst
36/166 Test: t_ack_rst
Command: ""
Directory: /home/cs144/cs144_nju/Lab0-2023Spring-attentionat/build
"t_ack_rst" start time: 
Output:
----------------------------------------------------------
<end of output>
Test time =   0.00 sec
----------------------------------------------------------
Test Passed.
"t_ack_rst" end time: Mar 15 01:42 PDT
"t_ack_rst" time elapsed: 00:00:00
----------------------------------------------------------

Unable to find executable: fsm_ack_rst_win
37/166 Testing: ec_ack_rst_win
37/166 Test: ec_ack_rst_win
Command: ""
Directory: /home/cs144/cs144_nju/Lab0-2023Spring-attentionat/build
"ec_ack_rst_win" start time: 
Output:
----------------------------------------------------------
<end of output>
Test time =   0.00 sec
----------------------------------------------------------
Test Passed.
"ec_ack_rst_win" end time: Mar 15 01:42 PDT
"ec_ack_rst_win" time elapsed: 00:00:00
----------------------------------------------------------

Unable to find executable: fsm_ack_rst_win_relaxed
38/166 Testing: t_ack_rst_win
38/166 Test: t_ack_rst_win
Command: ""
Directory: /home/cs144/cs144_nju/Lab0-2023Spring-attentionat/build
"t_ack_rst_win" start time: 
Output:
----------------------------------------------------------
<end of output>
Test time =   0.00 sec
----------------------------------------------------------
Test Passed.
"t_ack_rst_win" end time: Mar 15 01:42 PDT
"t_ack_rst_win" time elapsed: 00:00:00
----------------------------------------------------------

Unable to find executable: fsm_connect
39/166 Testing: ec_connect
39/166 Test: ec_connect
Command: ""
Directory: /home/cs144/cs144_nju/Lab0-2023Spring-attentionat/build
"ec_connect" start time: 
Output:
----------------------------------------------------------
<end of output>
Test time =   0.00 sec
----------------------------------------------------------
Test Passed.
"ec_connect" end time: Mar 15 01:42 PDT
"ec_connect" time elapsed: 00:00:00
----------------------------------------------------------

Unable to find executable: fsm_connect_relaxed
40/166 Testing: t_connect
40/166 Test: t_connect
Command: ""
Directory: /home/cs144/cs144_nju/Lab0-2023Spring-attentionat/build
"t_connect" start time: 
Output:
----------------------------------------------------------
<end of output>
Test time =   0.00 sec
----------------------------------------------------------
Test Passed.
"t_connect" end time: Mar 15 01:42 PDT
"t_connect" time elapsed: 00:00:00
----------------------------------------------------------

Unable to find executable: fsm_listen
41/166 Testing: ec_listen
41/166 Test: ec_listen
Command: ""
Directory: /home/cs144/cs144_nju/Lab0-2023Spring-attentionat/build
"ec_listen" start time: 
Output:
----------------------------------------------------------
<end of output>
Test time =   0.00 sec
----------------------------------------------------------
Test Passed.
"ec_listen" end time: Mar 15 01:42 PDT
"ec_listen" time elapsed: 00:00:00
----------------------------------------------------------

Unable to find executable: fsm_listen_relaxed
42/166 Testing: t_listen
42/166 Test: t_listen
Command: ""
Directory: /home/cs144/cs144_nju/Lab0-2023Spring-attentionat/build
"t_listen" start time: 
Output:
----------------------------------------------------------
<end of output>
Test time =   0.00 sec
----------------------------------------------------------
Test Passed.
"t_listen" end time: Mar 15 01:42 PDT
"t_listen" time elapsed: 00:00:00
----------------------------------------------------------

Unable to find executable: fsm_winsize
43/166 Testing: t_winsize
43/166 Test: t_winsize
Command: ""
Directory: /home/cs144/cs144_nju/Lab0-2023Spring-attentionat/build
"t_winsize" start time: 
Output:
----------------------------------------------------------
<end of output>
Test time =   0.00 sec
----------------------------------------------------------
Test Passed.
"t_winsize" end time: Mar 15 01:42 PDT
"t_winsize" time elapsed: 00:00:00
----------------------------------------------------------

Unable to find executable: fsm_retx
44/166 Testing: ec_retx
44/166 Test: ec_retx
Command: ""
Directory: /home/cs144/cs144_nju/Lab0-2023Spring-attentionat/build
"ec_retx" start time: 
Output:
----------------------------------------------------------
<end of output>
Test time =   0.00 sec
----------------------------------------------------------
Test Passed.
"ec_retx" end time: Mar 15 01:42 PDT
"ec_retx" time elapsed: 00:00:00
----------------------------------------------------------

Unable to find executable: fsm_retx_relaxed
45/166 Testing: t_retx
45/166 Test: t_retx
Command: ""
Directory: /home/cs144/cs144_nju/Lab0-2023Spring-attentionat/build
"t_retx" start time: 
Output:
----------------------------------------------------------
<end of output>
Test time =   0.00 sec
----------------------------------------------------------
Test Passed.
"t_retx" end time: Mar 15 01:42 PDT
"t_retx" time elapsed: 00:00:00
----------------------------------------------------------

Unable to find executable: fsm_retx_win
46/166 Testing: t_retx_win
46/166 Test: t_retx_win
Command: ""
Directory: /home/cs144/cs144_nju/Lab0-2023Spring-attentionat/build
"t_retx_win" start time: 
Output:
----------------------------------------------------------
<end of output>
Test time =   0.00 sec
----------------------------------------------------------
Test Passed.
"t_retx_win" end time: Mar 15 01:42 PDT
"t_retx_win" time elapsed: 00:00:00
----------------------------------------------------------

Unable to find executable: fsm_loopback
47/166 Testing: t_loopback
47/166 Test: t_loopback
Command: ""
Directory: /home/cs144/cs144_nju/Lab0-2023Spring-attentionat/build
"t_loopback" start time: 
Output:
----------------------------------------------------------
<end of output>
Test time =   0.00 sec
----------------------------------------------------------
Test Passed.
"t_loopback" end time: Mar 15 01:42 PDT
"t_loopback" time elapsed: 00:00:00
----------------------------------------------------------

Unable to find executable: fsm_loopback_win
48/166 Testing: t_loopback_win
48/166 Test: t_loopback_win
Command: ""
Directory: /home/cs144/cs144_nju/Lab0-2023Spring-attentionat/build
"t_loopback_win" start time: 
Output:
----------------------------------------------------------
<end of output>
Test time =   0.00 sec
----------------------------------------------------------
Test Passed.
"t_loopback_win" end time: Mar 15 01:42 PDT
"t_loopback_win" time elapsed: 00:00:00
----------------------------------------------------------

Unable to find executable: fsm_reorder
49/166 Testing: t_reorder
49/166 Test: t_reorder
Command: ""
Directory: /home/cs144/cs144_nju/Lab0-2023Spring-attentionat/build
"t_reorder" start time: 
Output:
----------------------------------------------------------
<end of output>
Test time =   0.00 sec
----------------------------------------------------------
Test Passed.
"t_reorder" end time: Mar 15 01:42 PDT
"t_reorder" time elapsed: 00:00:00
----------------------------------------------------------

Unable to find executable: /home/cs144/cs144_nju/Lab0-2023Spring-attentionat/sponge/txrx.sh
53/166 Testing: t_udp_client_send
53/166 Test: t_udp_client_send
Command: "" "-ucS"
Directory: /home/cs144/cs144_nju/Lab0-2023Spring-attentionat/build
"t_udp_client_send" start time: 
Output:
----------------------------------------------------------
<end of output>
Test time =   0.00 sec
----------------------------------------------------------
Test Passed.
"t_udp_client_send" end time: Mar 15 01:42 PDT
"t_udp_client_send" time elapsed: 00:00:00
----------------------------------------------------------

Unable to find executable: /home/cs144/cs144_nju/Lab0-2023Spring-attentionat/sponge/txrx.sh
54/166 Testing: t_udp_server_send
54/166 Test: t_udp_server_send
Command: "" "-usS"
Directory: /home/cs144/cs144_nju/Lab0-2023Spring-attentionat/build
"t_udp_server_send" start time: 
Output:
----------------------------------------------------------
<end of output>
Test time =   0.00 sec
----------------------------------------------------------
Test Passed.
"t_udp_server_send" end time: Mar 15 01:42 PDT
"t_udp_server_send" time elapsed: 00:00:00
----------------------------------------------------------

Unable to find executable: /home/cs144/cs144_nju/Lab0-2023Spring-attentionat/sponge/txrx.sh
55/166 Testing: t_udp_client_recv
55/166 Test: t_udp_client_recv
Command: "" "-ucR"
Directory: /home/cs144/cs144_nju/Lab0-2023Spring-attentionat/build
"t_udp_client_recv" start time: 
Output:
----------------------------------------------------------
<end of output>
Test time =   0.00 sec
----------------------------------------------------------
Test Passed.
"t_udp_client_recv" end time: Mar 15 01:42 PDT
"t_udp_client_recv" time elapsed: 00:00:00
----------------------------------------------------------

Unable to find executable: /home/cs144/cs144_nju/Lab0-2023Spring-attentionat/sponge/txrx.sh
56/166 Testing: t_udp_server_recv
56/166 Test: t_udp_server_recv
Command: "" "-usR"
Directory: /home/cs144/cs144_nju/Lab0-2023Spring-attentionat/build
"t_udp_server_recv" start time: 
Output:
----------------------------------------------------------
<end of output>
Test time =   0.00 sec
----------------------------------------------------------
Test Passed.
"t_udp_server_recv" end time: Mar 15 01:42 PDT
"t_udp_server_recv" time elapsed: 00:00:00
----------------------------------------------------------

Unable to find executable: /home/cs144/cs144_nju/Lab0-2023Spring-attentionat/sponge/txrx.sh
57/166 Testing: t_udp_client_dupl
57/166 Test: t_udp_client_dupl
Command: "" "-ucD"
Directory: /home/cs144/cs144_nju/Lab0-2023Spring-attentionat/build
"t_udp_client_dupl" start time: 
Output:
----------------------------------------------------------
<end of output>
Test time =   0.00 sec
----------------------------------------------------------
Test Passed.
"t_udp_client_dupl" end time: Mar 15 01:42 PDT
"t_udp_client_dupl" time elapsed: 00:00:00
----------------------------------------------------------

Unable to find executable: /home/cs144/cs144_nju/Lab0-2023Spring-attentionat/sponge/txrx.sh
58/166 Testing: t_udp_server_dupl
58/166 Test: t_udp_server_dupl
Command: "" "-usD"
Directory: /home/cs144/cs144_nju/Lab0-2023Spring-attentionat/build
"t_udp_server_dupl" start time: 
Output:
----------------------------------------------------------
<end of output>
Test time =   0.00 sec
----------------------------------------------------------
Test Passed.
"t_udp_server_dupl" end time: Mar 15 01:42 PDT
"t_udp_server_dupl" time elapsed: 00:00:00
----------------------------------------------------------

Unable to find executable: /home/cs144/cs144_nju/Lab0-2023Spring-attentionat/sponge/txrx.sh
59/166 Testing: t_ucS_1M_32k
59/166 Test: t_ucS_1M_32k
Command: "" "-ucSd" "1M" "-w" "32K"
Directory: /home/cs144/cs144_nju/Lab0-2023Spring-attentionat/build
"t_ucS_1M_32k" start time: 
Output:
----------------------------------------------------------
<end of output>
Test time =   0.00 sec
----------------------------------------------------------
Test Passed.
"t_ucS_1M_32k" end time: Mar 15 01:42 PDT
"t_ucS_1M_32k" time elapsed: 00:00:00
----------------------------------------------------------

Unable to find executable: /home/cs144/cs144_nju/Lab0-2023Spring-attentionat/sponge/txrx.sh
60/166 Testing: t_ucS_128K_8K
60/166 Test: t_ucS_128K_8K
Command: "" "-ucSd" "128K" "-w" "8K"
Directory: /home/cs144/cs144_nju/Lab0-2023Spring-attentionat/build
"t_ucS_128K_8K" start time: 
Output:
----------------------------------------------------------
<end of output>
Test time =   0.00 sec
----------------------------------------------------------
Test Passed.
"t_ucS_128K_8K" end time: Mar 15 01:42 PDT
"t_ucS_128K_8K" time elapsed: 00:00:00
----------------------------------------------------------

Unable to find executable: /home/cs144/cs144_nju/Lab0-2023Spring-attentionat/sponge/txrx.sh
61/166 Testing: t_ucS_16_1
61/166 Test: t_ucS_16_1
Command: "" "-ucSd" "16" "-w" "1"
Directory: /home/cs144/cs144_nju/Lab0-2023Spring-attentionat/build
"t_ucS_16_1" start time: 
Output:
----------------------------------------------------------
<end of output>
Test time =   0.00 sec
----------------------------------------------------------
Test Passed.
"t_ucS_16_1" end time: Mar 15 01:42 PDT
"t_ucS_16_1" time elapsed: 00:00:00
----------------------------------------------------------

Unable to find executable: /home/cs144/cs144_nju/Lab0-2023Spring-attentionat/sponge/txrx.sh
62/166 Testing: t_ucS_32K_d
62/166 Test: t_ucS_32K_d
Command: "" "-ucSd" "32K"
Directory: /home/cs144/cs144_nju/Lab0-2023Spring-attentionat/build
"t_ucS_32K_d" start time: 
Output:
----------------------------------------------------------
<end of output>
Test time =   0.00 sec
----------------------------------------------------------
Test Passed.
"t_ucS_32K_d" end time: Mar 15 01:42 PDT
"t_ucS_32K_d" time elapsed: 00:00:00
----------------------------------------------------------

Unable to find executable: /home/cs144/cs144_nju/Lab0-2023Spring-attentionat/sponge/txrx.sh
63/166 Testing: t_ucR_1M_32k
63/166 Test: t_ucR_1M_32k
Command: "" "-ucRd" "1M" "-w" "32K"
Directory: /home/cs144/cs144_nju/Lab0-2023Spring-attentionat/build
"t_ucR_1M_32k" start time: 
Output:
----------------------------------------------------------
<end of output>
Test time =   0.00 sec
----------------------------------------------------------
Test Passed.
"t_ucR_1M_32k" end time: Mar 15 01:42 PDT
"t_ucR_1M_32k" time elapsed: 00:00:00
----------------------------------------------------------

Unable to find executable: /home/cs144/cs144_nju/Lab0-2023Spring-attentionat/sponge/txrx.sh
64/166 Testing: t_ucR_128K_8K
64/166 Test: t_ucR_128K_8K
Command: "" "-ucRd" "128K" "-w" "8K"
Directory: /home/cs144/cs144_nju/Lab0-2023Spring-attentionat/build
"t_ucR_128K_8K" start time: 
Output:
----------------------------------------------------------
<end of output>
Test time =   0.00 sec
----------------------------------------------------------
Test Passed.
"t_ucR_128K_8K" end time: Mar 15 01:42 PDT
"t_ucR_128K_8K" time elapsed: 00:00:00
----------------------------------------------------------

Unable to find executable: /home/cs144/cs144_nju/Lab0-2023Spring-attentionat/sponge/txrx.sh
65/166 Testing: t_ucR_16_1
65/166 Test: t_ucR_16_1
Command: "" "-ucRd" "16" "-w" "1"
Directory: /home/cs144/cs144_nju/Lab0-2023Spring-attentionat/build
"t_ucR_16_1" start time: 
Output:
----------------------------------------------------------
<end of output>
Test time =   0.00 sec
----------------------------------------------------------
Test Passed.
"t_ucR_16_1" end time: Mar 15 01:42 PDT
"t_ucR_16_1" time elapsed: 00:00:00
----------------------------------------------------------

Unable to find executable: /home/cs144/cs144_nju/Lab0-2023Spring-attentionat/sponge/txrx.sh
66/166 Testing: t_ucR_32K_d
66/166 Test: t_ucR_32K_d
Command: "" "-ucRd" "32K"
Directory: /home/cs144/cs144_nju/Lab0-2023Spring-attentionat/build
"t_ucR_32K_d" start time: 
Output:
----------------------------------------------------------
<end of output>
Test time =   0.00 sec
----------------------------------------------------------
Test Passed.
"t_ucR_32K_d" end time: Mar 15 01:42 PDT
"t_ucR_32K_d" time elapsed: 00:00:00
----------------------------------------------------------

Unable to find executable: /home/cs144/cs144_nju/Lab0-2023Spring-attentionat/sponge/txrx.sh
67/166 Testing: t_ucD_1M_32k
67/166 Test: t_ucD_1M_32k
Command: "" "-ucDd" "1M" "-w" "32K"
Directory: /home/cs144/cs144_nju/Lab0-2023Spring-attentionat/build
"t_ucD_1M_32k" start time: 
Output:
----------------------------------------------------------
<end of output>
Test time =   0.00 sec
----------------------------------------------------------
Test Passed.
"t_ucD_1M_32k" end time: Mar 15 01:42 PDT
"t_ucD_1M_32k" time elapsed: 00:00:00
----------------------------------------------------------

Unable to find executable: /home/cs144/cs144_nju/Lab0-2023Spring-attentionat/sponge/txrx.sh
68/166 Testing: t_ucD_128K_8K
68/166 Test: t_ucD_128K_8K
Command: "" "-ucDd" "128K" "-w" "8K"
Directory: /home/cs144/cs144_nju/Lab0-2023Spring-attentionat/build
"t_ucD_128K_8K" start time: 
Output:
----------------------------------------------------------
<end of output>
Test time =   0.00 sec
----------------------------------------------------------
Test Passed.
"t_ucD_128K_8K" end time: Mar 15 01:42 PDT
"t_ucD_128K_8K" time elapsed: 00:00:00
----------------------------------------------------------

Unable to find executable: /home/cs144/cs144_nju/Lab0-2023Spring-attentionat/sponge/txrx.sh
69/166 Testing: t_ucD_16_1
69/166 Test: t_ucD_16_1
Command: "" "-ucDd" "16" "-w" "1"
Directory: /home/cs144/cs144_nju/Lab0-2023Spring-attentionat/build
"t_ucD_16_1" start time: 
Output:
----------------------------------------------------------
<end of output>
Test time =   0.00 sec
----------------------------------------------------------
Test Passed.
"t_ucD_16_1" end time: Mar 15 01:42 PDT
"t_ucD_16_1" time elapsed: 00:00:00
----------------------------------------------------------

Unable to find executable: /home/cs144/cs144_nju/Lab0-2023Spring-attentionat/sponge/txrx.sh
70/166 Testing: t_ucD_32K_d
70/166 Test: t_ucD_32K_d
Command: "" "-ucDd" "32K"
Directory: /home/cs144/cs144_nju/Lab0-2023Spring-attentionat/build
"t_ucD_32K_d" start time: 
Output:
----------------------------------------------------------
<end of output>
Test time =   0.00 sec
----------------------------------------------------------
Test Passed.
"t_ucD_32K_d" end time: Mar 15 01:42 PDT
"t_ucD_32K_d" time elapsed: 00:00:00
----------------------------------------------------------

Unable to find executable: /home/cs144/cs144_nju/Lab0-2023Spring-attentionat/sponge/txrx.sh
71/166 Testing: t_usS_1M_32k
71/166 Test: t_usS_1M_32k
Command: "" "-usSd" "1M" "-w" "32K"
Directory: /home/cs144/cs144_nju/Lab0-2023Spring-attentionat/build
"t_usS_1M_32k" start time: 
Output:
----------------------------------------------------------
<end of output>
Test time =   0.00 sec
----------------------------------------------------------
Test Passed.
"t_usS_1M_32k" end time: Mar 15 01:42 PDT
"t_usS_1M_32k" time elapsed: 00:00:00
----------------------------------------------------------

Unable to find executable: /home/cs144/cs144_nju/Lab0-2023Spring-attentionat/sponge/txrx.sh
72/166 Testing: t_usS_128K_8K
72/166 Test: t_usS_128K_8K
Command: "" "-usSd" "128K" "-w" "8K"
Directory: /home/cs144/cs144_nju/Lab0-2023Spring-attentionat/build
"t_usS_128K_8K" start time: 
Output:
----------------------------------------------------------
<end of output>
Test time =   0.00 sec
----------------------------------------------------------
Test Passed.
"t_usS_128K_8K" end time: Mar 15 01:42 PDT
"t_usS_128K_8K" time elapsed: 00:00:00
----------------------------------------------------------

Unable to find executable: /home/cs144/cs144_nju/Lab0-2023Spring-attentionat/sponge/txrx.sh
73/166 Testing: t_usS_16_1
73/166 Test: t_usS_16_1
Command: "" "-usSd" "16" "-w" "1"
Directory: /home/cs144/cs144_nju/Lab0-2023Spring-attentionat/build
"t_usS_16_1" start time: 
Output:
----------------------------------------------------------
<end of output>
Test time =   0.00 sec
----------------------------------------------------------
Test Passed.
"t_usS_16_1" end time: Mar 15 01:42 PDT
"t_usS_16_1" time elapsed: 00:00:00
----------------------------------------------------------

Unable to find executable: /home/cs144/cs144_nju/Lab0-2023Spring-attentionat/sponge/txrx.sh
74/166 Testing: t_usS_32K_d
74/166 Test: t_usS_32K_d
Command: "" "-usSd" "32K"
Directory: /home/cs144/cs144_nju/Lab0-2023Spring-attentionat/build
"t_usS_32K_d" start time: 
Output:
----------------------------------------------------------
<end of output>
Test time =   0.00 sec
----------------------------------------------------------
Test Passed.
"t_usS_32K_d" end time: Mar 15 01:42 PDT
"t_usS_32K_d" time elapsed: 00:00:00
----------------------------------------------------------

Unable to find executable: /home/cs144/cs144_nju/Lab0-2023Spring-attentionat/sponge/txrx.sh
75/166 Testing: t_usR_1M_32k
75/166 Test: t_usR_1M_32k
Command: "" "-usRd" "1M" "-w" "32K"
Directory: /home/cs144/cs144_nju/Lab0-2023Spring-attentionat/build
"t_usR_1M_32k" start time: 
Output:
----------------------------------------------------------
<end of output>
Test time =   0.00 sec
----------------------------------------------------------
Test Passed.
"t_usR_1M_32k" end time: Mar 15 01:42 PDT
"t_usR_1M_32k" time elapsed: 00:00:00
----------------------------------------------------------

Unable to find executable: /home/cs144/cs144_nju/Lab0-2023Spring-attentionat/sponge/txrx.sh
76/166 Testing: t_usR_128K_8K
76/166 Test: t_usR_128K_8K
Command: "" "-usRd" "128K" "-w" "8K"
Directory: /home/cs144/cs144_nju/Lab0-2023Spring-attentionat/build
"t_usR_128K_8K" start time: 
Output:
----------------------------------------------------------
<end of output>
Test time =   0.00 sec
----------------------------------------------------------
Test Passed.
"t_usR_128K_8K" end time: Mar 15 01:42 PDT
"t_usR_128K_8K" time elapsed: 00:00:00
----------------------------------------------------------

Unable to find executable: /home/cs144/cs144_nju/Lab0-2023Spring-attentionat/sponge/txrx.sh
77/166 Testing: t_usR_16_1
77/166 Test: t_usR_16_1
Command: "" "-usRd" "16" "-w" "1"
Directory: /home/cs144/cs144_nju/Lab0-2023Spring-attentionat/build
"t_usR_16_1" start time: 
Output:
----------------------------------------------------------
<end of output>
Test time =   0.00 sec
----------------------------------------------------------
Test Passed.
"t_usR_16_1" end time: Mar 15 01:42 PDT
"t_usR_16_1" time elapsed: 00:00:00
----------------------------------------------------------

Unable to find executable: /home/cs144/cs144_nju/Lab0-2023Spring-attentionat/sponge/txrx.sh
78/166 Testing: t_usR_32K_d
78/166 Test: t_usR_32K_d
Command: "" "-usRd" "32K"
Directory: /home/cs144/cs144_nju/Lab0-2023Spring-attentionat/build
"t_usR_32K_d" start time: 
Output:
----------------------------------------------------------
<end of output>
Test time =   0.00 sec
----------------------------------------------------------
Test Passed.
"t_usR_32K_d" end time: Mar 15 01:42 PDT
"t_usR_32K_d" time elapsed: 00:00:00
----------------------------------------------------------

Unable to find executable: /home/cs144/cs144_nju/Lab0-2023Spring-attentionat/sponge/txrx.sh
79/166 Testing: t_usD_1M_32k
79/166 Test: t_usD_1M_32k
Command: "" "-usDd" "1M" "-w" "32K"
Directory: /home/cs144/cs144_nju/Lab0-2023Spring-attentionat/build
"t_usD_1M_32k" start time: 
Output:
----------------------------------------------------------
<end of output>
Test time =   0.00 sec
----------------------------------------------------------
Test Passed.
"t_usD_1M_32k" end time: Mar 15 01:42 PDT
"t_usD_1M_32k" time elapsed: 00:00:00
----------------------------------------------------------

Unable to find executable: /home/cs144/cs144_nju/Lab0-2023Spring-attentionat/sponge/txrx.sh
80/166 Testing: t_usD_128K_8K
80/166 Test: t_usD_128K_8K
Command: "" "-usDd" "128K" "-w" "8K"
Directory: /home/cs144/cs144_nju/Lab0-2023Spring-attentionat/build
"t_usD_128K_8K" start time: 
Output:
----------------------------------------------------------
<end of output>
Test time =   0.00 sec
----------------------------------------------------------
Test Passed.
"t_usD_128K_8K" end time: Mar 15 01:42 PDT
"t_usD_128K_8K" time elapsed: 00:00:00
----------------------------------------------------------

Unable to find executable: /home/cs144/cs144_nju/Lab0-2023Spring-attentionat/sponge/txrx.sh
81/166 Testing: t_usD_16_1
81/166 Test: t_usD_16_1
Command: "" "-usDd" "16" "-w" "1"
Directory: /home/cs144/cs144_nju/Lab0-2023Spring-attentionat/build
"t_usD_16_1" start time: 
Output:
----------------------------------------------------------
<end of output>
Test time =   0.00 sec
----------------------------------------------------------
Test Passed.
"t_usD_16_1" end time: Mar 15 01:42 PDT
"t_usD_16_1" time elapsed: 00:00:00
----------------------------------------------------------

Unable to find executable: /home/cs144/cs144_nju/Lab0-2023Spring-attentionat/sponge/txrx.sh
82/166 Testing: t_usD_32K_d
82/166 Test: t_usD_32K_d
Command: "" "-usDd" "32K"
Directory: /home/cs144/cs144_nju/Lab0-2023Spring-attentionat/build
"t_usD_32K_d" start time: 
Output:
----------------------------------------------------------
<end of output>
Test time =   0.00 sec
----------------------------------------------------------
Test Passed.
"t_usD_32K_d" end time: Mar 15 01:42 PDT
"t_usD_32K_d" time elapsed: 00:00:00
----------------------------------------------------------

Unable to find executable: /home/cs144/cs144_nju/Lab0-2023Spring-attentionat/sponge/txrx.sh
83/166 Testing: t_ucS_128K_8K_l
83/166 Test: t_ucS_128K_8K_l
Command: "" "-ucSd" "128K" "-w" "8K" "-l" "0.1"
Directory: /home/cs144/cs144_nju/Lab0-2023Spring-attentionat/build
"t_ucS_128K_8K_l" start time: 
Output:
----------------------------------------------------------
<end of output>
Test time =   0.00 sec
----------------------------------------------------------
Test Passed.
"t_ucS_128K_8K_l" end time: Mar 15 01:42 PDT
"t_ucS_128K_8K_l" time elapsed: 00:00:00
----------------------------------------------------------

Unable to find executable: /home/cs144/cs144_nju/Lab0-2023Spring-attentionat/sponge/txrx.sh
84/166 Testing: t_ucS_128K_8K_L
84/166 Test: t_ucS_128K_8K_L
Command: "" "-ucSd" "128K" "-w" "8K" "-L" "0.1"
Directory: /home/cs144/cs144_nju/Lab0-2023Spring-attentionat/build
"t_ucS_128K_8K_L" start time: 
Output:
----------------------------------------------------------
<end of output>
Test time =   0.00 sec
----------------------------------------------------------
Test Passed.
"t_ucS_128K_8K_L" end time: Mar 15 01:42 PDT
"t_ucS_128K_8K_L" time elapsed: 00:00:00
----------------------------------------------------------

Unable to find executable: /home/cs144/cs144_nju/Lab0-2023Spring-attentionat/sponge/txrx.sh
85/166 Testing: t_ucS_128K_8K_lL
85/166 Test: t_ucS_128K_8K_lL
Command: "" "-ucSd" "128K" "-w" "8K" "-l" "0.1" "-L" "0.1"
Directory: /home/cs144/cs144_nju/Lab0-2023Spring-attentionat/build
"t_ucS_128K_8K_lL" start time: 
Output:
----------------------------------------------------------
<end of output>
Test time =   0.00 sec
----------------------------------------------------------
Test Passed.
"t_ucS_128K_8K_lL" end time: Mar 15 01:42 PDT
"t_ucS_128K_8K_lL" time elapsed: 00:00:00
----------------------------------------------------------

Unable to find executable: /home/cs144/cs144_nju/Lab0-2023Spring-attentionat/sponge/txrx.sh
86/166 Testing: t_ucR_128K_8K_l
86/166 Test: t_ucR_128K_8K_l
Command: "" "-ucRd" "128K" "-w" "8K" "-l" "0.1"
Directory: /home/cs144/cs144_nju/Lab0-2023Spring-attentionat/build
"t_ucR_128K_8K_l" start time: 
Output:
----------------------------------------------------------
<end of output>
Test time =   0.00 sec
----------------------------------------------------------
Test Passed.
"t_ucR_128K_8K_l" end time: Mar 15 01:42 PDT
"t_ucR_128K_8K_l" time elapsed: 00:00:00
----------------------------------------------------------

Unable to find executable: /home/cs144/cs144_nju/Lab0-2023Spring-attentionat/sponge/txrx.sh
87/166 Testing: t_ucR_128K_8K_L
87/166 Test: t_ucR_128K_8K_L
Command: "" "-ucRd" "128K" "-w" "8K" "-L" "0.1"
Directory: /home/cs144/cs144_nju/Lab0-2023Spring-attentionat/build
"t_ucR_128K_8K_L" start time: 
Output:
----------------------------------------------------------
<end of output>
Test time =   0.00 sec
----------------------------------------------------------
Test Passed.
"t_ucR_128K_8K_L" end time: Mar 15 01:42 PDT
"t_ucR_128K_8K_L" time elapsed: 00:00:00
----------------------------------------------------------

Unable to find executable: /home/cs144/cs144_nju/Lab0-2023Spring-attentionat/sponge/txrx.sh
88/166 Testing: t_ucR_128K_8K_lL
88/166 Test: t_ucR_128K_8K_lL
Command: "" "-ucRd" "128K" "-w" "8K" "-l" "0.1" "-L" "0.1"
Directory: /home/cs144/cs144_nju/Lab0-2023Spring-attentionat/build
"t_ucR_128K_8K_lL" start time: 
Output:
----------------------------------------------------------
<end of output>
Test time =   0.00 sec
----------------------------------------------------------
Test Passed.
"t_ucR_128K_8K_lL" end time: Mar 15 01:42 PDT
"t_ucR_128K_8K_lL" time elapsed: 00:00:00
----------------------------------------------------------

Unable to find executable: /home/cs144/cs144_nju/Lab0-2023Spring-attentionat/sponge/txrx.sh
89/166 Testing: t_ucD_128K_8K_l
89/166 Test: t_ucD_128K_8K_l
Command: "" "-ucDd" "128K" "-w" "8K" "-l" "0.1"
Directory: /home/cs144/cs144_nju/Lab0-2023Spring-attentionat/build
"t_ucD_128K_8K_l" start time: 
Output:
----------------------------------------------------------
<end of output>
Test time =   0.00 sec
----------------------------------------------------------
Test Passed.
"t_ucD_128K_8K_l" end time: Mar 15 01:42 PDT
"t_ucD_128K_8K_l" time elapsed: 00:00:00
----------------------------------------------------------

Unable to find executable: /home/cs144/cs144_nju/Lab0-2023Spring-attentionat/sponge/txrx.sh
90/166 Testing: t_ucD_128K_8K_L
90/166 Test: t_ucD_128K_8K_L
Command: "" "-ucDd" "128K" "-w" "8K" "-L" "0.1"
Directory: /home/cs144/cs144_nju/Lab0-2023Spring-attentionat/build
"t_ucD_128K_8K_L" start time: 
Output:
----------------------------------------------------------
<end of output>
Test time =   0.00 sec
----------------------------------------------------------
Test Passed.
"t_ucD_128K_8K_L" end time: Mar 15 01:42 PDT
"t_ucD_128K_8K_L" time elapsed: 00:00:00
----------------------------------------------------------

Unable to find executable: /home/cs144/cs144_nju/Lab0-2023Spring-attentionat/sponge/txrx.sh
91/166 Testing: t_ucD_128K_8K_lL
91/166 Test: t_ucD_128K_8K_lL
Command: "" "-ucDd" "128K" "-w" "8K" "-l" "0.1" "-L" "0.1"
Directory: /home/cs144/cs144_nju/Lab0-2023Spring-attentionat/build
"t_ucD_128K_8K_lL" start time: 
Output:
----------------------------------------------------------
<end of output>
Test time =   0.00 sec
----------------------------------------------------------
Test Passed.
"t_ucD_128K_8K_lL" end time: Mar 15 01:42 PDT
"t_ucD_128K_8K_lL" time elapsed: 00:00:00
----------------------------------------------------------

Unable to find executable: /home/cs144/cs144_nju/Lab0-2023Spring-attentionat/sponge/txrx.sh
92/166 Testing: t_usS_128K_8K_l
92/166 Test: t_usS_128K_8K_l
Command: "" "-usSd" "128K" "-w" "8K" "-l" "0.1"
Directory: /home/cs144/cs144_nju/Lab0-2023Spring-attentionat/build
"t_usS_128K_8K_l" start time: 
Output:
----------------------------------------------------------
<end of output>
Test time =   0.00 sec
----------------------------------------------------------
Test Passed.
"t_usS_128K_8K_l" end time: Mar 15 01:42 PDT
"t_usS_128K_8K_l" time elapsed: 00:00:00
----------------------------------------------------------

Unable to find executable: /home/cs144/cs144_nju/Lab0-2023Spring-attentionat/sponge/txrx.sh
93/166 Testing: t_usS_128K_8K_L
93/166 Test: t_usS_128K_8K_L
Command: "" "-usSd" "128K" "-w" "8K" "-L" "0.1"
Directory: /home/cs144/cs144_nju/Lab0-2023Spring-attentionat/build
"t_usS_128K_8K_L" start time: 
Output:
----------------------------------------------------------
<end of output>
Test time =   0.00 sec
----------------------------------------------------------
Test Passed.
"t_usS_128K_8K_L" end time: Mar 15 01:42 PDT
"t_usS_128K_8K_L" time elapsed: 00:00:00
----------------------------------------------------------

Unable to find executable: /home/cs144/cs144_nju/Lab0-2023Spring-attentionat/sponge/txrx.sh
94/166 Testing: t_usS_128K_8K_lL
94/166 Test: t_usS_128K_8K_lL
Command: "" "-usSd" "128K" "-w" "8K" "-l" "0.1" "-L" "0.1"
Directory: /home/cs144/cs144_nju/Lab0-2023Spring-attentionat/build
"t_usS_128K_8K_lL" start time: 
Output:
----------------------------------------------------------
<end of output>
Test time =   0.00 sec
----------------------------------------------------------
Test Passed.
"t_usS_128K_8K_lL" end time: Mar 15 01:42 PDT
"t_usS_128K_8K_lL" time elapsed: 00:00:00
----------------------------------------------------------

Unable to find executable: /home/cs144/cs144_nju/Lab0-2023Spring-attentionat/sponge/txrx.sh
95/166 Testing: t_usR_128K_8K_l
95/166 Test: t_usR_128K_8K_l
Command: "" "-usRd" "128K" "-w" "8K" "-l" "0.1"
Directory: /home/cs144/cs144_nju/Lab0-2023Spring-attentionat/build
"t_usR_128K_8K_l" start time: 
Output:
----------------------------------------------------------
<end of output>
Test time =   0.00 sec
----------------------------------------------------------
Test Passed.
"t_usR_128K_8K_l" end time: Mar 15 01:42 PDT
"t_usR_128K_8K_l" time elapsed: 00:00:00
----------------------------------------------------------

Unable to find executable: /home/cs144/cs144_nju/Lab0-2023Spring-attentionat/sponge/txrx.sh
96/166 Testing: t_usR_128K_8K_L
96/166 Test: t_usR_128K_8K_L
Command: "" "-usRd" "128K" "-w" "8K" "-L" "0.1"
Directory: /home/cs144/cs144_nju/Lab0-2023Spring-attentionat/build
"t_usR_128K_8K_L" start time: 
Output:
----------------------------------------------------------
<end of output>
Test time =   0.00 sec
----------------------------------------------------------
Test Passed.
"t_usR_128K_8K_L" end time: Mar 15 01:42 PDT
"t_usR_128K_8K_L" time elapsed: 00:00:00
----------------------------------------------------------

Unable to find executable: /home/cs144/cs144_nju/Lab0-2023Spring-attentionat/sponge/txrx.sh
97/166 Testing: t_usR_128K_8K_lL
97/166 Test: t_usR_128K_8K_lL
Command: "" "-usRd" "128K" "-w" "8K" "-l" "0.1" "-L" "0.1"
Directory: /home/cs144/cs144_nju/Lab0-2023Spring-attentionat/build
"t_usR_128K_8K_lL" start time: 
Output:
----------------------------------------------------------
<end of output>
Test time =   0.00 sec
----------------------------------------------------------
Test Passed.
"t_usR_128K_8K_lL" end time: Mar 15 01:42 PDT
"t_usR_128K_8K_lL" time elapsed: 00:00:00
----------------------------------------------------------

Unable to find executable: /home/cs144/cs144_nju/Lab0-2023Spring-attentionat/sponge/txrx.sh
98/166 Testing: t_usD_128K_8K_l
98/166 Test: t_usD_128K_8K_l
Command: "" "-usDd" "128K" "-w" "8K" "-l" "0.1"
Directory: /home/cs144/cs144_nju/Lab0-2023Spring-attentionat/build
"t_usD_128K_8K_l" start time: 
Output:
----------------------------------------------------------
<end of output>
Test time =   0.00 sec
----------------------------------------------------------
Test Passed.
"t_usD_128K_8K_l" end time: Mar 15 01:42 PDT
"t_usD_128K_8K_l" time elapsed: 00:00:00
----------------------------------------------------------

Unable to find executable: /home/cs144/cs144_nju/Lab0-2023Spring-attentionat/sponge/txrx.sh
99/166 Testing: t_usD_128K_8K_L
99/166 Test: t_usD_128K_8K_L
Command: "" "-usDd" "128K" "-w" "8K" "-L" "0.1"
Directory: /home/cs144/cs144_nju/Lab0-2023Spring-attentionat/build
"t_usD_128K_8K_L" start time: 
Output:
----------------------------------------------------------
<end of output>
Test time =   0.00 sec
----------------------------------------------------------
Test Passed.
"t_usD_128K_8K_L" end time: Mar 15 01:42 PDT
"t_usD_128K_8K_L" time elapsed: 00:00:00
----------------------------------------------------------

Unable to find executable: /home/cs144/cs144_nju/Lab0-2023Spring-attentionat/sponge/txrx.sh
100/166 Testing: t_usD_128K_8K_lL
100/166 Test: t_usD_128K_8K_lL
Command: "" "-usDd" "128K" "-w" "8K" "-l" "0.1" "-L" "0.1"
Directory: /home/cs144/cs144_nju/Lab0-2023Spring-attentionat/build
"t_usD_128K_8K_lL" start time: 
Output:
----------------------------------------------------------
<end of output>
Test time =   0.00 sec
----------------------------------------------------------
Test Passed.
"t_usD_128K_8K_lL" end time: Mar 15 01:42 PDT
"t_usD_128K_8K_lL" time elapsed: 00:00:00
----------------------------------------------------------

Unable to find executable: /home/cs144/cs144_nju/Lab0-2023Spring-attentionat/sponge/txrx.sh
101/166 Testing: t_ipv4_client_send
101/166 Test: t_ipv4_client_send
Command: "" "-icS"
Directory: /home/cs144/cs144_nju/Lab0-2023Spring-attentionat/build
"t_ipv4_client_send" start time: 
Output:
----------------------------------------------------------
<end of output>
Test time =   0.00 sec
----------------------------------------------------------
Test Passed.
"t_ipv4_client_send" end time: Mar 15 01:42 PDT
"t_ipv4_client_send" time elapsed: 00:00:00
----------------------------------------------------------

Unable to find executable: /home/cs144/cs144_nju/Lab0-2023Spring-attentionat/sponge/txrx.sh
102/166 Testing: t_ipv4_server_send
102/166 Test: t_ipv4_server_send
Command: "" "-isS"
Directory: /home/cs144/cs144_nju/Lab0-2023Spring-attentionat/build
"t_ipv4_server_send" start time: 
Output:
----------------------------------------------------------
<end of output>
Test time =   0.00 sec
----------------------------------------------------------
Test Passed.
"t_ipv4_server_send" end time: Mar 15 01:42 PDT
"t_ipv4_server_send" time elapsed: 00:00:00
----------------------------------------------------------

Unable to find executable: /home/cs144/cs144_nju/Lab0-2023Spring-attentionat/sponge/txrx.sh
103/166 Testing: t_ipv4_client_recv
103/166 Test: t_ipv4_client_recv
Command: "" "-icR"
Directory: /home/cs144/cs144_nju/Lab0-2023Spring-attentionat/build
"t_ipv4_client_recv" start time: 
Output:
----------------------------------------------------------
<end of output>
Test time =   0.00 sec
----------------------------------------------------------
Test Passed.
"t_ipv4_client_recv" end time: Mar 15 01:42 PDT
"t_ipv4_client_recv" time elapsed: 00:00:00
----------------------------------------------------------

Unable to find executable: /home/cs144/cs144_nju/Lab0-2023Spring-attentionat/sponge/txrx.sh
104/166 Testing: t_ipv4_server_recv
104/166 Test: t_ipv4_server_recv
Command: "" "-isR"
Directory: /home/cs144/cs144_nju/Lab0-2023Spring-attentionat/build
"t_ipv4_server_recv" start time: 
Output:
----------------------------------------------------------
<end of output>
Test time =   0.00 sec
----------------------------------------------------------
Test Passed.
"t_ipv4_server_recv" end time: Mar 15 01:42 PDT
"t_ipv4_server_recv" time elapsed: 00:00:00
----------------------------------------------------------

Unable to find executable: /home/cs144/cs144_nju/Lab0-2023Spring-attentionat/sponge/txrx.sh
105/166 Testing: t_ipv4_client_dupl
105/166 Test: t_ipv4_client_dupl
Command: "" "-icD"
Directory: /home/cs144/cs144_nju/Lab0-2023Spring-attentionat/build
"t_ipv4_client_dupl" start time: 
Output:
----------------------------------------------------------
<end of output>
Test time =   0.00 sec
----------------------------------------------------------
Test Passed.
"t_ipv4_client_dupl" end time: Mar 15 01:42 PDT
"t_ipv4_client_dupl" time elapsed: 00:00:00
----------------------------------------------------------

Unable to find executable: /home/cs144/cs144_nju/Lab0-2023Spring-attentionat/sponge/txrx.sh
106/166 Testing: t_ipv4_server_dupl
106/166 Test: t_ipv4_server_dupl
Command: "" "-isD"
Directory: /home/cs144/cs144_nju/Lab0-2023Spring-attentionat/build
"t_ipv4_server_dupl" start time: 
Output:
----------------------------------------------------------
<end of output>
Test time =   0.00 sec
----------------------------------------------------------
Test Passed.
"t_ipv4_server_dupl" end time: Mar 15 01:42 PDT
"t_ipv4_server_dupl" time elapsed: 00:00:00
----------------------------------------------------------

Unable to find executable: /home/cs144/cs144_nju/Lab0-2023Spring-attentionat/sponge/txrx.sh
107/166 Testing: t_icS_1M_32k
107/166 Test: t_icS_1M_32k
Command: "" "-icSd" "1M" "-w" "32K"
Directory: /home/cs144/cs144_nju/Lab0-2023Spring-attentionat/build
"t_icS_1M_32k" start time: 
Output:
----------------------------------------------------------
<end of output>
Test time =   0.00 sec
----------------------------------------------------------
Test Passed.
"t_icS_1M_32k" end time: Mar 15 01:42 PDT
"t_icS_1M_32k" time elapsed: 00:00:00
----------------------------------------------------------

Unable to find executable: /home/cs144/cs144_nju/Lab0-2023Spring-attentionat/sponge/txrx.sh
108/166 Testing: t_icS_128K_8K
108/166 Test: t_icS_128K_8K
Command: "" "-icSd" "128K" "-w" "8K"
Directory: /home/cs144/cs144_nju/Lab0-2023Spring-attentionat/build
"t_icS_128K_8K" start time: 
Output:
----------------------------------------------------------
<end of output>
Test time =   0.00 sec
----------------------------------------------------------
Test Passed.
"t_icS_128K_8K" end time: Mar 15 01:42 PDT
"t_icS_128K_8K" time elapsed: 00:00:00
----------------------------------------------------------

Unable to find executable: /home/cs144/cs144_nju/Lab0-2023Spring-attentionat/sponge/txrx.sh
109/166 Testing: t_icS_16_1
109/166 Test: t_icS_16_1
Command: "" "-icSd" "16" "-w" "1"
Directory: /home/cs144/cs144_nju/Lab0-2023Spring-attentionat/build
"t_icS_16_1" start time: 
Output:
----------------------------------------------------------
<end of output>
Test time =   0.00 sec
----------------------------------------------------------
Test Passed.
"t_icS_16_1" end time: Mar 15 01:42 PDT
"t_icS_16_1" time elapsed: 00:00:00
----------------------------------------------------------

Unable to find executable: /home/cs144/cs144_nju/Lab0-2023Spring-attentionat/sponge/txrx.sh
110/166 Testing: t_icS_32K_d
110/166 Test: t_icS_32K_d
Command: "" "-icSd" "32K"
Directory: /home/cs144/cs144_nju/Lab0-2023Spring-attentionat/build
"t_icS_32K_d" start time: 
Output:
----------------------------------------------------------
<end of output>
Test time =   0.00 sec
----------------------------------------------------------
Test Passed.
"t_icS_32K_d" end time: Mar 15 01:42 PDT
"t_icS_32K_d" time elapsed: 00:00:00
----------------------------------------------------------

Unable to find executable: /home/cs144/cs144_nju/Lab0-2023Spring-attentionat/sponge/txrx.sh
111/166 Testing: t_icR_1M_32k
111/166 Test: t_icR_1M_32k
Command: "" "-icRd" "1M" "-w" "32K"
Directory: /home/cs144/cs144_nju/Lab0-2023Spring-attentionat/build
"t_icR_1M_32k" start time: 
Output:
----------------------------------------------------------
<end of output>
Test time =   0.00 sec
----------------------------------------------------------
Test Passed.
"t_icR_1M_32k" end time: Mar 15 01:42 PDT
"t_icR_1M_32k" time elapsed: 00:00:00
----------------------------------------------------------

Unable to find executable: /home/cs144/cs144_nju/Lab0-2023Spring-attentionat/sponge/txrx.sh
112/166 Testing: t_icR_128K_8K
112/166 Test: t_icR_128K_8K
Command: "" "-icRd" "128K" "-w" "8K"
Directory: /home/cs144/cs144_nju/Lab0-2023Spring-attentionat/build
"t_icR_128K_8K" start time: 
Output:
----------------------------------------------------------
<end of output>
Test time =   0.00 sec
----------------------------------------------------------
Test Passed.
"t_icR_128K_8K" end time: Mar 15 01:42 PDT
"t_icR_128K_8K" time elapsed: 00:00:00
----------------------------------------------------------

Unable to find executable: /home/cs144/cs144_nju/Lab0-2023Spring-attentionat/sponge/txrx.sh
113/166 Testing: t_icR_16_1
113/166 Test: t_icR_16_1
Command: "" "-icRd" "16" "-w" "1"
Directory: /home/cs144/cs144_nju/Lab0-2023Spring-attentionat/build
"t_icR_16_1" start time: 
Output:
----------------------------------------------------------
<end of output>
Test time =   0.00 sec
----------------------------------------------------------
Test Passed.
"t_icR_16_1" end time: Mar 15 01:42 PDT
"t_icR_16_1" time elapsed: 00:00:00
----------------------------------------------------------

Unable to find executable: /home/cs144/cs144_nju/Lab0-2023Spring-attentionat/sponge/txrx.sh
114/166 Testing: t_icR_32K_d
114/166 Test: t_icR_32K_d
Command: "" "-icRd" "32K"
Directory: /home/cs144/cs144_nju/Lab0-2023Spring-attentionat/build
"t_icR_32K_d" start time: 
Output:
----------------------------------------------------------
<end of output>
Test time =   0.00 sec
----------------------------------------------------------
Test Passed.
"t_icR_32K_d" end time: Mar 15 01:42 PDT
"t_icR_32K_d" time elapsed: 00:00:00
----------------------------------------------------------

Unable to find executable: /home/cs144/cs144_nju/Lab0-2023Spring-attentionat/sponge/txrx.sh
115/166 Testing: t_icD_1M_32k
115/166 Test: t_icD_1M_32k
Command: "" "-icDd" "1M" "-w" "32K"
Directory: /home/cs144/cs144_nju/Lab0-2023Spring-attentionat/build
"t_icD_1M_32k" start time: 
Output:
----------------------------------------------------------
<end of output>
Test time =   0.00 sec
----------------------------------------------------------
Test Passed.
"t_icD_1M_32k" end time: Mar 15 01:42 PDT
"t_icD_1M_32k" time elapsed: 00:00:00
----------------------------------------------------------

Unable to find executable: /home/cs144/cs144_nju/Lab0-2023Spring-attentionat/sponge/txrx.sh
116/166 Testing: t_icD_128K_8K
116/166 Test: t_icD_128K_8K
Command: "" "-icDd" "128K" "-w" "8K"
Directory: /home/cs144/cs144_nju/Lab0-2023Spring-attentionat/build
"t_icD_128K_8K" start time: 
Output:
----------------------------------------------------------
<end of output>
Test time =   0.00 sec
----------------------------------------------------------
Test Passed.
"t_icD_128K_8K" end time: Mar 15 01:42 PDT
"t_icD_128K_8K" time elapsed: 00:00:00
----------------------------------------------------------

Unable to find executable: /home/cs144/cs144_nju/Lab0-2023Spring-attentionat/sponge/txrx.sh
117/166 Testing: t_icD_16_1
117/166 Test: t_icD_16_1
Command: "" "-icDd" "16" "-w" "1"
Directory: /home/cs144/cs144_nju/Lab0-2023Spring-attentionat/build
"t_icD_16_1" start time: 
Output:
----------------------------------------------------------
<end of output>
Test time =   0.00 sec
----------------------------------------------------------
Test Passed.
"t_icD_16_1" end time: Mar 15 01:42 PDT
"t_icD_16_1" time elapsed: 00:00:00
----------------------------------------------------------

Unable to find executable: /home/cs144/cs144_nju/Lab0-2023Spring-attentionat/sponge/txrx.sh
118/166 Testing: t_icD_32K_d
118/166 Test: t_icD_32K_d
Command: "" "-icDd" "32K"
Directory: /home/cs144/cs144_nju/Lab0-2023Spring-attentionat/build
"t_icD_32K_d" start time: 
Output:
----------------------------------------------------------
<end of output>
Test time =   0.00 sec
----------------------------------------------------------
Test Passed.
"t_icD_32K_d" end time: Mar 15 01:42 PDT
"t_icD_32K_d" time elapsed: 00:00:00
----------------------------------------------------------

Unable to find executable: /home/cs144/cs144_nju/Lab0-2023Spring-attentionat/sponge/txrx.sh
119/166 Testing: t_isS_1M_32k
119/166 Test: t_isS_1M_32k
Command: "" "-isSd" "1M" "-w" "32K"
Directory: /home/cs144/cs144_nju/Lab0-2023Spring-attentionat/build
"t_isS_1M_32k" start time: 
Output:
----------------------------------------------------------
<end of output>
Test time =   0.00 sec
----------------------------------------------------------
Test Passed.
"t_isS_1M_32k" end time: Mar 15 01:42 PDT
"t_isS_1M_32k" time elapsed: 00:00:00
----------------------------------------------------------

Unable to find executable: /home/cs144/cs144_nju/Lab0-2023Spring-attentionat/sponge/txrx.sh
120/166 Testing: t_isS_128K_8K
120/166 Test: t_isS_128K_8K
Command: "" "-isSd" "128K" "-w" "8K"
Directory: /home/cs144/cs144_nju/Lab0-2023Spring-attentionat/build
"t_isS_128K_8K" start time: 
Output:
----------------------------------------------------------
<end of output>
Test time =   0.00 sec
----------------------------------------------------------
Test Passed.
"t_isS_128K_8K" end time: Mar 15 01:42 PDT
"t_isS_128K_8K" time elapsed: 00:00:00
----------------------------------------------------------

Unable to find executable: /home/cs144/cs144_nju/Lab0-2023Spring-attentionat/sponge/txrx.sh
121/166 Testing: t_isS_16_1
121/166 Test: t_isS_16_1
Command: "" "-isSd" "16" "-w" "1"
Directory: /home/cs144/cs144_nju/Lab0-2023Spring-attentionat/build
"t_isS_16_1" start time: 
Output:
----------------------------------------------------------
<end of output>
Test time =   0.00 sec
----------------------------------------------------------
Test Passed.
"t_isS_16_1" end time: Mar 15 01:42 PDT
"t_isS_16_1" time elapsed: 00:00:00
----------------------------------------------------------

Unable to find executable: /home/cs144/cs144_nju/Lab0-2023Spring-attentionat/sponge/txrx.sh
122/166 Testing: t_isS_32K_d
122/166 Test: t_isS_32K_d
Command: "" "-isSd" "32K"
Directory: /home/cs144/cs144_nju/Lab0-2023Spring-attentionat/build
"t_isS_32K_d" start time: 
Output:
----------------------------------------------------------
<end of output>
Test time =   0.00 sec
----------------------------------------------------------
Test Passed.
"t_isS_32K_d" end time: Mar 15 01:42 PDT
"t_isS_32K_d" time elapsed: 00:00:00
----------------------------------------------------------

Unable to find executable: /home/cs144/cs144_nju/Lab0-2023Spring-attentionat/sponge/txrx.sh
123/166 Testing: t_isR_1M_32k
123/166 Test: t_isR_1M_32k
Command: "" "-isRd" "1M" "-w" "32K"
Directory: /home/cs144/cs144_nju/Lab0-2023Spring-attentionat/build
"t_isR_1M_32k" start time: 
Output:
----------------------------------------------------------
<end of output>
Test time =   0.00 sec
----------------------------------------------------------
Test Passed.
"t_isR_1M_32k" end time: Mar 15 01:42 PDT
"t_isR_1M_32k" time elapsed: 00:00:00
----------------------------------------------------------

Unable to find executable: /home/cs144/cs144_nju/Lab0-2023Spring-attentionat/sponge/txrx.sh
124/166 Testing: t_isR_128K_8K
124/166 Test: t_isR_128K_8K
Command: "" "-isRd" "128K" "-w" "8K"
Directory: /home/cs144/cs144_nju/Lab0-2023Spring-attentionat/build
"t_isR_128K_8K" start time: 
Output:
----------------------------------------------------------
<end of output>
Test time =   0.00 sec
----------------------------------------------------------
Test Passed.
"t_isR_128K_8K" end time: Mar 15 01:42 PDT
"t_isR_128K_8K" time elapsed: 00:00:00
----------------------------------------------------------

Unable to find executable: /home/cs144/cs144_nju/Lab0-2023Spring-attentionat/sponge/txrx.sh
125/166 Testing: t_isR_16_1
125/166 Test: t_isR_16_1
Command: "" "-isRd" "16" "-w" "1"
Directory: /home/cs144/cs144_nju/Lab0-2023Spring-attentionat/build
"t_isR_16_1" start time: 
Output:
----------------------------------------------------------
<end of output>
Test time =   0.00 sec
----------------------------------------------------------
Test Passed.
"t_isR_16_1" end time: Mar 15 01:42 PDT
"t_isR_16_1" time elapsed: 00:00:00
----------------------------------------------------------

Unable to find executable: /home/cs144/cs144_nju/Lab0-2023Spring-attentionat/sponge/txrx.sh
126/166 Testing: t_isR_32K_d
126/166 Test: t_isR_32K_d
Command: "" "-isRd" "32K"
Directory: /home/cs144/cs144_nju/Lab0-2023Spring-attentionat/build
"t_isR_32K_d" start time: 
Output:
----------------------------------------------------------
<end of output>
Test time =   0.00 sec
----------------------------------------------------------
Test Passed.
"t_isR_32K_d" end time: Mar 15 01:42 PDT
"t_isR_32K_d" time elapsed: 00:00:00
----------------------------------------------------------

Unable to find executable: /home/cs144/cs144_nju/Lab0-2023Spring-attentionat/sponge/txrx.sh
127/166 Testing: t_isD_1M_32k
127/166 Test: t_isD_1M_32k
Command: "" "-isDd" "1M" "-w" "32K"
Directory: /home/cs144/cs144_nju/Lab0-2023Spring-attentionat/build
"t_isD_1M_32k" start time: 
Output:
----------------------------------------------------------
<end of output>
Test time =   0.00 sec
----------------------------------------------------------
Test Passed.
"t_isD_1M_32k" end time: Mar 15 01:42 PDT
"t_isD_1M_32k" time elapsed: 00:00:00
----------------------------------------------------------

Unable to find executable: /home/cs144/cs144_nju/Lab0-2023Spring-attentionat/sponge/txrx.sh
128/166 Testing: t_isD_128K_8K
128/166 Test: t_isD_128K_8K
Command: "" "-isDd" "128K" "-w" "8K"
Directory: /home/cs144/cs144_nju/Lab0-2023Spring-attentionat/build
"t_isD_128K_8K" start time: 
Output:
----------------------------------------------------------
<end of output>
Test time =   0.00 sec
----------------------------------------------------------
Test Passed.
"t_isD_128K_8K" end time: Mar 15 01:42 PDT
"t_isD_128K_8K" time elapsed: 00:00:00
----------------------------------------------------------

Unable to find executable: /home/cs144/cs144_nju/Lab0-2023Spring-attentionat/sponge/txrx.sh
129/166 Testing: t_isD_16_1
129/166 Test: t_isD_16_1
Command: "" "-isDd" "16" "-w" "1"
Directory: /home/cs144/cs144_nju/Lab0-2023Spring-attentionat/build
"t_isD_16_1" start time: 
Output:
----------------------------------------------------------
<end of output>
Test time =   0.00 sec
----------------------------------------------------------
Test Passed.
"t_isD_16_1" end time: Mar 15 01:42 PDT
"t_isD_16_1" time elapsed: 00:00:00
----------------------------------------------------------

Unable to find executable: /home/cs144/cs144_nju/Lab0-2023Spring-attentionat/sponge/txrx.sh
130/166 Testing: t_isD_32K_d
130/166 Test: t_isD_32K_d
Command: "" "-isDd" "32K"
Directory: /home/cs144/cs144_nju/Lab0-2023Spring-attentionat/build
"t_isD_32K_d" start time: 
Output:
----------------------------------------------------------
<end of output>
Test time =   0.00 sec
----------------------------------------------------------
Test Passed.
"t_isD_32K_d" end time: Mar 15 01:42 PDT
"t_isD_32K_d" time elapsed: 00:00:00
----------------------------------------------------------

Unable to find executable: /home/cs144/cs144_nju/Lab0-2023Spring-attentionat/sponge/txrx.sh
131/166 Testing: t_icS_128K_8K_l
131/166 Test: t_icS_128K_8K_l
Command: "" "-icSd" "128K" "-w" "8K" "-l" "0.1"
Directory: /home/cs144/cs144_nju/Lab0-2023Spring-attentionat/build
"t_icS_128K_8K_l" start time: 
Output:
----------------------------------------------------------
<end of output>
Test time =   0.00 sec
----------------------------------------------------------
Test Passed.
"t_icS_128K_8K_l" end time: Mar 15 01:42 PDT
"t_icS_128K_8K_l" time elapsed: 00:00:00
----------------------------------------------------------

Unable to find executable: /home/cs144/cs144_nju/Lab0-2023Spring-attentionat/sponge/txrx.sh
132/166 Testing: t_icS_128K_8K_L
132/166 Test: t_icS_128K_8K_L
Command: "" "-icSd" "128K" "-w" "8K" "-L" "0.1"
Directory: /home/cs144/cs144_nju/Lab0-2023Spring-attentionat/build
"t_icS_128K_8K_L" start time: 
Output:
----------------------------------------------------------
<end of output>
Test time =   0.00 sec
----------------------------------------------------------
Test Passed.
"t_icS_128K_8K_L" end time: Mar 15 01:42 PDT
"t_icS_128K_8K_L" time elapsed: 00:00:00
----------------------------------------------------------

Unable to find executable: /home/cs144/cs144_nju/Lab0-2023Spring-attentionat/sponge/txrx.sh
133/166 Testing: t_icS_128K_8K_lL
133/166 Test: t_icS_128K_8K_lL
Command: "" "-icSd" "128K" "-w" "8K" "-l" "0.1" "-L" "0.1"
Directory: /home/cs144/cs144_nju/Lab0-2023Spring-attentionat/build
"t_icS_128K_8K_lL" start time: 
Output:
----------------------------------------------------------
<end of output>
Test time =   0.00 sec
----------------------------------------------------------
Test Passed.
"t_icS_128K_8K_lL" end time: Mar 15 01:42 PDT
"t_icS_128K_8K_lL" time elapsed: 00:00:00
----------------------------------------------------------

Unable to find executable: /home/cs144/cs144_nju/Lab0-2023Spring-attentionat/sponge/txrx.sh
134/166 Testing: t_icR_128K_8K_l
134/166 Test: t_icR_128K_8K_l
Command: "" "-icRd" "128K" "-w" "8K" "-l" "0.1"
Directory: /home/cs144/cs144_nju/Lab0-2023Spring-attentionat/build
"t_icR_128K_8K_l" start time: 
Output:
----------------------------------------------------------
<end of output>
Test time =   0.00 sec
----------------------------------------------------------
Test Passed.
"t_icR_128K_8K_l" end time: Mar 15 01:42 PDT
"t_icR_128K_8K_l" time elapsed: 00:00:00
----------------------------------------------------------

Unable to find executable: /home/cs144/cs144_nju/Lab0-2023Spring-attentionat/sponge/txrx.sh
135/166 Testing: t_icR_128K_8K_L
135/166 Test: t_icR_128K_8K_L
Command: "" "-icRd" "128K" "-w" "8K" "-L" "0.1"
Directory: /home/cs144/cs144_nju/Lab0-2023Spring-attentionat/build
"t_icR_128K_8K_L" start time: 
Output:
----------------------------------------------------------
<end of output>
Test time =   0.00 sec
----------------------------------------------------------
Test Passed.
"t_icR_128K_8K_L" end time: Mar 15 01:42 PDT
"t_icR_128K_8K_L" time elapsed: 00:00:00
----------------------------------------------------------

Unable to find executable: /home/cs144/cs144_nju/Lab0-2023Spring-attentionat/sponge/txrx.sh
136/166 Testing: t_icR_128K_8K_lL
136/166 Test: t_icR_128K_8K_lL
Command: "" "-icRd" "128K" "-w" "8K" "-l" "0.1" "-L" "0.1"
Directory: /home/cs144/cs144_nju/Lab0-2023Spring-attentionat/build
"t_icR_128K_8K_lL" start time: 
Output:
----------------------------------------------------------
<end of output>
Test time =   0.00 sec
----------------------------------------------------------
Test Passed.
"t_icR_128K_8K_lL" end time: Mar 15 01:42 PDT
"t_icR_128K_8K_lL" time elapsed: 00:00:00
----------------------------------------------------------

Unable to find executable: /home/cs144/cs144_nju/Lab0-2023Spring-attentionat/sponge/txrx.sh
137/166 Testing: t_icD_128K_8K_l
137/166 Test: t_icD_128K_8K_l
Command: "" "-icDd" "128K" "-w" "8K" "-l" "0.1"
Directory: /home/cs144/cs144_nju/Lab0-2023Spring-attentionat/build
"t_icD_128K_8K_l" start time: 
Output:
----------------------------------------------------------
<end of output>
Test time =   0.00 sec
----------------------------------------------------------
Test Passed.
"t_icD_128K_8K_l" end time: Mar 15 01:42 PDT
"t_icD_128K_8K_l" time elapsed: 00:00:00
----------------------------------------------------------

Unable to find executable: /home/cs144/cs144_nju/Lab0-2023Spring-attentionat/sponge/txrx.sh
138/166 Testing: t_icD_128K_8K_L
138/166 Test: t_icD_128K_8K_L
Command: "" "-icDd" "128K" "-w" "8K" "-L" "0.1"
Directory: /home/cs144/cs144_nju/Lab0-2023Spring-attentionat/build
"t_icD_128K_8K_L" start time: 
Output:
----------------------------------------------------------
<end of output>
Test time =   0.00 sec
----------------------------------------------------------
Test Passed.
"t_icD_128K_8K_L" end time: Mar 15 01:42 PDT
"t_icD_128K_8K_L" time elapsed: 00:00:00
----------------------------------------------------------

Unable to find executable: /home/cs144/cs144_nju/Lab0-2023Spring-attentionat/sponge/txrx.sh
139/166 Testing: t_icD_128K_8K_lL
139/166 Test: t_icD_128K_8K_lL
Command: "" "-icDd" "128K" "-w" "8K" "-l" "0.1" "-L" "0.1"
Directory: /home/cs144/cs144_nju/Lab0-2023Spring-attentionat/build
"t_icD_128K_8K_lL" start time: 
Output:
----------------------------------------------------------
<end of output>
Test time =   0.00 sec
----------------------------------------------------------
Test Passed.
"t_icD_128K_8K_lL" end time: Mar 15 01:42 PDT
"t_icD_128K_8K_lL" time elapsed: 00:00:00
----------------------------------------------------------

Unable to find executable: /home/cs144/cs144_nju/Lab0-2023Spring-attentionat/sponge/txrx.sh
140/166 Testing: t_isS_128K_8K_l
140/166 Test: t_isS_128K_8K_l
Command: "" "-isSd" "128K" "-w" "8K" "-l" "0.1"
Directory: /home/cs144/cs144_nju/Lab0-2023Spring-attentionat/build
"t_isS_128K_8K_l" start time: 
Output:
----------------------------------------------------------
<end of output>
Test time =   0.00 sec
----------------------------------------------------------
Test Passed.
"t_isS_128K_8K_l" end time: Mar 15 01:42 PDT
"t_isS_128K_8K_l" time elapsed: 00:00:00
----------------------------------------------------------

Unable to find executable: /home/cs144/cs144_nju/Lab0-2023Spring-attentionat/sponge/txrx.sh
141/166 Testing: t_isS_128K_8K_L
141/166 Test: t_isS_128K_8K_L
Command: "" "-isSd" "128K" "-w" "8K" "-L" "0.1"
Directory: /home/cs144/cs144_nju/Lab0-2023Spring-attentionat/build
"t_isS_128K_8K_L" start time: 
Output:
----------------------------------------------------------
<end of output>
Test time =   0.00 sec
----------------------------------------------------------
Test Passed.
"t_isS_128K_8K_L" end time: Mar 15 01:42 PDT
"t_isS_128K_8K_L" time elapsed: 00:00:00
----------------------------------------------------------

Unable to find executable: /home/cs144/cs144_nju/Lab0-2023Spring-attentionat/sponge/txrx.sh
142/166 Testing: t_isS_128K_8K_lL
142/166 Test: t_isS_128K_8K_lL
Command: "" "-isSd" "128K" "-w" "8K" "-l" "0.1" "-L" "0.1"
Directory: /home/cs144/cs144_nju/Lab0-2023Spring-attentionat/build
"t_isS_128K_8K_lL" start time: 
Output:
----------------------------------------------------------
<end of output>
Test time =   0.00 sec
----------------------------------------------------------
Test Passed.
"t_isS_128K_8K_lL" end time: Mar 15 01:42 PDT
"t_isS_128K_8K_lL" time elapsed: 00:00:00
----------------------------------------------------------

Unable to find executable: /home/cs144/cs144_nju/Lab0-2023Spring-attentionat/sponge/txrx.sh
143/166 Testing: t_isR_128K_8K_l
143/166 Test: t_isR_128K_8K_l
Command: "" "-isRd" "128K" "-w" "8K" "-l" "0.1"
Directory: /home/cs144/cs144_nju/Lab0-2023Spring-attentionat/build
"t_isR_128K_8K_l" start time: 
Output:
----------------------------------------------------------
<end of output>
Test time =   0.00 sec
----------------------------------------------------------
Test Passed.
"t_isR_128K_8K_l" end time: Mar 15 01:42 PDT
"t_isR_128K_8K_l" time elapsed: 00:00:00
----------------------------------------------------------

Unable to find executable: /home/cs144/cs144_nju/Lab0-2023Spring-attentionat/sponge/txrx.sh
144/166 Testing: t_isR_128K_8K_L
144/166 Test: t_isR_128K_8K_L
Command: "" "-isRd" "128K" "-w" "8K" "-L" "0.1"
Directory: /home/cs144/cs144_nju/Lab0-2023Spring-attentionat/build
"t_isR_128K_8K_L" start time: 
Output:
----------------------------------------------------------
<end of output>
Test time =   0.00 sec
----------------------------------------------------------
Test Passed.
"t_isR_128K_8K_L" end time: Mar 15 01:42 PDT
"t_isR_128K_8K_L" time elapsed: 00:00:00
----------------------------------------------------------

Unable to find executable: /home/cs144/cs144_nju/Lab0-2023Spring-attentionat/sponge/txrx.sh
145/166 Testing: t_isR_128K_8K_lL
145/166 Test: t_isR_128K_8K_lL
Command: "" "-isRd" "128K" "-w" "8K" "-l" "0.1" "-L" "0.1"
Directory: /home/cs144/cs144_nju/Lab0-2023Spring-attentionat/build
"t_isR_128K_8K_lL" start time: 
Output:
----------------------------------------------------------
<end of output>
Test time =   0.00 sec
----------------------------------------------------------
Test Passed.
"t_isR_128K_8K_lL" end time: Mar 15 01:42 PDT
"t_isR_128K_8K_lL" time elapsed: 00:00:00
----------------------------------------------------------

Unable to find executable: /home/cs144/cs144_nju/Lab0-2023Spring-attentionat/sponge/txrx.sh
146/166 Testing: t_isD_128K_8K_l
146/166 Test: t_isD_128K_8K_l
Command: "" "-isDd" "128K" "-w" "8K" "-l" "0.1"
Directory: /home/cs144/cs144_nju/Lab0-2023Spring-attentionat/build
"t_isD_128K_8K_l" start time: 
Output:
----------------------------------------------------------
<end of output>
Test time =   0.00 sec
----------------------------------------------------------
Test Passed.
"t_isD_128K_8K_l" end time: Mar 15 01:42 PDT
"t_isD_128K_8K_l" time elapsed: 00:00:00
----------------------------------------------------------

Unable to find executable: /home/cs144/cs144_nju/Lab0-2023Spring-attentionat/sponge/txrx.sh
147/166 Testing: t_isD_128K_8K_L
147/166 Test: t_isD_128K_8K_L
Command: "" "-isDd" "128K" "-w" "8K" "-L" "0.1"
Directory: /home/cs144/cs144_nju/Lab0-2023Spring-attentionat/build
"t_isD_128K_8K_L" start time: 
Output:
----------------------------------------------------------
<end of output>
Test time =   0.00 sec
----------------------------------------------------------
Test Passed.
"t_isD_128K_8K_L" end time: Mar 15 01:42 PDT
"t_isD_128K_8K_L" time elapsed: 00:00:00
----------------------------------------------------------

Unable to find executable: /home/cs144/cs144_nju/Lab0-2023Spring-attentionat/sponge/txrx.sh
148/166 Testing: t_isD_128K_8K_lL
148/166 Test: t_isD_128K_8K_lL
Command: "" "-isDd" "128K" "-w" "8K" "-l" "0.1" "-L" "0.1"
Directory: /home/cs144/cs144_nju/Lab0-2023Spring-attentionat/build
"t_isD_128K_8K_lL" start time: 
Output:
----------------------------------------------------------
<end of output>
Test time =   0.00 sec
----------------------------------------------------------
Test Passed.
"t_isD_128K_8K_lL" end time: Mar 15 01:42 PDT
"t_isD_128K_8K_lL" time elapsed: 00:00:00
----------------------------------------------------------

Unable to find executable: /home/cs144/cs144_nju/Lab0-2023Spring-attentionat/sponge/txrx.sh
149/166 Testing: t_icnS_128K_8K_l
149/166 Test: t_icnS_128K_8K_l
Command: "" "-icSnd" "128K" "-w" "8K" "-l" "0.1"
Directory: /home/cs144/cs144_nju/Lab0-2023Spring-attentionat/build
"t_icnS_128K_8K_l" start time: 
Output:
----------------------------------------------------------
<end of output>
Test time =   0.00 sec
----------------------------------------------------------
Test Passed.
"t_icnS_128K_8K_l" end time: Mar 15 01:42 PDT
"t_icnS_128K_8K_l" time elapsed: 00:00:00
----------------------------------------------------------

Unable to find executable: /home/cs144/cs144_nju/Lab0-2023Spring-attentionat/sponge/txrx.sh
150/166 Testing: t_icnS_128K_8K_L
150/166 Test: t_icnS_128K_8K_L
Command: "" "-icSnd" "128K" "-w" "8K" "-L" "0.1"
Directory: /home/cs144/cs144_nju/Lab0-2023Spring-attentionat/build
"t_icnS_128K_8K_L" start time: 
Output:
----------------------------------------------------------
<end of output>
Test time =   0.00 sec
----------------------------------------------------------
Test Passed.
"t_icnS_128K_8K_L" end time: Mar 15 01:42 PDT
"t_icnS_128K_8K_L" time elapsed: 00:00:00
----------------------------------------------------------

Unable to find executable: /home/cs144/cs144_nju/Lab0-2023Spring-attentionat/sponge/txrx.sh
151/166 Testing: t_icnS_128K_8K_lL
151/166 Test: t_icnS_128K_8K_lL
Command: "" "-icSnd" "128K" "-w" "8K" "-l" "0.1" "-L" "0.1"
Directory: /home/cs144/cs144_nju/Lab0-2023Spring-attentionat/build
"t_icnS_128K_8K_lL" start time: 
Output:
----------------------------------------------------------
<end of output>
Test time =   0.00 sec
----------------------------------------------------------
Test Passed.
"t_icnS_128K_8K_lL" end time: Mar 15 01:42 PDT
"t_icnS_128K_8K_lL" time elapsed: 00:00:00
----------------------------------------------------------

Unable to find executable: /home/cs144/cs144_nju/Lab0-2023Spring-attentionat/sponge/txrx.sh
152/166 Testing: t_icnR_128K_8K_l
152/166 Test: t_icnR_128K_8K_l
Command: "" "-icRnd" "128K" "-w" "8K" "-l" "0.1"
Directory: /home/cs144/cs144_nju/Lab0-2023Spring-attentionat/build
"t_icnR_128K_8K_l" start time: 
Output:
----------------------------------------------------------
<end of output>
Test time =   0.00 sec
----------------------------------------------------------
Test Passed.
"t_icnR_128K_8K_l" end time: Mar 15 01:42 PDT
"t_icnR_128K_8K_l" time elapsed: 00:00:00
----------------------------------------------------------

Unable to find executable: /home/cs144/cs144_nju/Lab0-2023Spring-attentionat/sponge/txrx.sh
153/166 Testing: t_icnR_128K_8K_L
153/166 Test: t_icnR_128K_8K_L
Command: "" "-icRnd" "128K" "-w" "8K" "-L" "0.1"
Directory: /home/cs144/cs144_nju/Lab0-2023Spring-attentionat/build
"t_icnR_128K_8K_L" start time: 
Output:
----------------------------------------------------------
<end of output>
Test time =   0.00 sec
----------------------------------------------------------
Test Passed.
"t_icnR_128K_8K_L" end time: Mar 15 01:42 PDT
"t_icnR_128K_8K_L" time elapsed: 00:00:00
----------------------------------------------------------

Unable to find executable: /home/cs144/cs144_nju/Lab0-2023Spring-attentionat/sponge/txrx.sh
154/166 Testing: t_icnR_128K_8K_lL
154/166 Test: t_icnR_128K_8K_lL
Command: "" "-icRnd" "128K" "-w" "8K" "-l" "0.1" "-L" "0.1"
Directory: /home/cs144/cs144_nju/Lab0-2023Spring-attentionat/build
"t_icnR_128K_8K_lL" start time: 
Output:
----------------------------------------------------------
<end of output>
Test time =   0.00 sec
----------------------------------------------------------
Test Passed.
"t_icnR_128K_8K_lL" end time: Mar 15 01:42 PDT
"t_icnR_128K_8K_lL" time elapsed: 00:00:00
----------------------------------------------------------

Unable to find executable: /home/cs144/cs144_nju/Lab0-2023Spring-attentionat/sponge/txrx.sh
155/166 Testing: t_icnD_128K_8K_l
155/166 Test: t_icnD_128K_8K_l
Command: "" "-icDnd" "128K" "-w" "8K" "-l" "0.1"
Directory: /home/cs144/cs144_nju/Lab0-2023Spring-attentionat/build
"t_icnD_128K_8K_l" start time: 
Output:
----------------------------------------------------------
<end of output>
Test time =   0.00 sec
----------------------------------------------------------
Test Passed.
"t_icnD_128K_8K_l" end time: Mar 15 01:42 PDT
"t_icnD_128K_8K_l" time elapsed: 00:00:00
----------------------------------------------------------

Unable to find executable: /home/cs144/cs144_nju/Lab0-2023Spring-attentionat/sponge/txrx.sh
156/166 Testing: t_icnD_128K_8K_L
156/166 Test: t_icnD_128K_8K_L
Command: "" "-icDnd" "128K" "-w" "8K" "-L" "0.1"
Directory: /home/cs144/cs144_nju/Lab0-2023Spring-attentionat/build
"t_icnD_128K_8K_L" start time: 
Output:
----------------------------------------------------------
<end of output>
Test time =   0.00 sec
----------------------------------------------------------
Test Passed.
"t_icnD_128K_8K_L" end time: Mar 15 01:42 PDT
"t_icnD_128K_8K_L" time elapsed: 00:00:00
----------------------------------------------------------

Unable to find executable: /home/cs144/cs144_nju/Lab0-2023Spring-attentionat/sponge/txrx.sh
157/166 Testing: t_icnD_128K_8K_lL
157/166 Test: t_icnD_128K_8K_lL
Command: "" "-icDnd" "128K" "-w" "8K" "-l" "0.1" "-L" "0.1"
Directory: /home/cs144/cs144_nju/Lab0-2023Spring-attentionat/build
"t_icnD_128K_8K_lL" start time: 
Output:
----------------------------------------------------------
<end of output>
Test time =   0.00 sec
----------------------------------------------------------
Test Passed.
"t_icnD_128K_8K_lL" end time: Mar 15 01:42 PDT
"t_icnD_128K_8K_lL" time elapsed: 00:00:00
----------------------------------------------------------

Unable to find executable: /home/cs144/cs144_nju/Lab0-2023Spring-attentionat/sponge/txrx.sh
158/166 Testing: t_isnS_128K_8K_l
158/166 Test: t_isnS_128K_8K_l
Command: "" "-isSnd" "128K" "-w" "8K" "-l" "0.1"
Directory: /home/cs144/cs144_nju/Lab0-2023Spring-attentionat/build
"t_isnS_128K_8K_l" start time: 
Output:
----------------------------------------------------------
<end of output>
Test time =   0.00 sec
----------------------------------------------------------
Test Passed.
"t_isnS_128K_8K_l" end time: Mar 15 01:42 PDT
"t_isnS_128K_8K_l" time elapsed: 00:00:00
----------------------------------------------------------

Unable to find executable: /home/cs144/cs144_nju/Lab0-2023Spring-attentionat/sponge/txrx.sh
159/166 Testing: t_isnS_128K_8K_L
159/166 Test: t_isnS_128K_8K_L
Command: "" "-isSnd" "128K" "-w" "8K" "-L" "0.1"
Directory: /home/cs144/cs144_nju/Lab0-2023Spring-attentionat/build
"t_isnS_128K_8K_L" start time: 
Output:
----------------------------------------------------------
<end of output>
Test time =   0.00 sec
----------------------------------------------------------
Test Passed.
"t_isnS_128K_8K_L" end time: Mar 15 01:42 PDT
"t_isnS_128K_8K_L" time elapsed: 00:00:00
----------------------------------------------------------

Unable to find executable: /home/cs144/cs144_nju/Lab0-2023Spring-attentionat/sponge/txrx.sh
160/166 Testing: t_isnS_128K_8K_lL
160/166 Test: t_isnS_128K_8K_lL
Command: "" "-isSnd" "128K" "-w" "8K" "-l" "0.1" "-L" "0.1"
Directory: /home/cs144/cs144_nju/Lab0-2023Spring-attentionat/build
"t_isnS_128K_8K_lL" start time: 
Output:
----------------------------------------------------------
<end of output>
Test time =   0.00 sec
----------------------------------------------------------
Test Passed.
"t_isnS_128K_8K_lL" end time: Mar 15 01:42 PDT
"t_isnS_128K_8K_lL" time elapsed: 00:00:00
----------------------------------------------------------

Unable to find executable: /home/cs144/cs144_nju/Lab0-2023Spring-attentionat/sponge/txrx.sh
161/166 Testing: t_isnR_128K_8K_l
161/166 Test: t_isnR_128K_8K_l
Command: "" "-isRnd" "128K" "-w" "8K" "-l" "0.1"
Directory: /home/cs144/cs144_nju/Lab0-2023Spring-attentionat/build
"t_isnR_128K_8K_l" start time: 
Output:
----------------------------------------------------------
<end of output>
Test time =   0.00 sec
----------------------------------------------------------
Test Passed.
"t_isnR_128K_8K_l" end time: Mar 15 01:42 PDT
"t_isnR_128K_8K_l" time elapsed: 00:00:00
----------------------------------------------------------

Unable to find executable: /home/cs144/cs144_nju/Lab0-2023Spring-attentionat/sponge/txrx.sh
162/166 Testing: t_isnR_128K_8K_L
162/166 Test: t_isnR_128K_8K_L
Command: "" "-isRnd" "128K" "-w" "8K" "-L" "0.1"
Directory: /home/cs144/cs144_nju/Lab0-2023Spring-attentionat/build
"t_isnR_128K_8K_L" start time: 
Output:
----------------------------------------------------------
<end of output>
Test time =   0.00 sec
----------------------------------------------------------
Test Passed.
"t_isnR_128K_8K_L" end time: Mar 15 01:42 PDT
"t_isnR_128K_8K_L" time elapsed: 00:00:00
----------------------------------------------------------

Unable to find executable: /home/cs144/cs144_nju/Lab0-2023Spring-attentionat/sponge/txrx.sh
163/166 Testing: t_isnR_128K_8K_lL
163/166 Test: t_isnR_128K_8K_lL
Command: "" "-isRnd" "128K" "-w" "8K" "-l" "0.1" "-L" "0.1"
Directory: /home/cs144/cs144_nju/Lab0-2023Spring-attentionat/build
"t_isnR_128K_8K_lL" start time: 
Output:
----------------------------------------------------------
<end of output>
Test time =   0.00 sec
----------------------------------------------------------
Test Passed.
"t_isnR_128K_8K_lL" end time: Mar 15 01:42 PDT
"t_isnR_128K_8K_lL" time elapsed: 00:00:00
----------------------------------------------------------

Unable to find executable: /home/cs144/cs144_nju/Lab0-2023Spring-attentionat/sponge/txrx.sh
164/166 Testing: t_isnD_128K_8K_l
164/166 Test: t_isnD_128K_8K_l
Command: "" "-isDnd" "128K" "-w" "8K" "-l" "0.1"
Directory: /home/cs144/cs144_nju/Lab0-2023Spring-attentionat/build
"t_isnD_128K_8K_l" start time: 
Output:
----------------------------------------------------------
<end of output>
Test time =   0.00 sec
----------------------------------------------------------
Test Passed.
"t_isnD_128K_8K_l" end time: Mar 15 01:42 PDT
"t_isnD_128K_8K_l" time elapsed: 00:00:00
----------------------------------------------------------

Unable to find executable: /home/cs144/cs144_nju/Lab0-2023Spring-attentionat/sponge/txrx.sh
165/166 Testing: t_isnD_128K_8K_L
165/166 Test: t_isnD_128K_8K_L
Command: "" "-isDnd" "128K" "-w" "8K" "-L" "0.1"
Directory: /home/cs144/cs144_nju/Lab0-2023Spring-attentionat/build
"t_isnD_128K_8K_L" start time: 
Output:
----------------------------------------------------------
<end of output>
Test time =   0.00 sec
----------------------------------------------------------
Test Passed.
"t_isnD_128K_8K_L" end time: Mar 15 01:42 PDT
"t_isnD_128K_8K_L" time elapsed: 00:00:00
----------------------------------------------------------

Unable to find executable: /home/cs144/cs144_nju/Lab0-2023Spring-attentionat/sponge/txrx.sh
166/166 Testing: t_isnD_128K_8K_lL
166/166 Test: t_isnD_128K_8K_lL
Command: "" "-isDnd" "128K" "-w" "8K" "-l" "0.1" "-L" "0.1"
Directory: /home/cs144/cs144_nju/Lab0-2023Spring-attentionat/build
"t_isnD_128K_8K_lL" start time: 
Output:
----------------------------------------------------------
<end of output>
Test time =   0.00 sec
----------------------------------------------------------
Test Passed.
"t_isnD_128K_8K_lL" end time: Mar 15 01:42 PDT
"t_isnD_128K_8K_lL" time elapsed: 00:00:00
----------------------------------------------------------

52/166 Testing: t_socket_dt
52/166 Test: t_socket_dt
Command: "/home/cs144/cs144_nju/Lab0-2023Spring-attentionat/build/doctests/socket_dt"
Directory: /home/cs144/cs144_nju/Lab0-2023Spring-attentionat/build
"t_socket_dt" start time: Mar 15 01:42 PDT
Output:
----------------------------------------------------------
<end of output>
Test time =   0.03 sec
----------------------------------------------------------
Test Passed.
"t_socket_dt" end time: Mar 15 01:42 PDT
"t_socket_dt" time elapsed: 00:00:00
----------------------------------------------------------

51/166 Testing: t_parser_dt
51/166 Test: t_parser_dt
Command: "/home/cs144/cs144_nju/Lab0-2023Spring-attentionat/build/doctests/parser_dt"
Directory: /home/cs144/cs144_nju/Lab0-2023Spring-attentionat/build
"t_parser_dt" start time: Mar 15 01:42 PDT
Output:
----------------------------------------------------------
<end of output>
Test time =   0.22 sec
----------------------------------------------------------
Test Passed.
"t_parser_dt" end time: Mar 15 01:42 PDT
"t_parser_dt" time elapsed: 00:00:00
----------------------------------------------------------

50/166 Testing: t_address_dt
50/166 Test: t_address_dt
Command: "/home/cs144/cs144_nju/Lab0-2023Spring-attentionat/build/doctests/address_dt"
Directory: /home/cs144/cs144_nju/Lab0-2023Spring-attentionat/build
"t_address_dt" start time: Mar 15 01:42 PDT
Output:
----------------------------------------------------------
<end of output>
Test time =   5.07 sec
----------------------------------------------------------
Test Passed.
"t_address_dt" end time: Mar 15 01:42 PDT
"t_address_dt" time elapsed: 00:00:05
----------------------------------------------------------

28/166 Testing: t_webget
28/166 Test: t_webget
Command: "/home/cs144/cs144_nju/Lab0-2023Spring-attentionat/sponge/tests/webget_t.sh"
Directory: /home/cs144/cs144_nju/Lab0-2023Spring-attentionat/build
"t_webget" start time: Mar 15 01:42 PDT
Output:
----------------------------------------------------------
HTTP/1.1 200 OK
Server: nginx/1.14.0 (Ubuntu)
Date: Wed, 15 Mar 2023 08:42:35 GMT
Content-Type: application/octet-stream
Content-Length: 49
Last-Modified: Mon, 12 Sep 2022 12:05:37 GMT
Connection: close
ETag: "631f2091-31"
Accept-Ranges: bytes

adfafsdf3lfo5d6s6f7oj7f8ad8s876546SDSFSGDGGFDGRY
Function called: get_URL(www.njucn2022.top, /check_ans/ans).
Warning: get_URL() has not been implemented yet.
<end of output>
Test time =   5.22 sec
----------------------------------------------------------
Test Passed.
"t_webget" end time: Mar 15 01:42 PDT
"t_webget" time elapsed: 00:00:05
----------------------------------------------------------

End testing: Mar 15 01:42 PDT
