<?xml version="1.0" encoding="UTF-8"?>
<Site BuildName="(empty)"
	BuildStamp="20230315-0835-Experimental"
	Name="(empty)"
	Generator="ctest-3.10.2"
	CompilerName=""
	CompilerVersion=""
	OSName="Linux"
	Hostname="cs144vm"
	OSRelease="4.15.0-206-generic"
	OSVersion="#217-Ubuntu SMP Fri Feb 3 19:10:13 UTC 2023"
	OSPlatform="x86_64"
	Is64Bits="1"
	VendorString="GenuineIntel"
	VendorID="Intel Corporation"
	FamilyID="6"
	ModelID="142"
	ProcessorCacheSize="6144"
	NumberOfLogicalCPU="2"
	NumberOfPhysicalCPU="2"
	TotalVirtualMemory="1521"
	TotalPhysicalMemory="4954"
	LogicalProcessorsPerPhysical="1"
	ProcessorClockFrequency="2112.01"
	>
	<Testing>
		<StartDateTime>Mar 15 01:42 PDT</StartDateTime>
		<StartTestTime>1678869749</StartTestTime>
		<TestList>
			<Test>./t_wrapping_ints_cmp</Test>
			<Test>./t_wrapping_ints_unwrap</Test>
			<Test>./t_wrapping_ints_wrap</Test>
			<Test>./t_recv_connect</Test>
			<Test>./t_recv_transmit</Test>
			<Test>./t_recv_window</Test>
			<Test>./t_recv_reorder</Test>
			<Test>./t_recv_close</Test>
			<Test>./t_send_connect</Test>
			<Test>./t_send_transmit</Test>
			<Test>./t_send_retx</Test>
			<Test>./t_send_window</Test>
			<Test>./t_send_ack</Test>
			<Test>./t_send_close</Test>
			<Test>./t_strm_reassem_cap</Test>
			<Test>./t_strm_reassem_single</Test>
			<Test>./t_strm_reassem_seq</Test>
			<Test>./t_strm_reassem_dup</Test>
			<Test>./t_strm_reassem_holes</Test>
			<Test>./t_strm_reassem_many</Test>
			<Test>./t_strm_reassem_overlapping</Test>
			<Test>./t_strm_reassem_win</Test>
			<Test>./t_byte_stream_construction</Test>
			<Test>./t_byte_stream_one_write</Test>
			<Test>./arp_network_interface</Test>
			<Test>./t_byte_stream_capacity</Test>
			<Test>./t_byte_stream_two_writes</Test>
			<Test>./t_byte_stream_many_writes</Test>
			<Test>./router_test</Test>
			<Test>./t_tcp_parser</Test>
			<Test>./t_ipv4_parser</Test>
			<Test>./t_active_close</Test>
			<Test>./t_passive_close</Test>
			<Test>./ec_ack_rst</Test>
			<Test>./t_ack_rst</Test>
			<Test>./ec_ack_rst_win</Test>
			<Test>./t_ack_rst_win</Test>
			<Test>./ec_connect</Test>
			<Test>./t_connect</Test>
			<Test>./ec_listen</Test>
			<Test>./t_listen</Test>
			<Test>./t_winsize</Test>
			<Test>./ec_retx</Test>
			<Test>./t_retx</Test>
			<Test>./t_retx_win</Test>
			<Test>./t_loopback</Test>
			<Test>./t_loopback_win</Test>
			<Test>./t_reorder</Test>
			<Test>./t_udp_client_send</Test>
			<Test>./t_udp_server_send</Test>
			<Test>./t_udp_client_recv</Test>
			<Test>./t_udp_server_recv</Test>
			<Test>./t_udp_client_dupl</Test>
			<Test>./t_udp_server_dupl</Test>
			<Test>./t_ucS_1M_32k</Test>
			<Test>./t_ucS_128K_8K</Test>
			<Test>./t_ucS_16_1</Test>
			<Test>./t_ucS_32K_d</Test>
			<Test>./t_ucR_1M_32k</Test>
			<Test>./t_ucR_128K_8K</Test>
			<Test>./t_ucR_16_1</Test>
			<Test>./t_ucR_32K_d</Test>
			<Test>./t_ucD_1M_32k</Test>
			<Test>./t_ucD_128K_8K</Test>
			<Test>./t_ucD_16_1</Test>
			<Test>./t_ucD_32K_d</Test>
			<Test>./t_usS_1M_32k</Test>
			<Test>./t_usS_128K_8K</Test>
			<Test>./t_usS_16_1</Test>
			<Test>./t_usS_32K_d</Test>
			<Test>./t_usR_1M_32k</Test>
			<Test>./t_usR_128K_8K</Test>
			<Test>./t_usR_16_1</Test>
			<Test>./t_usR_32K_d</Test>
			<Test>./t_usD_1M_32k</Test>
			<Test>./t_usD_128K_8K</Test>
			<Test>./t_usD_16_1</Test>
			<Test>./t_usD_32K_d</Test>
			<Test>./t_ucS_128K_8K_l</Test>
			<Test>./t_ucS_128K_8K_L</Test>
			<Test>./t_ucS_128K_8K_lL</Test>
			<Test>./t_ucR_128K_8K_l</Test>
			<Test>./t_ucR_128K_8K_L</Test>
			<Test>./t_ucR_128K_8K_lL</Test>
			<Test>./t_ucD_128K_8K_l</Test>
			<Test>./t_ucD_128K_8K_L</Test>
			<Test>./t_ucD_128K_8K_lL</Test>
			<Test>./t_usS_128K_8K_l</Test>
			<Test>./t_usS_128K_8K_L</Test>
			<Test>./t_usS_128K_8K_lL</Test>
			<Test>./t_usR_128K_8K_l</Test>
			<Test>./t_usR_128K_8K_L</Test>
			<Test>./t_usR_128K_8K_lL</Test>
			<Test>./t_usD_128K_8K_l</Test>
			<Test>./t_usD_128K_8K_L</Test>
			<Test>./t_usD_128K_8K_lL</Test>
			<Test>./t_ipv4_client_send</Test>
			<Test>./t_ipv4_server_send</Test>
			<Test>./t_ipv4_client_recv</Test>
			<Test>./t_ipv4_server_recv</Test>
			<Test>./t_ipv4_client_dupl</Test>
			<Test>./t_ipv4_server_dupl</Test>
			<Test>./t_icS_1M_32k</Test>
			<Test>./t_icS_128K_8K</Test>
			<Test>./t_icS_16_1</Test>
			<Test>./t_icS_32K_d</Test>
			<Test>./t_icR_1M_32k</Test>
			<Test>./t_icR_128K_8K</Test>
			<Test>./t_icR_16_1</Test>
			<Test>./t_icR_32K_d</Test>
			<Test>./t_icD_1M_32k</Test>
			<Test>./t_icD_128K_8K</Test>
			<Test>./t_icD_16_1</Test>
			<Test>./t_icD_32K_d</Test>
			<Test>./t_isS_1M_32k</Test>
			<Test>./t_isS_128K_8K</Test>
			<Test>./t_isS_16_1</Test>
			<Test>./t_isS_32K_d</Test>
			<Test>./t_isR_1M_32k</Test>
			<Test>./t_isR_128K_8K</Test>
			<Test>./t_isR_16_1</Test>
			<Test>./t_isR_32K_d</Test>
			<Test>./t_isD_1M_32k</Test>
			<Test>./t_isD_128K_8K</Test>
			<Test>./t_isD_16_1</Test>
			<Test>./t_isD_32K_d</Test>
			<Test>./t_icS_128K_8K_l</Test>
			<Test>./t_icS_128K_8K_L</Test>
			<Test>./t_icS_128K_8K_lL</Test>
			<Test>./t_icR_128K_8K_l</Test>
			<Test>./t_icR_128K_8K_L</Test>
			<Test>./t_icR_128K_8K_lL</Test>
			<Test>./t_icD_128K_8K_l</Test>
			<Test>./t_icD_128K_8K_L</Test>
			<Test>./t_icD_128K_8K_lL</Test>
			<Test>./t_isS_128K_8K_l</Test>
			<Test>./t_isS_128K_8K_L</Test>
			<Test>./t_isS_128K_8K_lL</Test>
			<Test>./t_isR_128K_8K_l</Test>
			<Test>./t_isR_128K_8K_L</Test>
			<Test>./t_isR_128K_8K_lL</Test>
			<Test>./t_isD_128K_8K_l</Test>
			<Test>./t_isD_128K_8K_L</Test>
			<Test>./t_isD_128K_8K_lL</Test>
			<Test>./t_icnS_128K_8K_l</Test>
			<Test>./t_icnS_128K_8K_L</Test>
			<Test>./t_icnS_128K_8K_lL</Test>
			<Test>./t_icnR_128K_8K_l</Test>
			<Test>./t_icnR_128K_8K_L</Test>
			<Test>./t_icnR_128K_8K_lL</Test>
			<Test>./t_icnD_128K_8K_l</Test>
			<Test>./t_icnD_128K_8K_L</Test>
			<Test>./t_icnD_128K_8K_lL</Test>
			<Test>./t_isnS_128K_8K_l</Test>
			<Test>./t_isnS_128K_8K_L</Test>
			<Test>./t_isnS_128K_8K_lL</Test>
			<Test>./t_isnR_128K_8K_l</Test>
			<Test>./t_isnR_128K_8K_L</Test>
			<Test>./t_isnR_128K_8K_lL</Test>
			<Test>./t_isnD_128K_8K_l</Test>
			<Test>./t_isnD_128K_8K_L</Test>
			<Test>./t_isnD_128K_8K_lL</Test>
			<Test>./t_socket_dt</Test>
			<Test>./t_parser_dt</Test>
			<Test>./t_address_dt</Test>
			<Test>./t_webget</Test>
		</TestList>
		<Test Status="notrun">
			<Name>t_wrapping_ints_cmp</Name>
			<Path>.</Path>
			<FullName>./t_wrapping_ints_cmp</FullName>
			<FullCommandLine></FullCommandLine>
			<Results>
				<NamedMeasurement type="numeric/double" name="Processors">
					<Value>1</Value>
				</NamedMeasurement>
				<NamedMeasurement type="text/string" name="Completion Status">
					<Value>Unable to find executable</Value>
				</NamedMeasurement>
				<NamedMeasurement type="text/string" name="Command Line">
					<Value></Value>
				</NamedMeasurement>
				<Measurement>
					<Value>Unable to find executable: wrapping_integers_cmp</Value>
				</Measurement>
			</Results>
		</Test>
		<Test Status="notrun">
			<Name>t_wrapping_ints_unwrap</Name>
			<Path>.</Path>
			<FullName>./t_wrapping_ints_unwrap</FullName>
			<FullCommandLine></FullCommandLine>
			<Results>
				<NamedMeasurement type="numeric/double" name="Processors">
					<Value>1</Value>
				</NamedMeasurement>
				<NamedMeasurement type="text/string" name="Completion Status">
					<Value>Unable to find executable</Value>
				</NamedMeasurement>
				<NamedMeasurement type="text/string" name="Command Line">
					<Value></Value>
				</NamedMeasurement>
				<Measurement>
					<Value>Unable to find executable: wrapping_integers_unwrap</Value>
				</Measurement>
			</Results>
		</Test>
		<Test Status="notrun">
			<Name>t_wrapping_ints_wrap</Name>
			<Path>.</Path>
			<FullName>./t_wrapping_ints_wrap</FullName>
			<FullCommandLine></FullCommandLine>
			<Results>
				<NamedMeasurement type="numeric/double" name="Processors">
					<Value>1</Value>
				</NamedMeasurement>
				<NamedMeasurement type="text/string" name="Completion Status">
					<Value>Unable to find executable</Value>
				</NamedMeasurement>
				<NamedMeasurement type="text/string" name="Command Line">
					<Value></Value>
				</NamedMeasurement>
				<Measurement>
					<Value>Unable to find executable: wrapping_integers_wrap</Value>
				</Measurement>
			</Results>
		</Test>
		<Test Status="notrun">
			<Name>t_recv_connect</Name>
			<Path>.</Path>
			<FullName>./t_recv_connect</FullName>
			<FullCommandLine></FullCommandLine>
			<Results>
				<NamedMeasurement type="numeric/double" name="Processors">
					<Value>1</Value>
				</NamedMeasurement>
				<NamedMeasurement type="text/string" name="Completion Status">
					<Value>Unable to find executable</Value>
				</NamedMeasurement>
				<NamedMeasurement type="text/string" name="Command Line">
					<Value></Value>
				</NamedMeasurement>
				<Measurement>
					<Value>Unable to find executable: recv_connect</Value>
				</Measurement>
			</Results>
		</Test>
		<Test Status="notrun">
			<Name>t_recv_transmit</Name>
			<Path>.</Path>
			<FullName>./t_recv_transmit</FullName>
			<FullCommandLine></FullCommandLine>
			<Results>
				<NamedMeasurement type="numeric/double" name="Processors">
					<Value>1</Value>
				</NamedMeasurement>
				<NamedMeasurement type="text/string" name="Completion Status">
					<Value>Unable to find executable</Value>
				</NamedMeasurement>
				<NamedMeasurement type="text/string" name="Command Line">
					<Value></Value>
				</NamedMeasurement>
				<Measurement>
					<Value>Unable to find executable: recv_transmit</Value>
				</Measurement>
			</Results>
		</Test>
		<Test Status="notrun">
			<Name>t_recv_window</Name>
			<Path>.</Path>
			<FullName>./t_recv_window</FullName>
			<FullCommandLine></FullCommandLine>
			<Results>
				<NamedMeasurement type="numeric/double" name="Processors">
					<Value>1</Value>
				</NamedMeasurement>
				<NamedMeasurement type="text/string" name="Completion Status">
					<Value>Unable to find executable</Value>
				</NamedMeasurement>
				<NamedMeasurement type="text/string" name="Command Line">
					<Value></Value>
				</NamedMeasurement>
				<Measurement>
					<Value>Unable to find executable: recv_window</Value>
				</Measurement>
			</Results>
		</Test>
		<Test Status="notrun">
			<Name>t_recv_reorder</Name>
			<Path>.</Path>
			<FullName>./t_recv_reorder</FullName>
			<FullCommandLine></FullCommandLine>
			<Results>
				<NamedMeasurement type="numeric/double" name="Processors">
					<Value>1</Value>
				</NamedMeasurement>
				<NamedMeasurement type="text/string" name="Completion Status">
					<Value>Unable to find executable</Value>
				</NamedMeasurement>
				<NamedMeasurement type="text/string" name="Command Line">
					<Value></Value>
				</NamedMeasurement>
				<Measurement>
					<Value>Unable to find executable: recv_reorder</Value>
				</Measurement>
			</Results>
		</Test>
		<Test Status="notrun">
			<Name>t_recv_close</Name>
			<Path>.</Path>
			<FullName>./t_recv_close</FullName>
			<FullCommandLine></FullCommandLine>
			<Results>
				<NamedMeasurement type="numeric/double" name="Processors">
					<Value>1</Value>
				</NamedMeasurement>
				<NamedMeasurement type="text/string" name="Completion Status">
					<Value>Unable to find executable</Value>
				</NamedMeasurement>
				<NamedMeasurement type="text/string" name="Command Line">
					<Value></Value>
				</NamedMeasurement>
				<Measurement>
					<Value>Unable to find executable: recv_close</Value>
				</Measurement>
			</Results>
		</Test>
		<Test Status="notrun">
			<Name>t_send_connect</Name>
			<Path>.</Path>
			<FullName>./t_send_connect</FullName>
			<FullCommandLine></FullCommandLine>
			<Results>
				<NamedMeasurement type="numeric/double" name="Processors">
					<Value>1</Value>
				</NamedMeasurement>
				<NamedMeasurement type="text/string" name="Completion Status">
					<Value>Unable to find executable</Value>
				</NamedMeasurement>
				<NamedMeasurement type="text/string" name="Command Line">
					<Value></Value>
				</NamedMeasurement>
				<Measurement>
					<Value>Unable to find executable: send_connect</Value>
				</Measurement>
			</Results>
		</Test>
		<Test Status="notrun">
			<Name>t_send_transmit</Name>
			<Path>.</Path>
			<FullName>./t_send_transmit</FullName>
			<FullCommandLine></FullCommandLine>
			<Results>
				<NamedMeasurement type="numeric/double" name="Processors">
					<Value>1</Value>
				</NamedMeasurement>
				<NamedMeasurement type="text/string" name="Completion Status">
					<Value>Unable to find executable</Value>
				</NamedMeasurement>
				<NamedMeasurement type="text/string" name="Command Line">
					<Value></Value>
				</NamedMeasurement>
				<Measurement>
					<Value>Unable to find executable: send_transmit</Value>
				</Measurement>
			</Results>
		</Test>
		<Test Status="notrun">
			<Name>t_send_retx</Name>
			<Path>.</Path>
			<FullName>./t_send_retx</FullName>
			<FullCommandLine></FullCommandLine>
			<Results>
				<NamedMeasurement type="numeric/double" name="Processors">
					<Value>1</Value>
				</NamedMeasurement>
				<NamedMeasurement type="text/string" name="Completion Status">
					<Value>Unable to find executable</Value>
				</NamedMeasurement>
				<NamedMeasurement type="text/string" name="Command Line">
					<Value></Value>
				</NamedMeasurement>
				<Measurement>
					<Value>Unable to find executable: send_retx</Value>
				</Measurement>
			</Results>
		</Test>
		<Test Status="notrun">
			<Name>t_send_window</Name>
			<Path>.</Path>
			<FullName>./t_send_window</FullName>
			<FullCommandLine></FullCommandLine>
			<Results>
				<NamedMeasurement type="numeric/double" name="Processors">
					<Value>1</Value>
				</NamedMeasurement>
				<NamedMeasurement type="text/string" name="Completion Status">
					<Value>Unable to find executable</Value>
				</NamedMeasurement>
				<NamedMeasurement type="text/string" name="Command Line">
					<Value></Value>
				</NamedMeasurement>
				<Measurement>
					<Value>Unable to find executable: send_window</Value>
				</Measurement>
			</Results>
		</Test>
		<Test Status="notrun">
			<Name>t_send_ack</Name>
			<Path>.</Path>
			<FullName>./t_send_ack</FullName>
			<FullCommandLine></FullCommandLine>
			<Results>
				<NamedMeasurement type="numeric/double" name="Processors">
					<Value>1</Value>
				</NamedMeasurement>
				<NamedMeasurement type="text/string" name="Completion Status">
					<Value>Unable to find executable</Value>
				</NamedMeasurement>
				<NamedMeasurement type="text/string" name="Command Line">
					<Value></Value>
				</NamedMeasurement>
				<Measurement>
					<Value>Unable to find executable: send_ack</Value>
				</Measurement>
			</Results>
		</Test>
		<Test Status="notrun">
			<Name>t_send_close</Name>
			<Path>.</Path>
			<FullName>./t_send_close</FullName>
			<FullCommandLine></FullCommandLine>
			<Results>
				<NamedMeasurement type="numeric/double" name="Processors">
					<Value>1</Value>
				</NamedMeasurement>
				<NamedMeasurement type="text/string" name="Completion Status">
					<Value>Unable to find executable</Value>
				</NamedMeasurement>
				<NamedMeasurement type="text/string" name="Command Line">
					<Value></Value>
				</NamedMeasurement>
				<Measurement>
					<Value>Unable to find executable: send_close</Value>
				</Measurement>
			</Results>
		</Test>
		<Test Status="notrun">
			<Name>t_strm_reassem_cap</Name>
			<Path>.</Path>
			<FullName>./t_strm_reassem_cap</FullName>
			<FullCommandLine></FullCommandLine>
			<Results>
				<NamedMeasurement type="numeric/double" name="Processors">
					<Value>1</Value>
				</NamedMeasurement>
				<NamedMeasurement type="text/string" name="Completion Status">
					<Value>Unable to find executable</Value>
				</NamedMeasurement>
				<NamedMeasurement type="text/string" name="Command Line">
					<Value></Value>
				</NamedMeasurement>
				<Measurement>
					<Value>Unable to find executable: fsm_stream_reassembler_cap</Value>
				</Measurement>
			</Results>
		</Test>
		<Test Status="notrun">
			<Name>t_strm_reassem_single</Name>
			<Path>.</Path>
			<FullName>./t_strm_reassem_single</FullName>
			<FullCommandLine></FullCommandLine>
			<Results>
				<NamedMeasurement type="numeric/double" name="Processors">
					<Value>1</Value>
				</NamedMeasurement>
				<NamedMeasurement type="text/string" name="Completion Status">
					<Value>Unable to find executable</Value>
				</NamedMeasurement>
				<NamedMeasurement type="text/string" name="Command Line">
					<Value></Value>
				</NamedMeasurement>
				<Measurement>
					<Value>Unable to find executable: fsm_stream_reassembler_single</Value>
				</Measurement>
			</Results>
		</Test>
		<Test Status="notrun">
			<Name>t_strm_reassem_seq</Name>
			<Path>.</Path>
			<FullName>./t_strm_reassem_seq</FullName>
			<FullCommandLine></FullCommandLine>
			<Results>
				<NamedMeasurement type="numeric/double" name="Processors">
					<Value>1</Value>
				</NamedMeasurement>
				<NamedMeasurement type="text/string" name="Completion Status">
					<Value>Unable to find executable</Value>
				</NamedMeasurement>
				<NamedMeasurement type="text/string" name="Command Line">
					<Value></Value>
				</NamedMeasurement>
				<Measurement>
					<Value>Unable to find executable: fsm_stream_reassembler_seq</Value>
				</Measurement>
			</Results>
		</Test>
		<Test Status="notrun">
			<Name>t_strm_reassem_dup</Name>
			<Path>.</Path>
			<FullName>./t_strm_reassem_dup</FullName>
			<FullCommandLine></FullCommandLine>
			<Results>
				<NamedMeasurement type="numeric/double" name="Processors">
					<Value>1</Value>
				</NamedMeasurement>
				<NamedMeasurement type="text/string" name="Completion Status">
					<Value>Unable to find executable</Value>
				</NamedMeasurement>
				<NamedMeasurement type="text/string" name="Command Line">
					<Value></Value>
				</NamedMeasurement>
				<Measurement>
					<Value>Unable to find executable: fsm_stream_reassembler_dup</Value>
				</Measurement>
			</Results>
		</Test>
		<Test Status="notrun">
			<Name>t_strm_reassem_holes</Name>
			<Path>.</Path>
			<FullName>./t_strm_reassem_holes</FullName>
			<FullCommandLine></FullCommandLine>
			<Results>
				<NamedMeasurement type="numeric/double" name="Processors">
					<Value>1</Value>
				</NamedMeasurement>
				<NamedMeasurement type="text/string" name="Completion Status">
					<Value>Unable to find executable</Value>
				</NamedMeasurement>
				<NamedMeasurement type="text/string" name="Command Line">
					<Value></Value>
				</NamedMeasurement>
				<Measurement>
					<Value>Unable to find executable: fsm_stream_reassembler_holes</Value>
				</Measurement>
			</Results>
		</Test>
		<Test Status="notrun">
			<Name>t_strm_reassem_many</Name>
			<Path>.</Path>
			<FullName>./t_strm_reassem_many</FullName>
			<FullCommandLine></FullCommandLine>
			<Results>
				<NamedMeasurement type="numeric/double" name="Processors">
					<Value>1</Value>
				</NamedMeasurement>
				<NamedMeasurement type="text/string" name="Completion Status">
					<Value>Unable to find executable</Value>
				</NamedMeasurement>
				<NamedMeasurement type="text/string" name="Command Line">
					<Value></Value>
				</NamedMeasurement>
				<Measurement>
					<Value>Unable to find executable: fsm_stream_reassembler_many</Value>
				</Measurement>
			</Results>
		</Test>
		<Test Status="notrun">
			<Name>t_strm_reassem_overlapping</Name>
			<Path>.</Path>
			<FullName>./t_strm_reassem_overlapping</FullName>
			<FullCommandLine></FullCommandLine>
			<Results>
				<NamedMeasurement type="numeric/double" name="Processors">
					<Value>1</Value>
				</NamedMeasurement>
				<NamedMeasurement type="text/string" name="Completion Status">
					<Value>Unable to find executable</Value>
				</NamedMeasurement>
				<NamedMeasurement type="text/string" name="Command Line">
					<Value></Value>
				</NamedMeasurement>
				<Measurement>
					<Value>Unable to find executable: fsm_stream_reassembler_overlapping</Value>
				</Measurement>
			</Results>
		</Test>
		<Test Status="notrun">
			<Name>t_strm_reassem_win</Name>
			<Path>.</Path>
			<FullName>./t_strm_reassem_win</FullName>
			<FullCommandLine></FullCommandLine>
			<Results>
				<NamedMeasurement type="numeric/double" name="Processors">
					<Value>1</Value>
				</NamedMeasurement>
				<NamedMeasurement type="text/string" name="Completion Status">
					<Value>Unable to find executable</Value>
				</NamedMeasurement>
				<NamedMeasurement type="text/string" name="Command Line">
					<Value></Value>
				</NamedMeasurement>
				<Measurement>
					<Value>Unable to find executable: fsm_stream_reassembler_win</Value>
				</Measurement>
			</Results>
		</Test>
		<Test Status="failed">
			<Name>t_byte_stream_construction</Name>
			<Path>.</Path>
			<FullName>./t_byte_stream_construction</FullName>
			<FullCommandLine>/home/cs144/cs144_nju/Lab0-2023Spring-attentionat/build/tests/byte_stream_construction</FullCommandLine>
			<Results>
				<NamedMeasurement type="text/string" name="Exit Code">
					<Value>Failed</Value>
				</NamedMeasurement>
				<NamedMeasurement type="text/string" name="Exit Value">
					<Value>1</Value>
				</NamedMeasurement>
				<NamedMeasurement type="numeric/double" name="Execution Time">
					<Value>0.0119412</Value>
				</NamedMeasurement>
				<NamedMeasurement type="numeric/double" name="Processors">
					<Value>1</Value>
				</NamedMeasurement>
				<NamedMeasurement type="text/string" name="Completion Status">
					<Value>Completed</Value>
				</NamedMeasurement>
				<NamedMeasurement type="text/string" name="Command Line">
					<Value>/home/cs144/cs144_nju/Lab0-2023Spring-attentionat/build/tests/byte_stream_construction</Value>
				</NamedMeasurement>
				<Measurement>
					<Value encoding="base64" compression="gzip">eJxdUMFKBDEMPduvCHvSm3PYy4AXYQXBm3tfYvvGBjptnabuzn69GURQL4G8l+S9lyOa0hNL6guoZMKlwiurlDy6m8Ovjt76NGE5Ya66jjQ497M2ozV+h80fI+hxVbzqAp6pxdJToMifsBL+XCB8dE6khQbDlSQ3hc2I0pkb3Tv3ImatTGR4baSR1dzBd0Wg1r031amntJrucxYVTnI16iwa6dZzZS+6Pgz7u385JNeuJ+SAMG46h4tH/aY2/7p9ZOeL+Vm63/AdTZYUwX0BxHFp3g==</Value>
				</Measurement>
			</Results>
		</Test>
		<Test Status="failed">
			<Name>t_byte_stream_one_write</Name>
			<Path>.</Path>
			<FullName>./t_byte_stream_one_write</FullName>
			<FullCommandLine>/home/cs144/cs144_nju/Lab0-2023Spring-attentionat/build/tests/byte_stream_one_write</FullCommandLine>
			<Results>
				<NamedMeasurement type="text/string" name="Exit Code">
					<Value>Failed</Value>
				</NamedMeasurement>
				<NamedMeasurement type="text/string" name="Exit Value">
					<Value>1</Value>
				</NamedMeasurement>
				<NamedMeasurement type="numeric/double" name="Execution Time">
					<Value>0.00836992</Value>
				</NamedMeasurement>
				<NamedMeasurement type="numeric/double" name="Processors">
					<Value>1</Value>
				</NamedMeasurement>
				<NamedMeasurement type="text/string" name="Completion Status">
					<Value>Completed</Value>
				</NamedMeasurement>
				<NamedMeasurement type="text/string" name="Command Line">
					<Value>/home/cs144/cs144_nju/Lab0-2023Spring-attentionat/build/tests/byte_stream_one_write</Value>
				</NamedMeasurement>
				<Measurement>
					<Value encoding="base64" compression="gzip">eJxtkU1LAzEQhs/Nrxj2pIeCpXgpeFCoIPRm78s0mbgD2SRuJm7XX+/sFkGrOQQm8/E+8+ZIReAZOdSBIEWgcyYrKJzizqz2PyI4TUKlHQcWIQ23xnz39VQKvpE2HDuCJ617lYGwh9KlGhx0+EF6ud8jgN4rBpAEWzhVAY5FSItYYMQCd8YcWOGSB33PBaRDUT6yVchBqdaqrK8hTCr8ElkYA39qamTp4MZiRssyPWzub80K5vNoL5vMAASNRWlmeVHosgBfbcwxV2kpOnI75bmyo3pPQ0t9lulvlpL/p2VZX4WWcWZ/tpQvmdk3mb+iWdjWqrnOKTfg1WJy5guG4ZHv====</Value>
				</Measurement>
			</Results>
		</Test>
		<Test Status="notrun">
			<Name>arp_network_interface</Name>
			<Path>.</Path>
			<FullName>./arp_network_interface</FullName>
			<FullCommandLine></FullCommandLine>
			<Results>
				<NamedMeasurement type="numeric/double" name="Processors">
					<Value>1</Value>
				</NamedMeasurement>
				<NamedMeasurement type="text/string" name="Completion Status">
					<Value>Unable to find executable</Value>
				</NamedMeasurement>
				<NamedMeasurement type="text/string" name="Command Line">
					<Value></Value>
				</NamedMeasurement>
				<Measurement>
					<Value>Unable to find executable: net_interface</Value>
				</Measurement>
			</Results>
		</Test>
		<Test Status="failed">
			<Name>t_byte_stream_capacity</Name>
			<Path>.</Path>
			<FullName>./t_byte_stream_capacity</FullName>
			<FullCommandLine>/home/cs144/cs144_nju/Lab0-2023Spring-attentionat/build/tests/byte_stream_capacity</FullCommandLine>
			<Results>
				<NamedMeasurement type="text/string" name="Exit Code">
					<Value>Failed</Value>
				</NamedMeasurement>
				<NamedMeasurement type="text/string" name="Exit Value">
					<Value>1</Value>
				</NamedMeasurement>
				<NamedMeasurement type="numeric/double" name="Execution Time">
					<Value>0.00662804</Value>
				</NamedMeasurement>
				<NamedMeasurement type="numeric/double" name="Processors">
					<Value>1</Value>
				</NamedMeasurement>
				<NamedMeasurement type="text/string" name="Completion Status">
					<Value>Completed</Value>
				</NamedMeasurement>
				<NamedMeasurement type="text/string" name="Command Line">
					<Value>/home/cs144/cs144_nju/Lab0-2023Spring-attentionat/build/tests/byte_stream_capacity</Value>
				</NamedMeasurement>
				<Measurement>
					<Value encoding="base64" compression="gzip">eJw1j0FLxEAMhc/Orwg96U32KHhQUBC8uXfJpq82MNupTWa79debqTiHwPCS9713hDm9sua6gMpEuM4QZ9cyPaQbau9J9h+tizqoE/aOvJCPIPMFfE7p3+AMM/5CXB5Dfd4cH/sG2Vhq7mnkC2L0dArJPpujI6DflXPzPNCpOulkjlhSp5WN7lN610hZhuBhtiCzR1BIdfRkVSSwQ815C/DbpK6c9SekVX2kW+GZRX17PNyl9HIVzH99WkRv9btywbK362iIJujTL2x8YKY=</Value>
				</Measurement>
			</Results>
		</Test>
		<Test Status="failed">
			<Name>t_byte_stream_two_writes</Name>
			<Path>.</Path>
			<FullName>./t_byte_stream_two_writes</FullName>
			<FullCommandLine>/home/cs144/cs144_nju/Lab0-2023Spring-attentionat/build/tests/byte_stream_two_writes</FullCommandLine>
			<Results>
				<NamedMeasurement type="text/string" name="Exit Code">
					<Value>Failed</Value>
				</NamedMeasurement>
				<NamedMeasurement type="text/string" name="Exit Value">
					<Value>1</Value>
				</NamedMeasurement>
				<NamedMeasurement type="numeric/double" name="Execution Time">
					<Value>0.00936508</Value>
				</NamedMeasurement>
				<NamedMeasurement type="numeric/double" name="Processors">
					<Value>1</Value>
				</NamedMeasurement>
				<NamedMeasurement type="text/string" name="Completion Status">
					<Value>Completed</Value>
				</NamedMeasurement>
				<NamedMeasurement type="text/string" name="Command Line">
					<Value>/home/cs144/cs144_nju/Lab0-2023Spring-attentionat/build/tests/byte_stream_two_writes</Value>
				</NamedMeasurement>
				<Measurement>
					<Value encoding="base64" compression="gzip">eJxtkU1LBDEMhs/bXxHmpIcFZfGy4EFhBcGbex+ybcYJdNo6TZ0df73pDIKuFhpI8/E+SY+UBZ6QfRkJYgA6J7KCwjHszebww4PTLJTbaWQRUndnzHfdQDnjG2nBsSd41LxXGQkHyH0s3kGPH6TG/W4B9F7Qg0TYwakIcMhCmsQCE2a4MeaFFS52oO8pg/Qoyke2CDnIxVqV7Yr3swo/BxZGz58amlh6uLKY0LLM97d312YD9TzYdZIKQNBYlKbKi0LnBfhiYg6pSEvBkdsrz8U6StfR2NKQZP4bpdj9U7KMr0JLO3M4W0prpO5N6lc0C9t2taq8TTHV20CnyyZnvgBX/pXD====</Value>
				</Measurement>
			</Results>
		</Test>
		<Test Status="failed">
			<Name>t_byte_stream_many_writes</Name>
			<Path>.</Path>
			<FullName>./t_byte_stream_many_writes</FullName>
			<FullCommandLine>/home/cs144/cs144_nju/Lab0-2023Spring-attentionat/build/tests/byte_stream_many_writes</FullCommandLine>
			<Results>
				<NamedMeasurement type="text/string" name="Exit Code">
					<Value>Failed</Value>
				</NamedMeasurement>
				<NamedMeasurement type="text/string" name="Exit Value">
					<Value>1</Value>
				</NamedMeasurement>
				<NamedMeasurement type="numeric/double" name="Execution Time">
					<Value>0.00670314</Value>
				</NamedMeasurement>
				<NamedMeasurement type="numeric/double" name="Processors">
					<Value>1</Value>
				</NamedMeasurement>
				<NamedMeasurement type="text/string" name="Completion Status">
					<Value>Completed</Value>
				</NamedMeasurement>
				<NamedMeasurement type="text/string" name="Command Line">
					<Value>/home/cs144/cs144_nju/Lab0-2023Spring-attentionat/build/tests/byte_stream_many_writes</Value>
				</NamedMeasurement>
				<Measurement>
					<Value encoding="base64" compression="gzip">eJw1UTtv3jAMnOtfQXxTuiWdigAZWqABCnRr9kIPyuJnWU/KkvzrIycoBwLCkTre3RsWhldBrmaE4AF7RMWCKfjn5Qtc9UN9vKBlYoSb2Ss331eXkkjduNYPZULVLuv72XQ2MWmpadMsj2GSHFFR177F3Va7OXnfsoj3NdvshkxqU5JS7MFT6oPT3eajWu02RjRGaStzVL6f61ZpHK0U9mIbMTdxrikg+eDNJte9jFWLQbXhKYNRu56bUusU7OQ6zxtwALYIhTOKfVn+S96xFLHi1Po20Z+D8e/HBBQbqtNgxYGzaZATKv8uDxinTakKd/359P0JZGUgXxjnGDE0UeBxWf7QdDaYyYixTG7B01xUlVFDqUpNYlOdG5P6tycm4eicUCO28KBEFIp4vHx7vOrrsvzqCuNnENelfOV224Ufn7mUG5gpCfXyDuMerkE=</Value>
				</Measurement>
			</Results>
		</Test>
		<Test Status="notrun">
			<Name>router_test</Name>
			<Path>.</Path>
			<FullName>./router_test</FullName>
			<FullCommandLine></FullCommandLine>
			<Results>
				<NamedMeasurement type="numeric/double" name="Processors">
					<Value>1</Value>
				</NamedMeasurement>
				<NamedMeasurement type="text/string" name="Completion Status">
					<Value>Unable to find executable</Value>
				</NamedMeasurement>
				<NamedMeasurement type="text/string" name="Command Line">
					<Value></Value>
				</NamedMeasurement>
				<Measurement>
					<Value>Unable to find executable: network_simulator</Value>
				</Measurement>
			</Results>
		</Test>
		<Test Status="notrun">
			<Name>t_tcp_parser</Name>
			<Path>.</Path>
			<FullName>./t_tcp_parser</FullName>
			<FullCommandLine></FullCommandLine>
			<Results>
				<NamedMeasurement type="numeric/double" name="Processors">
					<Value>1</Value>
				</NamedMeasurement>
				<NamedMeasurement type="text/string" name="Completion Status">
					<Value>Unable to find executable</Value>
				</NamedMeasurement>
				<NamedMeasurement type="text/string" name="Command Line">
					<Value></Value>
				</NamedMeasurement>
				<Measurement>
					<Value>Unable to find executable: tcp_parser</Value>
				</Measurement>
			</Results>
		</Test>
		<Test Status="notrun">
			<Name>t_ipv4_parser</Name>
			<Path>.</Path>
			<FullName>./t_ipv4_parser</FullName>
			<FullCommandLine></FullCommandLine>
			<Results>
				<NamedMeasurement type="numeric/double" name="Processors">
					<Value>1</Value>
				</NamedMeasurement>
				<NamedMeasurement type="text/string" name="Completion Status">
					<Value>Unable to find executable</Value>
				</NamedMeasurement>
				<NamedMeasurement type="text/string" name="Command Line">
					<Value></Value>
				</NamedMeasurement>
				<Measurement>
					<Value>Unable to find executable: ipv4_parser</Value>
				</Measurement>
			</Results>
		</Test>
		<Test Status="notrun">
			<Name>t_active_close</Name>
			<Path>.</Path>
			<FullName>./t_active_close</FullName>
			<FullCommandLine></FullCommandLine>
			<Results>
				<NamedMeasurement type="numeric/double" name="Processors">
					<Value>1</Value>
				</NamedMeasurement>
				<NamedMeasurement type="text/string" name="Completion Status">
					<Value>Unable to find executable</Value>
				</NamedMeasurement>
				<NamedMeasurement type="text/string" name="Command Line">
					<Value></Value>
				</NamedMeasurement>
				<Measurement>
					<Value>Unable to find executable: fsm_active_close</Value>
				</Measurement>
			</Results>
		</Test>
		<Test Status="notrun">
			<Name>t_passive_close</Name>
			<Path>.</Path>
			<FullName>./t_passive_close</FullName>
			<FullCommandLine></FullCommandLine>
			<Results>
				<NamedMeasurement type="numeric/double" name="Processors">
					<Value>1</Value>
				</NamedMeasurement>
				<NamedMeasurement type="text/string" name="Completion Status">
					<Value>Unable to find executable</Value>
				</NamedMeasurement>
				<NamedMeasurement type="text/string" name="Command Line">
					<Value></Value>
				</NamedMeasurement>
				<Measurement>
					<Value>Unable to find executable: fsm_passive_close</Value>
				</Measurement>
			</Results>
		</Test>
		<Test Status="notrun">
			<Name>ec_ack_rst</Name>
			<Path>.</Path>
			<FullName>./ec_ack_rst</FullName>
			<FullCommandLine></FullCommandLine>
			<Results>
				<NamedMeasurement type="numeric/double" name="Processors">
					<Value>1</Value>
				</NamedMeasurement>
				<NamedMeasurement type="text/string" name="Completion Status">
					<Value>Unable to find executable</Value>
				</NamedMeasurement>
				<NamedMeasurement type="text/string" name="Command Line">
					<Value></Value>
				</NamedMeasurement>
				<Measurement>
					<Value>Unable to find executable: fsm_ack_rst</Value>
				</Measurement>
			</Results>
		</Test>
		<Test Status="notrun">
			<Name>t_ack_rst</Name>
			<Path>.</Path>
			<FullName>./t_ack_rst</FullName>
			<FullCommandLine></FullCommandLine>
			<Results>
				<NamedMeasurement type="numeric/double" name="Processors">
					<Value>1</Value>
				</NamedMeasurement>
				<NamedMeasurement type="text/string" name="Completion Status">
					<Value>Unable to find executable</Value>
				</NamedMeasurement>
				<NamedMeasurement type="text/string" name="Command Line">
					<Value></Value>
				</NamedMeasurement>
				<Measurement>
					<Value>Unable to find executable: fsm_ack_rst_relaxed</Value>
				</Measurement>
			</Results>
		</Test>
		<Test Status="notrun">
			<Name>ec_ack_rst_win</Name>
			<Path>.</Path>
			<FullName>./ec_ack_rst_win</FullName>
			<FullCommandLine></FullCommandLine>
			<Results>
				<NamedMeasurement type="numeric/double" name="Processors">
					<Value>1</Value>
				</NamedMeasurement>
				<NamedMeasurement type="text/string" name="Completion Status">
					<Value>Unable to find executable</Value>
				</NamedMeasurement>
				<NamedMeasurement type="text/string" name="Command Line">
					<Value></Value>
				</NamedMeasurement>
				<Measurement>
					<Value>Unable to find executable: fsm_ack_rst_win</Value>
				</Measurement>
			</Results>
		</Test>
		<Test Status="notrun">
			<Name>t_ack_rst_win</Name>
			<Path>.</Path>
			<FullName>./t_ack_rst_win</FullName>
			<FullCommandLine></FullCommandLine>
			<Results>
				<NamedMeasurement type="numeric/double" name="Processors">
					<Value>1</Value>
				</NamedMeasurement>
				<NamedMeasurement type="text/string" name="Completion Status">
					<Value>Unable to find executable</Value>
				</NamedMeasurement>
				<NamedMeasurement type="text/string" name="Command Line">
					<Value></Value>
				</NamedMeasurement>
				<Measurement>
					<Value>Unable to find executable: fsm_ack_rst_win_relaxed</Value>
				</Measurement>
			</Results>
		</Test>
		<Test Status="notrun">
			<Name>ec_connect</Name>
			<Path>.</Path>
			<FullName>./ec_connect</FullName>
			<FullCommandLine></FullCommandLine>
			<Results>
				<NamedMeasurement type="numeric/double" name="Processors">
					<Value>1</Value>
				</NamedMeasurement>
				<NamedMeasurement type="text/string" name="Completion Status">
					<Value>Unable to find executable</Value>
				</NamedMeasurement>
				<NamedMeasurement type="text/string" name="Command Line">
					<Value></Value>
				</NamedMeasurement>
				<Measurement>
					<Value>Unable to find executable: fsm_connect</Value>
				</Measurement>
			</Results>
		</Test>
		<Test Status="notrun">
			<Name>t_connect</Name>
			<Path>.</Path>
			<FullName>./t_connect</FullName>
			<FullCommandLine></FullCommandLine>
			<Results>
				<NamedMeasurement type="numeric/double" name="Processors">
					<Value>1</Value>
				</NamedMeasurement>
				<NamedMeasurement type="text/string" name="Completion Status">
					<Value>Unable to find executable</Value>
				</NamedMeasurement>
				<NamedMeasurement type="text/string" name="Command Line">
					<Value></Value>
				</NamedMeasurement>
				<Measurement>
					<Value>Unable to find executable: fsm_connect_relaxed</Value>
				</Measurement>
			</Results>
		</Test>
		<Test Status="notrun">
			<Name>ec_listen</Name>
			<Path>.</Path>
			<FullName>./ec_listen</FullName>
			<FullCommandLine></FullCommandLine>
			<Results>
				<NamedMeasurement type="numeric/double" name="Processors">
					<Value>1</Value>
				</NamedMeasurement>
				<NamedMeasurement type="text/string" name="Completion Status">
					<Value>Unable to find executable</Value>
				</NamedMeasurement>
				<NamedMeasurement type="text/string" name="Command Line">
					<Value></Value>
				</NamedMeasurement>
				<Measurement>
					<Value>Unable to find executable: fsm_listen</Value>
				</Measurement>
			</Results>
		</Test>
		<Test Status="notrun">
			<Name>t_listen</Name>
			<Path>.</Path>
			<FullName>./t_listen</FullName>
			<FullCommandLine></FullCommandLine>
			<Results>
				<NamedMeasurement type="numeric/double" name="Processors">
					<Value>1</Value>
				</NamedMeasurement>
				<NamedMeasurement type="text/string" name="Completion Status">
					<Value>Unable to find executable</Value>
				</NamedMeasurement>
				<NamedMeasurement type="text/string" name="Command Line">
					<Value></Value>
				</NamedMeasurement>
				<Measurement>
					<Value>Unable to find executable: fsm_listen_relaxed</Value>
				</Measurement>
			</Results>
		</Test>
		<Test Status="notrun">
			<Name>t_winsize</Name>
			<Path>.</Path>
			<FullName>./t_winsize</FullName>
			<FullCommandLine></FullCommandLine>
			<Results>
				<NamedMeasurement type="numeric/double" name="Processors">
					<Value>1</Value>
				</NamedMeasurement>
				<NamedMeasurement type="text/string" name="Completion Status">
					<Value>Unable to find executable</Value>
				</NamedMeasurement>
				<NamedMeasurement type="text/string" name="Command Line">
					<Value></Value>
				</NamedMeasurement>
				<Measurement>
					<Value>Unable to find executable: fsm_winsize</Value>
				</Measurement>
			</Results>
		</Test>
		<Test Status="notrun">
			<Name>ec_retx</Name>
			<Path>.</Path>
			<FullName>./ec_retx</FullName>
			<FullCommandLine></FullCommandLine>
			<Results>
				<NamedMeasurement type="numeric/double" name="Processors">
					<Value>1</Value>
				</NamedMeasurement>
				<NamedMeasurement type="text/string" name="Completion Status">
					<Value>Unable to find executable</Value>
				</NamedMeasurement>
				<NamedMeasurement type="text/string" name="Command Line">
					<Value></Value>
				</NamedMeasurement>
				<Measurement>
					<Value>Unable to find executable: fsm_retx</Value>
				</Measurement>
			</Results>
		</Test>
		<Test Status="notrun">
			<Name>t_retx</Name>
			<Path>.</Path>
			<FullName>./t_retx</FullName>
			<FullCommandLine></FullCommandLine>
			<Results>
				<NamedMeasurement type="numeric/double" name="Processors">
					<Value>1</Value>
				</NamedMeasurement>
				<NamedMeasurement type="text/string" name="Completion Status">
					<Value>Unable to find executable</Value>
				</NamedMeasurement>
				<NamedMeasurement type="text/string" name="Command Line">
					<Value></Value>
				</NamedMeasurement>
				<Measurement>
					<Value>Unable to find executable: fsm_retx_relaxed</Value>
				</Measurement>
			</Results>
		</Test>
		<Test Status="notrun">
			<Name>t_retx_win</Name>
			<Path>.</Path>
			<FullName>./t_retx_win</FullName>
			<FullCommandLine></FullCommandLine>
			<Results>
				<NamedMeasurement type="numeric/double" name="Processors">
					<Value>1</Value>
				</NamedMeasurement>
				<NamedMeasurement type="text/string" name="Completion Status">
					<Value>Unable to find executable</Value>
				</NamedMeasurement>
				<NamedMeasurement type="text/string" name="Command Line">
					<Value></Value>
				</NamedMeasurement>
				<Measurement>
					<Value>Unable to find executable: fsm_retx_win</Value>
				</Measurement>
			</Results>
		</Test>
		<Test Status="notrun">
			<Name>t_loopback</Name>
			<Path>.</Path>
			<FullName>./t_loopback</FullName>
			<FullCommandLine></FullCommandLine>
			<Results>
				<NamedMeasurement type="numeric/double" name="Processors">
					<Value>1</Value>
				</NamedMeasurement>
				<NamedMeasurement type="text/string" name="Completion Status">
					<Value>Unable to find executable</Value>
				</NamedMeasurement>
				<NamedMeasurement type="text/string" name="Command Line">
					<Value></Value>
				</NamedMeasurement>
				<Measurement>
					<Value>Unable to find executable: fsm_loopback</Value>
				</Measurement>
			</Results>
		</Test>
		<Test Status="notrun">
			<Name>t_loopback_win</Name>
			<Path>.</Path>
			<FullName>./t_loopback_win</FullName>
			<FullCommandLine></FullCommandLine>
			<Results>
				<NamedMeasurement type="numeric/double" name="Processors">
					<Value>1</Value>
				</NamedMeasurement>
				<NamedMeasurement type="text/string" name="Completion Status">
					<Value>Unable to find executable</Value>
				</NamedMeasurement>
				<NamedMeasurement type="text/string" name="Command Line">
					<Value></Value>
				</NamedMeasurement>
				<Measurement>
					<Value>Unable to find executable: fsm_loopback_win</Value>
				</Measurement>
			</Results>
		</Test>
		<Test Status="notrun">
			<Name>t_reorder</Name>
			<Path>.</Path>
			<FullName>./t_reorder</FullName>
			<FullCommandLine></FullCommandLine>
			<Results>
				<NamedMeasurement type="numeric/double" name="Processors">
					<Value>1</Value>
				</NamedMeasurement>
				<NamedMeasurement type="text/string" name="Completion Status">
					<Value>Unable to find executable</Value>
				</NamedMeasurement>
				<NamedMeasurement type="text/string" name="Command Line">
					<Value></Value>
				</NamedMeasurement>
				<Measurement>
					<Value>Unable to find executable: fsm_reorder</Value>
				</Measurement>
			</Results>
		</Test>
		<Test Status="notrun">
			<Name>t_udp_client_send</Name>
			<Path>.</Path>
			<FullName>./t_udp_client_send</FullName>
			<FullCommandLine></FullCommandLine>
			<Results>
				<NamedMeasurement type="numeric/double" name="Processors">
					<Value>1</Value>
				</NamedMeasurement>
				<NamedMeasurement type="text/string" name="Completion Status">
					<Value>Unable to find executable</Value>
				</NamedMeasurement>
				<NamedMeasurement type="text/string" name="Command Line">
					<Value></Value>
				</NamedMeasurement>
				<Measurement>
					<Value>Unable to find executable: /home/cs144/cs144_nju/Lab0-2023Spring-attentionat/sponge/txrx.sh</Value>
				</Measurement>
			</Results>
		</Test>
		<Test Status="notrun">
			<Name>t_udp_server_send</Name>
			<Path>.</Path>
			<FullName>./t_udp_server_send</FullName>
			<FullCommandLine></FullCommandLine>
			<Results>
				<NamedMeasurement type="numeric/double" name="Processors">
					<Value>1</Value>
				</NamedMeasurement>
				<NamedMeasurement type="text/string" name="Completion Status">
					<Value>Unable to find executable</Value>
				</NamedMeasurement>
				<NamedMeasurement type="text/string" name="Command Line">
					<Value></Value>
				</NamedMeasurement>
				<Measurement>
					<Value>Unable to find executable: /home/cs144/cs144_nju/Lab0-2023Spring-attentionat/sponge/txrx.sh</Value>
				</Measurement>
			</Results>
		</Test>
		<Test Status="notrun">
			<Name>t_udp_client_recv</Name>
			<Path>.</Path>
			<FullName>./t_udp_client_recv</FullName>
			<FullCommandLine></FullCommandLine>
			<Results>
				<NamedMeasurement type="numeric/double" name="Processors">
					<Value>1</Value>
				</NamedMeasurement>
				<NamedMeasurement type="text/string" name="Completion Status">
					<Value>Unable to find executable</Value>
				</NamedMeasurement>
				<NamedMeasurement type="text/string" name="Command Line">
					<Value></Value>
				</NamedMeasurement>
				<Measurement>
					<Value>Unable to find executable: /home/cs144/cs144_nju/Lab0-2023Spring-attentionat/sponge/txrx.sh</Value>
				</Measurement>
			</Results>
		</Test>
		<Test Status="notrun">
			<Name>t_udp_server_recv</Name>
			<Path>.</Path>
			<FullName>./t_udp_server_recv</FullName>
			<FullCommandLine></FullCommandLine>
			<Results>
				<NamedMeasurement type="numeric/double" name="Processors">
					<Value>1</Value>
				</NamedMeasurement>
				<NamedMeasurement type="text/string" name="Completion Status">
					<Value>Unable to find executable</Value>
				</NamedMeasurement>
				<NamedMeasurement type="text/string" name="Command Line">
					<Value></Value>
				</NamedMeasurement>
				<Measurement>
					<Value>Unable to find executable: /home/cs144/cs144_nju/Lab0-2023Spring-attentionat/sponge/txrx.sh</Value>
				</Measurement>
			</Results>
		</Test>
		<Test Status="notrun">
			<Name>t_udp_client_dupl</Name>
			<Path>.</Path>
			<FullName>./t_udp_client_dupl</FullName>
			<FullCommandLine></FullCommandLine>
			<Results>
				<NamedMeasurement type="numeric/double" name="Processors">
					<Value>1</Value>
				</NamedMeasurement>
				<NamedMeasurement type="text/string" name="Completion Status">
					<Value>Unable to find executable</Value>
				</NamedMeasurement>
				<NamedMeasurement type="text/string" name="Command Line">
					<Value></Value>
				</NamedMeasurement>
				<Measurement>
					<Value>Unable to find executable: /home/cs144/cs144_nju/Lab0-2023Spring-attentionat/sponge/txrx.sh</Value>
				</Measurement>
			</Results>
		</Test>
		<Test Status="notrun">
			<Name>t_udp_server_dupl</Name>
			<Path>.</Path>
			<FullName>./t_udp_server_dupl</FullName>
			<FullCommandLine></FullCommandLine>
			<Results>
				<NamedMeasurement type="numeric/double" name="Processors">
					<Value>1</Value>
				</NamedMeasurement>
				<NamedMeasurement type="text/string" name="Completion Status">
					<Value>Unable to find executable</Value>
				</NamedMeasurement>
				<NamedMeasurement type="text/string" name="Command Line">
					<Value></Value>
				</NamedMeasurement>
				<Measurement>
					<Value>Unable to find executable: /home/cs144/cs144_nju/Lab0-2023Spring-attentionat/sponge/txrx.sh</Value>
				</Measurement>
			</Results>
		</Test>
		<Test Status="notrun">
			<Name>t_ucS_1M_32k</Name>
			<Path>.</Path>
			<FullName>./t_ucS_1M_32k</FullName>
			<FullCommandLine></FullCommandLine>
			<Results>
				<NamedMeasurement type="numeric/double" name="Processors">
					<Value>1</Value>
				</NamedMeasurement>
				<NamedMeasurement type="text/string" name="Completion Status">
					<Value>Unable to find executable</Value>
				</NamedMeasurement>
				<NamedMeasurement type="text/string" name="Command Line">
					<Value></Value>
				</NamedMeasurement>
				<Measurement>
					<Value>Unable to find executable: /home/cs144/cs144_nju/Lab0-2023Spring-attentionat/sponge/txrx.sh</Value>
				</Measurement>
			</Results>
		</Test>
		<Test Status="notrun">
			<Name>t_ucS_128K_8K</Name>
			<Path>.</Path>
			<FullName>./t_ucS_128K_8K</FullName>
			<FullCommandLine></FullCommandLine>
			<Results>
				<NamedMeasurement type="numeric/double" name="Processors">
					<Value>1</Value>
				</NamedMeasurement>
				<NamedMeasurement type="text/string" name="Completion Status">
					<Value>Unable to find executable</Value>
				</NamedMeasurement>
				<NamedMeasurement type="text/string" name="Command Line">
					<Value></Value>
				</NamedMeasurement>
				<Measurement>
					<Value>Unable to find executable: /home/cs144/cs144_nju/Lab0-2023Spring-attentionat/sponge/txrx.sh</Value>
				</Measurement>
			</Results>
		</Test>
		<Test Status="notrun">
			<Name>t_ucS_16_1</Name>
			<Path>.</Path>
			<FullName>./t_ucS_16_1</FullName>
			<FullCommandLine></FullCommandLine>
			<Results>
				<NamedMeasurement type="numeric/double" name="Processors">
					<Value>1</Value>
				</NamedMeasurement>
				<NamedMeasurement type="text/string" name="Completion Status">
					<Value>Unable to find executable</Value>
				</NamedMeasurement>
				<NamedMeasurement type="text/string" name="Command Line">
					<Value></Value>
				</NamedMeasurement>
				<Measurement>
					<Value>Unable to find executable: /home/cs144/cs144_nju/Lab0-2023Spring-attentionat/sponge/txrx.sh</Value>
				</Measurement>
			</Results>
		</Test>
		<Test Status="notrun">
			<Name>t_ucS_32K_d</Name>
			<Path>.</Path>
			<FullName>./t_ucS_32K_d</FullName>
			<FullCommandLine></FullCommandLine>
			<Results>
				<NamedMeasurement type="numeric/double" name="Processors">
					<Value>1</Value>
				</NamedMeasurement>
				<NamedMeasurement type="text/string" name="Completion Status">
					<Value>Unable to find executable</Value>
				</NamedMeasurement>
				<NamedMeasurement type="text/string" name="Command Line">
					<Value></Value>
				</NamedMeasurement>
				<Measurement>
					<Value>Unable to find executable: /home/cs144/cs144_nju/Lab0-2023Spring-attentionat/sponge/txrx.sh</Value>
				</Measurement>
			</Results>
		</Test>
		<Test Status="notrun">
			<Name>t_ucR_1M_32k</Name>
			<Path>.</Path>
			<FullName>./t_ucR_1M_32k</FullName>
			<FullCommandLine></FullCommandLine>
			<Results>
				<NamedMeasurement type="numeric/double" name="Processors">
					<Value>1</Value>
				</NamedMeasurement>
				<NamedMeasurement type="text/string" name="Completion Status">
					<Value>Unable to find executable</Value>
				</NamedMeasurement>
				<NamedMeasurement type="text/string" name="Command Line">
					<Value></Value>
				</NamedMeasurement>
				<Measurement>
					<Value>Unable to find executable: /home/cs144/cs144_nju/Lab0-2023Spring-attentionat/sponge/txrx.sh</Value>
				</Measurement>
			</Results>
		</Test>
		<Test Status="notrun">
			<Name>t_ucR_128K_8K</Name>
			<Path>.</Path>
			<FullName>./t_ucR_128K_8K</FullName>
			<FullCommandLine></FullCommandLine>
			<Results>
				<NamedMeasurement type="numeric/double" name="Processors">
					<Value>1</Value>
				</NamedMeasurement>
				<NamedMeasurement type="text/string" name="Completion Status">
					<Value>Unable to find executable</Value>
				</NamedMeasurement>
				<NamedMeasurement type="text/string" name="Command Line">
					<Value></Value>
				</NamedMeasurement>
				<Measurement>
					<Value>Unable to find executable: /home/cs144/cs144_nju/Lab0-2023Spring-attentionat/sponge/txrx.sh</Value>
				</Measurement>
			</Results>
		</Test>
		<Test Status="notrun">
			<Name>t_ucR_16_1</Name>
			<Path>.</Path>
			<FullName>./t_ucR_16_1</FullName>
			<FullCommandLine></FullCommandLine>
			<Results>
				<NamedMeasurement type="numeric/double" name="Processors">
					<Value>1</Value>
				</NamedMeasurement>
				<NamedMeasurement type="text/string" name="Completion Status">
					<Value>Unable to find executable</Value>
				</NamedMeasurement>
				<NamedMeasurement type="text/string" name="Command Line">
					<Value></Value>
				</NamedMeasurement>
				<Measurement>
					<Value>Unable to find executable: /home/cs144/cs144_nju/Lab0-2023Spring-attentionat/sponge/txrx.sh</Value>
				</Measurement>
			</Results>
		</Test>
		<Test Status="notrun">
			<Name>t_ucR_32K_d</Name>
			<Path>.</Path>
			<FullName>./t_ucR_32K_d</FullName>
			<FullCommandLine></FullCommandLine>
			<Results>
				<NamedMeasurement type="numeric/double" name="Processors">
					<Value>1</Value>
				</NamedMeasurement>
				<NamedMeasurement type="text/string" name="Completion Status">
					<Value>Unable to find executable</Value>
				</NamedMeasurement>
				<NamedMeasurement type="text/string" name="Command Line">
					<Value></Value>
				</NamedMeasurement>
				<Measurement>
					<Value>Unable to find executable: /home/cs144/cs144_nju/Lab0-2023Spring-attentionat/sponge/txrx.sh</Value>
				</Measurement>
			</Results>
		</Test>
		<Test Status="notrun">
			<Name>t_ucD_1M_32k</Name>
			<Path>.</Path>
			<FullName>./t_ucD_1M_32k</FullName>
			<FullCommandLine></FullCommandLine>
			<Results>
				<NamedMeasurement type="numeric/double" name="Processors">
					<Value>1</Value>
				</NamedMeasurement>
				<NamedMeasurement type="text/string" name="Completion Status">
					<Value>Unable to find executable</Value>
				</NamedMeasurement>
				<NamedMeasurement type="text/string" name="Command Line">
					<Value></Value>
				</NamedMeasurement>
				<Measurement>
					<Value>Unable to find executable: /home/cs144/cs144_nju/Lab0-2023Spring-attentionat/sponge/txrx.sh</Value>
				</Measurement>
			</Results>
		</Test>
		<Test Status="notrun">
			<Name>t_ucD_128K_8K</Name>
			<Path>.</Path>
			<FullName>./t_ucD_128K_8K</FullName>
			<FullCommandLine></FullCommandLine>
			<Results>
				<NamedMeasurement type="numeric/double" name="Processors">
					<Value>1</Value>
				</NamedMeasurement>
				<NamedMeasurement type="text/string" name="Completion Status">
					<Value>Unable to find executable</Value>
				</NamedMeasurement>
				<NamedMeasurement type="text/string" name="Command Line">
					<Value></Value>
				</NamedMeasurement>
				<Measurement>
					<Value>Unable to find executable: /home/cs144/cs144_nju/Lab0-2023Spring-attentionat/sponge/txrx.sh</Value>
				</Measurement>
			</Results>
		</Test>
		<Test Status="notrun">
			<Name>t_ucD_16_1</Name>
			<Path>.</Path>
			<FullName>./t_ucD_16_1</FullName>
			<FullCommandLine></FullCommandLine>
			<Results>
				<NamedMeasurement type="numeric/double" name="Processors">
					<Value>1</Value>
				</NamedMeasurement>
				<NamedMeasurement type="text/string" name="Completion Status">
					<Value>Unable to find executable</Value>
				</NamedMeasurement>
				<NamedMeasurement type="text/string" name="Command Line">
					<Value></Value>
				</NamedMeasurement>
				<Measurement>
					<Value>Unable to find executable: /home/cs144/cs144_nju/Lab0-2023Spring-attentionat/sponge/txrx.sh</Value>
				</Measurement>
			</Results>
		</Test>
		<Test Status="notrun">
			<Name>t_ucD_32K_d</Name>
			<Path>.</Path>
			<FullName>./t_ucD_32K_d</FullName>
			<FullCommandLine></FullCommandLine>
			<Results>
				<NamedMeasurement type="numeric/double" name="Processors">
					<Value>1</Value>
				</NamedMeasurement>
				<NamedMeasurement type="text/string" name="Completion Status">
					<Value>Unable to find executable</Value>
				</NamedMeasurement>
				<NamedMeasurement type="text/string" name="Command Line">
					<Value></Value>
				</NamedMeasurement>
				<Measurement>
					<Value>Unable to find executable: /home/cs144/cs144_nju/Lab0-2023Spring-attentionat/sponge/txrx.sh</Value>
				</Measurement>
			</Results>
		</Test>
		<Test Status="notrun">
			<Name>t_usS_1M_32k</Name>
			<Path>.</Path>
			<FullName>./t_usS_1M_32k</FullName>
			<FullCommandLine></FullCommandLine>
			<Results>
				<NamedMeasurement type="numeric/double" name="Processors">
					<Value>1</Value>
				</NamedMeasurement>
				<NamedMeasurement type="text/string" name="Completion Status">
					<Value>Unable to find executable</Value>
				</NamedMeasurement>
				<NamedMeasurement type="text/string" name="Command Line">
					<Value></Value>
				</NamedMeasurement>
				<Measurement>
					<Value>Unable to find executable: /home/cs144/cs144_nju/Lab0-2023Spring-attentionat/sponge/txrx.sh</Value>
				</Measurement>
			</Results>
		</Test>
		<Test Status="notrun">
			<Name>t_usS_128K_8K</Name>
			<Path>.</Path>
			<FullName>./t_usS_128K_8K</FullName>
			<FullCommandLine></FullCommandLine>
			<Results>
				<NamedMeasurement type="numeric/double" name="Processors">
					<Value>1</Value>
				</NamedMeasurement>
				<NamedMeasurement type="text/string" name="Completion Status">
					<Value>Unable to find executable</Value>
				</NamedMeasurement>
				<NamedMeasurement type="text/string" name="Command Line">
					<Value></Value>
				</NamedMeasurement>
				<Measurement>
					<Value>Unable to find executable: /home/cs144/cs144_nju/Lab0-2023Spring-attentionat/sponge/txrx.sh</Value>
				</Measurement>
			</Results>
		</Test>
		<Test Status="notrun">
			<Name>t_usS_16_1</Name>
			<Path>.</Path>
			<FullName>./t_usS_16_1</FullName>
			<FullCommandLine></FullCommandLine>
			<Results>
				<NamedMeasurement type="numeric/double" name="Processors">
					<Value>1</Value>
				</NamedMeasurement>
				<NamedMeasurement type="text/string" name="Completion Status">
					<Value>Unable to find executable</Value>
				</NamedMeasurement>
				<NamedMeasurement type="text/string" name="Command Line">
					<Value></Value>
				</NamedMeasurement>
				<Measurement>
					<Value>Unable to find executable: /home/cs144/cs144_nju/Lab0-2023Spring-attentionat/sponge/txrx.sh</Value>
				</Measurement>
			</Results>
		</Test>
		<Test Status="notrun">
			<Name>t_usS_32K_d</Name>
			<Path>.</Path>
			<FullName>./t_usS_32K_d</FullName>
			<FullCommandLine></FullCommandLine>
			<Results>
				<NamedMeasurement type="numeric/double" name="Processors">
					<Value>1</Value>
				</NamedMeasurement>
				<NamedMeasurement type="text/string" name="Completion Status">
					<Value>Unable to find executable</Value>
				</NamedMeasurement>
				<NamedMeasurement type="text/string" name="Command Line">
					<Value></Value>
				</NamedMeasurement>
				<Measurement>
					<Value>Unable to find executable: /home/cs144/cs144_nju/Lab0-2023Spring-attentionat/sponge/txrx.sh</Value>
				</Measurement>
			</Results>
		</Test>
		<Test Status="notrun">
			<Name>t_usR_1M_32k</Name>
			<Path>.</Path>
			<FullName>./t_usR_1M_32k</FullName>
			<FullCommandLine></FullCommandLine>
			<Results>
				<NamedMeasurement type="numeric/double" name="Processors">
					<Value>1</Value>
				</NamedMeasurement>
				<NamedMeasurement type="text/string" name="Completion Status">
					<Value>Unable to find executable</Value>
				</NamedMeasurement>
				<NamedMeasurement type="text/string" name="Command Line">
					<Value></Value>
				</NamedMeasurement>
				<Measurement>
					<Value>Unable to find executable: /home/cs144/cs144_nju/Lab0-2023Spring-attentionat/sponge/txrx.sh</Value>
				</Measurement>
			</Results>
		</Test>
		<Test Status="notrun">
			<Name>t_usR_128K_8K</Name>
			<Path>.</Path>
			<FullName>./t_usR_128K_8K</FullName>
			<FullCommandLine></FullCommandLine>
			<Results>
				<NamedMeasurement type="numeric/double" name="Processors">
					<Value>1</Value>
				</NamedMeasurement>
				<NamedMeasurement type="text/string" name="Completion Status">
					<Value>Unable to find executable</Value>
				</NamedMeasurement>
				<NamedMeasurement type="text/string" name="Command Line">
					<Value></Value>
				</NamedMeasurement>
				<Measurement>
					<Value>Unable to find executable: /home/cs144/cs144_nju/Lab0-2023Spring-attentionat/sponge/txrx.sh</Value>
				</Measurement>
			</Results>
		</Test>
		<Test Status="notrun">
			<Name>t_usR_16_1</Name>
			<Path>.</Path>
			<FullName>./t_usR_16_1</FullName>
			<FullCommandLine></FullCommandLine>
			<Results>
				<NamedMeasurement type="numeric/double" name="Processors">
					<Value>1</Value>
				</NamedMeasurement>
				<NamedMeasurement type="text/string" name="Completion Status">
					<Value>Unable to find executable</Value>
				</NamedMeasurement>
				<NamedMeasurement type="text/string" name="Command Line">
					<Value></Value>
				</NamedMeasurement>
				<Measurement>
					<Value>Unable to find executable: /home/cs144/cs144_nju/Lab0-2023Spring-attentionat/sponge/txrx.sh</Value>
				</Measurement>
			</Results>
		</Test>
		<Test Status="notrun">
			<Name>t_usR_32K_d</Name>
			<Path>.</Path>
			<FullName>./t_usR_32K_d</FullName>
			<FullCommandLine></FullCommandLine>
			<Results>
				<NamedMeasurement type="numeric/double" name="Processors">
					<Value>1</Value>
				</NamedMeasurement>
				<NamedMeasurement type="text/string" name="Completion Status">
					<Value>Unable to find executable</Value>
				</NamedMeasurement>
				<NamedMeasurement type="text/string" name="Command Line">
					<Value></Value>
				</NamedMeasurement>
				<Measurement>
					<Value>Unable to find executable: /home/cs144/cs144_nju/Lab0-2023Spring-attentionat/sponge/txrx.sh</Value>
				</Measurement>
			</Results>
		</Test>
		<Test Status="notrun">
			<Name>t_usD_1M_32k</Name>
			<Path>.</Path>
			<FullName>./t_usD_1M_32k</FullName>
			<FullCommandLine></FullCommandLine>
			<Results>
				<NamedMeasurement type="numeric/double" name="Processors">
					<Value>1</Value>
				</NamedMeasurement>
				<NamedMeasurement type="text/string" name="Completion Status">
					<Value>Unable to find executable</Value>
				</NamedMeasurement>
				<NamedMeasurement type="text/string" name="Command Line">
					<Value></Value>
				</NamedMeasurement>
				<Measurement>
					<Value>Unable to find executable: /home/cs144/cs144_nju/Lab0-2023Spring-attentionat/sponge/txrx.sh</Value>
				</Measurement>
			</Results>
		</Test>
		<Test Status="notrun">
			<Name>t_usD_128K_8K</Name>
			<Path>.</Path>
			<FullName>./t_usD_128K_8K</FullName>
			<FullCommandLine></FullCommandLine>
			<Results>
				<NamedMeasurement type="numeric/double" name="Processors">
					<Value>1</Value>
				</NamedMeasurement>
				<NamedMeasurement type="text/string" name="Completion Status">
					<Value>Unable to find executable</Value>
				</NamedMeasurement>
				<NamedMeasurement type="text/string" name="Command Line">
					<Value></Value>
				</NamedMeasurement>
				<Measurement>
					<Value>Unable to find executable: /home/cs144/cs144_nju/Lab0-2023Spring-attentionat/sponge/txrx.sh</Value>
				</Measurement>
			</Results>
		</Test>
		<Test Status="notrun">
			<Name>t_usD_16_1</Name>
			<Path>.</Path>
			<FullName>./t_usD_16_1</FullName>
			<FullCommandLine></FullCommandLine>
			<Results>
				<NamedMeasurement type="numeric/double" name="Processors">
					<Value>1</Value>
				</NamedMeasurement>
				<NamedMeasurement type="text/string" name="Completion Status">
					<Value>Unable to find executable</Value>
				</NamedMeasurement>
				<NamedMeasurement type="text/string" name="Command Line">
					<Value></Value>
				</NamedMeasurement>
				<Measurement>
					<Value>Unable to find executable: /home/cs144/cs144_nju/Lab0-2023Spring-attentionat/sponge/txrx.sh</Value>
				</Measurement>
			</Results>
		</Test>
		<Test Status="notrun">
			<Name>t_usD_32K_d</Name>
			<Path>.</Path>
			<FullName>./t_usD_32K_d</FullName>
			<FullCommandLine></FullCommandLine>
			<Results>
				<NamedMeasurement type="numeric/double" name="Processors">
					<Value>1</Value>
				</NamedMeasurement>
				<NamedMeasurement type="text/string" name="Completion Status">
					<Value>Unable to find executable</Value>
				</NamedMeasurement>
				<NamedMeasurement type="text/string" name="Command Line">
					<Value></Value>
				</NamedMeasurement>
				<Measurement>
					<Value>Unable to find executable: /home/cs144/cs144_nju/Lab0-2023Spring-attentionat/sponge/txrx.sh</Value>
				</Measurement>
			</Results>
		</Test>
		<Test Status="notrun">
			<Name>t_ucS_128K_8K_l</Name>
			<Path>.</Path>
			<FullName>./t_ucS_128K_8K_l</FullName>
			<FullCommandLine></FullCommandLine>
			<Results>
				<NamedMeasurement type="numeric/double" name="Processors">
					<Value>1</Value>
				</NamedMeasurement>
				<NamedMeasurement type="text/string" name="Completion Status">
					<Value>Unable to find executable</Value>
				</NamedMeasurement>
				<NamedMeasurement type="text/string" name="Command Line">
					<Value></Value>
				</NamedMeasurement>
				<Measurement>
					<Value>Unable to find executable: /home/cs144/cs144_nju/Lab0-2023Spring-attentionat/sponge/txrx.sh</Value>
				</Measurement>
			</Results>
		</Test>
		<Test Status="notrun">
			<Name>t_ucS_128K_8K_L</Name>
			<Path>.</Path>
			<FullName>./t_ucS_128K_8K_L</FullName>
			<FullCommandLine></FullCommandLine>
			<Results>
				<NamedMeasurement type="numeric/double" name="Processors">
					<Value>1</Value>
				</NamedMeasurement>
				<NamedMeasurement type="text/string" name="Completion Status">
					<Value>Unable to find executable</Value>
				</NamedMeasurement>
				<NamedMeasurement type="text/string" name="Command Line">
					<Value></Value>
				</NamedMeasurement>
				<Measurement>
					<Value>Unable to find executable: /home/cs144/cs144_nju/Lab0-2023Spring-attentionat/sponge/txrx.sh</Value>
				</Measurement>
			</Results>
		</Test>
		<Test Status="notrun">
			<Name>t_ucS_128K_8K_lL</Name>
			<Path>.</Path>
			<FullName>./t_ucS_128K_8K_lL</FullName>
			<FullCommandLine></FullCommandLine>
			<Results>
				<NamedMeasurement type="numeric/double" name="Processors">
					<Value>1</Value>
				</NamedMeasurement>
				<NamedMeasurement type="text/string" name="Completion Status">
					<Value>Unable to find executable</Value>
				</NamedMeasurement>
				<NamedMeasurement type="text/string" name="Command Line">
					<Value></Value>
				</NamedMeasurement>
				<Measurement>
					<Value>Unable to find executable: /home/cs144/cs144_nju/Lab0-2023Spring-attentionat/sponge/txrx.sh</Value>
				</Measurement>
			</Results>
		</Test>
		<Test Status="notrun">
			<Name>t_ucR_128K_8K_l</Name>
			<Path>.</Path>
			<FullName>./t_ucR_128K_8K_l</FullName>
			<FullCommandLine></FullCommandLine>
			<Results>
				<NamedMeasurement type="numeric/double" name="Processors">
					<Value>1</Value>
				</NamedMeasurement>
				<NamedMeasurement type="text/string" name="Completion Status">
					<Value>Unable to find executable</Value>
				</NamedMeasurement>
				<NamedMeasurement type="text/string" name="Command Line">
					<Value></Value>
				</NamedMeasurement>
				<Measurement>
					<Value>Unable to find executable: /home/cs144/cs144_nju/Lab0-2023Spring-attentionat/sponge/txrx.sh</Value>
				</Measurement>
			</Results>
		</Test>
		<Test Status="notrun">
			<Name>t_ucR_128K_8K_L</Name>
			<Path>.</Path>
			<FullName>./t_ucR_128K_8K_L</FullName>
			<FullCommandLine></FullCommandLine>
			<Results>
				<NamedMeasurement type="numeric/double" name="Processors">
					<Value>1</Value>
				</NamedMeasurement>
				<NamedMeasurement type="text/string" name="Completion Status">
					<Value>Unable to find executable</Value>
				</NamedMeasurement>
				<NamedMeasurement type="text/string" name="Command Line">
					<Value></Value>
				</NamedMeasurement>
				<Measurement>
					<Value>Unable to find executable: /home/cs144/cs144_nju/Lab0-2023Spring-attentionat/sponge/txrx.sh</Value>
				</Measurement>
			</Results>
		</Test>
		<Test Status="notrun">
			<Name>t_ucR_128K_8K_lL</Name>
			<Path>.</Path>
			<FullName>./t_ucR_128K_8K_lL</FullName>
			<FullCommandLine></FullCommandLine>
			<Results>
				<NamedMeasurement type="numeric/double" name="Processors">
					<Value>1</Value>
				</NamedMeasurement>
				<NamedMeasurement type="text/string" name="Completion Status">
					<Value>Unable to find executable</Value>
				</NamedMeasurement>
				<NamedMeasurement type="text/string" name="Command Line">
					<Value></Value>
				</NamedMeasurement>
				<Measurement>
					<Value>Unable to find executable: /home/cs144/cs144_nju/Lab0-2023Spring-attentionat/sponge/txrx.sh</Value>
				</Measurement>
			</Results>
		</Test>
		<Test Status="notrun">
			<Name>t_ucD_128K_8K_l</Name>
			<Path>.</Path>
			<FullName>./t_ucD_128K_8K_l</FullName>
			<FullCommandLine></FullCommandLine>
			<Results>
				<NamedMeasurement type="numeric/double" name="Processors">
					<Value>1</Value>
				</NamedMeasurement>
				<NamedMeasurement type="text/string" name="Completion Status">
					<Value>Unable to find executable</Value>
				</NamedMeasurement>
				<NamedMeasurement type="text/string" name="Command Line">
					<Value></Value>
				</NamedMeasurement>
				<Measurement>
					<Value>Unable to find executable: /home/cs144/cs144_nju/Lab0-2023Spring-attentionat/sponge/txrx.sh</Value>
				</Measurement>
			</Results>
		</Test>
		<Test Status="notrun">
			<Name>t_ucD_128K_8K_L</Name>
			<Path>.</Path>
			<FullName>./t_ucD_128K_8K_L</FullName>
			<FullCommandLine></FullCommandLine>
			<Results>
				<NamedMeasurement type="numeric/double" name="Processors">
					<Value>1</Value>
				</NamedMeasurement>
				<NamedMeasurement type="text/string" name="Completion Status">
					<Value>Unable to find executable</Value>
				</NamedMeasurement>
				<NamedMeasurement type="text/string" name="Command Line">
					<Value></Value>
				</NamedMeasurement>
				<Measurement>
					<Value>Unable to find executable: /home/cs144/cs144_nju/Lab0-2023Spring-attentionat/sponge/txrx.sh</Value>
				</Measurement>
			</Results>
		</Test>
		<Test Status="notrun">
			<Name>t_ucD_128K_8K_lL</Name>
			<Path>.</Path>
			<FullName>./t_ucD_128K_8K_lL</FullName>
			<FullCommandLine></FullCommandLine>
			<Results>
				<NamedMeasurement type="numeric/double" name="Processors">
					<Value>1</Value>
				</NamedMeasurement>
				<NamedMeasurement type="text/string" name="Completion Status">
					<Value>Unable to find executable</Value>
				</NamedMeasurement>
				<NamedMeasurement type="text/string" name="Command Line">
					<Value></Value>
				</NamedMeasurement>
				<Measurement>
					<Value>Unable to find executable: /home/cs144/cs144_nju/Lab0-2023Spring-attentionat/sponge/txrx.sh</Value>
				</Measurement>
			</Results>
		</Test>
		<Test Status="notrun">
			<Name>t_usS_128K_8K_l</Name>
			<Path>.</Path>
			<FullName>./t_usS_128K_8K_l</FullName>
			<FullCommandLine></FullCommandLine>
			<Results>
				<NamedMeasurement type="numeric/double" name="Processors">
					<Value>1</Value>
				</NamedMeasurement>
				<NamedMeasurement type="text/string" name="Completion Status">
					<Value>Unable to find executable</Value>
				</NamedMeasurement>
				<NamedMeasurement type="text/string" name="Command Line">
					<Value></Value>
				</NamedMeasurement>
				<Measurement>
					<Value>Unable to find executable: /home/cs144/cs144_nju/Lab0-2023Spring-attentionat/sponge/txrx.sh</Value>
				</Measurement>
			</Results>
		</Test>
		<Test Status="notrun">
			<Name>t_usS_128K_8K_L</Name>
			<Path>.</Path>
			<FullName>./t_usS_128K_8K_L</FullName>
			<FullCommandLine></FullCommandLine>
			<Results>
				<NamedMeasurement type="numeric/double" name="Processors">
					<Value>1</Value>
				</NamedMeasurement>
				<NamedMeasurement type="text/string" name="Completion Status">
					<Value>Unable to find executable</Value>
				</NamedMeasurement>
				<NamedMeasurement type="text/string" name="Command Line">
					<Value></Value>
				</NamedMeasurement>
				<Measurement>
					<Value>Unable to find executable: /home/cs144/cs144_nju/Lab0-2023Spring-attentionat/sponge/txrx.sh</Value>
				</Measurement>
			</Results>
		</Test>
		<Test Status="notrun">
			<Name>t_usS_128K_8K_lL</Name>
			<Path>.</Path>
			<FullName>./t_usS_128K_8K_lL</FullName>
			<FullCommandLine></FullCommandLine>
			<Results>
				<NamedMeasurement type="numeric/double" name="Processors">
					<Value>1</Value>
				</NamedMeasurement>
				<NamedMeasurement type="text/string" name="Completion Status">
					<Value>Unable to find executable</Value>
				</NamedMeasurement>
				<NamedMeasurement type="text/string" name="Command Line">
					<Value></Value>
				</NamedMeasurement>
				<Measurement>
					<Value>Unable to find executable: /home/cs144/cs144_nju/Lab0-2023Spring-attentionat/sponge/txrx.sh</Value>
				</Measurement>
			</Results>
		</Test>
		<Test Status="notrun">
			<Name>t_usR_128K_8K_l</Name>
			<Path>.</Path>
			<FullName>./t_usR_128K_8K_l</FullName>
			<FullCommandLine></FullCommandLine>
			<Results>
				<NamedMeasurement type="numeric/double" name="Processors">
					<Value>1</Value>
				</NamedMeasurement>
				<NamedMeasurement type="text/string" name="Completion Status">
					<Value>Unable to find executable</Value>
				</NamedMeasurement>
				<NamedMeasurement type="text/string" name="Command Line">
					<Value></Value>
				</NamedMeasurement>
				<Measurement>
					<Value>Unable to find executable: /home/cs144/cs144_nju/Lab0-2023Spring-attentionat/sponge/txrx.sh</Value>
				</Measurement>
			</Results>
		</Test>
		<Test Status="notrun">
			<Name>t_usR_128K_8K_L</Name>
			<Path>.</Path>
			<FullName>./t_usR_128K_8K_L</FullName>
			<FullCommandLine></FullCommandLine>
			<Results>
				<NamedMeasurement type="numeric/double" name="Processors">
					<Value>1</Value>
				</NamedMeasurement>
				<NamedMeasurement type="text/string" name="Completion Status">
					<Value>Unable to find executable</Value>
				</NamedMeasurement>
				<NamedMeasurement type="text/string" name="Command Line">
					<Value></Value>
				</NamedMeasurement>
				<Measurement>
					<Value>Unable to find executable: /home/cs144/cs144_nju/Lab0-2023Spring-attentionat/sponge/txrx.sh</Value>
				</Measurement>
			</Results>
		</Test>
		<Test Status="notrun">
			<Name>t_usR_128K_8K_lL</Name>
			<Path>.</Path>
			<FullName>./t_usR_128K_8K_lL</FullName>
			<FullCommandLine></FullCommandLine>
			<Results>
				<NamedMeasurement type="numeric/double" name="Processors">
					<Value>1</Value>
				</NamedMeasurement>
				<NamedMeasurement type="text/string" name="Completion Status">
					<Value>Unable to find executable</Value>
				</NamedMeasurement>
				<NamedMeasurement type="text/string" name="Command Line">
					<Value></Value>
				</NamedMeasurement>
				<Measurement>
					<Value>Unable to find executable: /home/cs144/cs144_nju/Lab0-2023Spring-attentionat/sponge/txrx.sh</Value>
				</Measurement>
			</Results>
		</Test>
		<Test Status="notrun">
			<Name>t_usD_128K_8K_l</Name>
			<Path>.</Path>
			<FullName>./t_usD_128K_8K_l</FullName>
			<FullCommandLine></FullCommandLine>
			<Results>
				<NamedMeasurement type="numeric/double" name="Processors">
					<Value>1</Value>
				</NamedMeasurement>
				<NamedMeasurement type="text/string" name="Completion Status">
					<Value>Unable to find executable</Value>
				</NamedMeasurement>
				<NamedMeasurement type="text/string" name="Command Line">
					<Value></Value>
				</NamedMeasurement>
				<Measurement>
					<Value>Unable to find executable: /home/cs144/cs144_nju/Lab0-2023Spring-attentionat/sponge/txrx.sh</Value>
				</Measurement>
			</Results>
		</Test>
		<Test Status="notrun">
			<Name>t_usD_128K_8K_L</Name>
			<Path>.</Path>
			<FullName>./t_usD_128K_8K_L</FullName>
			<FullCommandLine></FullCommandLine>
			<Results>
				<NamedMeasurement type="numeric/double" name="Processors">
					<Value>1</Value>
				</NamedMeasurement>
				<NamedMeasurement type="text/string" name="Completion Status">
					<Value>Unable to find executable</Value>
				</NamedMeasurement>
				<NamedMeasurement type="text/string" name="Command Line">
					<Value></Value>
				</NamedMeasurement>
				<Measurement>
					<Value>Unable to find executable: /home/cs144/cs144_nju/Lab0-2023Spring-attentionat/sponge/txrx.sh</Value>
				</Measurement>
			</Results>
		</Test>
		<Test Status="notrun">
			<Name>t_usD_128K_8K_lL</Name>
			<Path>.</Path>
			<FullName>./t_usD_128K_8K_lL</FullName>
			<FullCommandLine></FullCommandLine>
			<Results>
				<NamedMeasurement type="numeric/double" name="Processors">
					<Value>1</Value>
				</NamedMeasurement>
				<NamedMeasurement type="text/string" name="Completion Status">
					<Value>Unable to find executable</Value>
				</NamedMeasurement>
				<NamedMeasurement type="text/string" name="Command Line">
					<Value></Value>
				</NamedMeasurement>
				<Measurement>
					<Value>Unable to find executable: /home/cs144/cs144_nju/Lab0-2023Spring-attentionat/sponge/txrx.sh</Value>
				</Measurement>
			</Results>
		</Test>
		<Test Status="notrun">
			<Name>t_ipv4_client_send</Name>
			<Path>.</Path>
			<FullName>./t_ipv4_client_send</FullName>
			<FullCommandLine></FullCommandLine>
			<Results>
				<NamedMeasurement type="numeric/double" name="Processors">
					<Value>1</Value>
				</NamedMeasurement>
				<NamedMeasurement type="text/string" name="Completion Status">
					<Value>Unable to find executable</Value>
				</NamedMeasurement>
				<NamedMeasurement type="text/string" name="Command Line">
					<Value></Value>
				</NamedMeasurement>
				<Measurement>
					<Value>Unable to find executable: /home/cs144/cs144_nju/Lab0-2023Spring-attentionat/sponge/txrx.sh</Value>
				</Measurement>
			</Results>
		</Test>
		<Test Status="notrun">
			<Name>t_ipv4_server_send</Name>
			<Path>.</Path>
			<FullName>./t_ipv4_server_send</FullName>
			<FullCommandLine></FullCommandLine>
			<Results>
				<NamedMeasurement type="numeric/double" name="Processors">
					<Value>1</Value>
				</NamedMeasurement>
				<NamedMeasurement type="text/string" name="Completion Status">
					<Value>Unable to find executable</Value>
				</NamedMeasurement>
				<NamedMeasurement type="text/string" name="Command Line">
					<Value></Value>
				</NamedMeasurement>
				<Measurement>
					<Value>Unable to find executable: /home/cs144/cs144_nju/Lab0-2023Spring-attentionat/sponge/txrx.sh</Value>
				</Measurement>
			</Results>
		</Test>
		<Test Status="notrun">
			<Name>t_ipv4_client_recv</Name>
			<Path>.</Path>
			<FullName>./t_ipv4_client_recv</FullName>
			<FullCommandLine></FullCommandLine>
			<Results>
				<NamedMeasurement type="numeric/double" name="Processors">
					<Value>1</Value>
				</NamedMeasurement>
				<NamedMeasurement type="text/string" name="Completion Status">
					<Value>Unable to find executable</Value>
				</NamedMeasurement>
				<NamedMeasurement type="text/string" name="Command Line">
					<Value></Value>
				</NamedMeasurement>
				<Measurement>
					<Value>Unable to find executable: /home/cs144/cs144_nju/Lab0-2023Spring-attentionat/sponge/txrx.sh</Value>
				</Measurement>
			</Results>
		</Test>
		<Test Status="notrun">
			<Name>t_ipv4_server_recv</Name>
			<Path>.</Path>
			<FullName>./t_ipv4_server_recv</FullName>
			<FullCommandLine></FullCommandLine>
			<Results>
				<NamedMeasurement type="numeric/double" name="Processors">
					<Value>1</Value>
				</NamedMeasurement>
				<NamedMeasurement type="text/string" name="Completion Status">
					<Value>Unable to find executable</Value>
				</NamedMeasurement>
				<NamedMeasurement type="text/string" name="Command Line">
					<Value></Value>
				</NamedMeasurement>
				<Measurement>
					<Value>Unable to find executable: /home/cs144/cs144_nju/Lab0-2023Spring-attentionat/sponge/txrx.sh</Value>
				</Measurement>
			</Results>
		</Test>
		<Test Status="notrun">
			<Name>t_ipv4_client_dupl</Name>
			<Path>.</Path>
			<FullName>./t_ipv4_client_dupl</FullName>
			<FullCommandLine></FullCommandLine>
			<Results>
				<NamedMeasurement type="numeric/double" name="Processors">
					<Value>1</Value>
				</NamedMeasurement>
				<NamedMeasurement type="text/string" name="Completion Status">
					<Value>Unable to find executable</Value>
				</NamedMeasurement>
				<NamedMeasurement type="text/string" name="Command Line">
					<Value></Value>
				</NamedMeasurement>
				<Measurement>
					<Value>Unable to find executable: /home/cs144/cs144_nju/Lab0-2023Spring-attentionat/sponge/txrx.sh</Value>
				</Measurement>
			</Results>
		</Test>
		<Test Status="notrun">
			<Name>t_ipv4_server_dupl</Name>
			<Path>.</Path>
			<FullName>./t_ipv4_server_dupl</FullName>
			<FullCommandLine></FullCommandLine>
			<Results>
				<NamedMeasurement type="numeric/double" name="Processors">
					<Value>1</Value>
				</NamedMeasurement>
				<NamedMeasurement type="text/string" name="Completion Status">
					<Value>Unable to find executable</Value>
				</NamedMeasurement>
				<NamedMeasurement type="text/string" name="Command Line">
					<Value></Value>
				</NamedMeasurement>
				<Measurement>
					<Value>Unable to find executable: /home/cs144/cs144_nju/Lab0-2023Spring-attentionat/sponge/txrx.sh</Value>
				</Measurement>
			</Results>
		</Test>
		<Test Status="notrun">
			<Name>t_icS_1M_32k</Name>
			<Path>.</Path>
			<FullName>./t_icS_1M_32k</FullName>
			<FullCommandLine></FullCommandLine>
			<Results>
				<NamedMeasurement type="numeric/double" name="Processors">
					<Value>1</Value>
				</NamedMeasurement>
				<NamedMeasurement type="text/string" name="Completion Status">
					<Value>Unable to find executable</Value>
				</NamedMeasurement>
				<NamedMeasurement type="text/string" name="Command Line">
					<Value></Value>
				</NamedMeasurement>
				<Measurement>
					<Value>Unable to find executable: /home/cs144/cs144_nju/Lab0-2023Spring-attentionat/sponge/txrx.sh</Value>
				</Measurement>
			</Results>
		</Test>
		<Test Status="notrun">
			<Name>t_icS_128K_8K</Name>
			<Path>.</Path>
			<FullName>./t_icS_128K_8K</FullName>
			<FullCommandLine></FullCommandLine>
			<Results>
				<NamedMeasurement type="numeric/double" name="Processors">
					<Value>1</Value>
				</NamedMeasurement>
				<NamedMeasurement type="text/string" name="Completion Status">
					<Value>Unable to find executable</Value>
[...]
			<Path>.</Path>
			<FullName>./t_isR_128K_8K_L</FullName>
			<FullCommandLine></FullCommandLine>
			<Results>
				<NamedMeasurement type="numeric/double" name="Processors">
					<Value>1</Value>
				</NamedMeasurement>
				<NamedMeasurement type="text/string" name="Completion Status">
					<Value>Unable to find executable</Value>
				</NamedMeasurement>
				<NamedMeasurement type="text/string" name="Command Line">
					<Value></Value>
				</NamedMeasurement>
				<Measurement>
					<Value>Unable to find executable: /home/cs144/cs144_nju/Lab0-2023Spring-attentionat/sponge/txrx.sh</Value>
				</Measurement>
			</Results>
		</Test>
		<Test Status="notrun">
			<Name>t_isR_128K_8K_lL</Name>
			<Path>.</Path>
			<FullName>./t_isR_128K_8K_lL</FullName>
			<FullCommandLine></FullCommandLine>
			<Results>
				<NamedMeasurement type="numeric/double" name="Processors">
					<Value>1</Value>
				</NamedMeasurement>
				<NamedMeasurement type="text/string" name="Completion Status">
					<Value>Unable to find executable</Value>
				</NamedMeasurement>
				<NamedMeasurement type="text/string" name="Command Line">
					<Value></Value>
				</NamedMeasurement>
				<Measurement>
					<Value>Unable to find executable: /home/cs144/cs144_nju/Lab0-2023Spring-attentionat/sponge/txrx.sh</Value>
				</Measurement>
			</Results>
		</Test>
		<Test Status="notrun">
			<Name>t_isD_128K_8K_l</Name>
			<Path>.</Path>
			<FullName>./t_isD_128K_8K_l</FullName>
			<FullCommandLine></FullCommandLine>
			<Results>
				<NamedMeasurement type="numeric/double" name="Processors">
					<Value>1</Value>
				</NamedMeasurement>
				<NamedMeasurement type="text/string" name="Completion Status">
					<Value>Unable to find executable</Value>
				</NamedMeasurement>
				<NamedMeasurement type="text/string" name="Command Line">
					<Value></Value>
				</NamedMeasurement>
				<Measurement>
					<Value>Unable to find executable: /home/cs144/cs144_nju/Lab0-2023Spring-attentionat/sponge/txrx.sh</Value>
				</Measurement>
			</Results>
		</Test>
		<Test Status="notrun">
			<Name>t_isD_128K_8K_L</Name>
			<Path>.</Path>
			<FullName>./t_isD_128K_8K_L</FullName>
			<FullCommandLine></FullCommandLine>
			<Results>
				<NamedMeasurement type="numeric/double" name="Processors">
					<Value>1</Value>
				</NamedMeasurement>
				<NamedMeasurement type="text/string" name="Completion Status">
					<Value>Unable to find executable</Value>
				</NamedMeasurement>
				<NamedMeasurement type="text/string" name="Command Line">
					<Value></Value>
				</NamedMeasurement>
				<Measurement>
					<Value>Unable to find executable: /home/cs144/cs144_nju/Lab0-2023Spring-attentionat/sponge/txrx.sh</Value>
				</Measurement>
			</Results>
		</Test>
		<Test Status="notrun">
			<Name>t_isD_128K_8K_lL</Name>
			<Path>.</Path>
			<FullName>./t_isD_128K_8K_lL</FullName>
			<FullCommandLine></FullCommandLine>
			<Results>
				<NamedMeasurement type="numeric/double" name="Processors">
					<Value>1</Value>
				</NamedMeasurement>
				<NamedMeasurement type="text/string" name="Completion Status">
					<Value>Unable to find executable</Value>
				</NamedMeasurement>
				<NamedMeasurement type="text/string" name="Command Line">
					<Value></Value>
				</NamedMeasurement>
				<Measurement>
					<Value>Unable to find executable: /home/cs144/cs144_nju/Lab0-2023Spring-attentionat/sponge/txrx.sh</Value>
				</Measurement>
			</Results>
		</Test>
		<Test Status="notrun">
			<Name>t_icnS_128K_8K_l</Name>
			<Path>.</Path>
			<FullName>./t_icnS_128K_8K_l</FullName>
			<FullCommandLine></FullCommandLine>
			<Results>
				<NamedMeasurement type="numeric/double" name="Processors">
					<Value>1</Value>
				</NamedMeasurement>
				<NamedMeasurement type="text/string" name="Completion Status">
					<Value>Unable to find executable</Value>
				</NamedMeasurement>
				<NamedMeasurement type="text/string" name="Command Line">
					<Value></Value>
				</NamedMeasurement>
				<Measurement>
					<Value>Unable to find executable: /home/cs144/cs144_nju/Lab0-2023Spring-attentionat/sponge/txrx.sh</Value>
				</Measurement>
			</Results>
		</Test>
		<Test Status="notrun">
			<Name>t_icnS_128K_8K_L</Name>
			<Path>.</Path>
			<FullName>./t_icnS_128K_8K_L</FullName>
			<FullCommandLine></FullCommandLine>
			<Results>
				<NamedMeasurement type="numeric/double" name="Processors">
					<Value>1</Value>
				</NamedMeasurement>
				<NamedMeasurement type="text/string" name="Completion Status">
					<Value>Unable to find executable</Value>
				</NamedMeasurement>
				<NamedMeasurement type="text/string" name="Command Line">
					<Value></Value>
				</NamedMeasurement>
				<Measurement>
					<Value>Unable to find executable: /home/cs144/cs144_nju/Lab0-2023Spring-attentionat/sponge/txrx.sh</Value>
				</Measurement>
			</Results>
		</Test>
		<Test Status="notrun">
			<Name>t_icnS_128K_8K_lL</Name>
			<Path>.</Path>
			<FullName>./t_icnS_128K_8K_lL</FullName>
			<FullCommandLine></FullCommandLine>
			<Results>
				<NamedMeasurement type="numeric/double" name="Processors">
					<Value>1</Value>
				</NamedMeasurement>
				<NamedMeasurement type="text/string" name="Completion Status">
					<Value>Unable to find executable</Value>
				</NamedMeasurement>
				<NamedMeasurement type="text/string" name="Command Line">
					<Value></Value>
				</NamedMeasurement>
				<Measurement>
					<Value>Unable to find executable: /home/cs144/cs144_nju/Lab0-2023Spring-attentionat/sponge/txrx.sh</Value>
				</Measurement>
			</Results>
		</Test>
		<Test Status="notrun">
			<Name>t_icnR_128K_8K_l</Name>
			<Path>.</Path>
			<FullName>./t_icnR_128K_8K_l</FullName>
			<FullCommandLine></FullCommandLine>
			<Results>
				<NamedMeasurement type="numeric/double" name="Processors">
					<Value>1</Value>
				</NamedMeasurement>
				<NamedMeasurement type="text/string" name="Completion Status">
					<Value>Unable to find executable</Value>
				</NamedMeasurement>
				<NamedMeasurement type="text/string" name="Command Line">
					<Value></Value>
				</NamedMeasurement>
				<Measurement>
					<Value>Unable to find executable: /home/cs144/cs144_nju/Lab0-2023Spring-attentionat/sponge/txrx.sh</Value>
				</Measurement>
			</Results>
		</Test>
		<Test Status="notrun">
			<Name>t_icnR_128K_8K_L</Name>
			<Path>.</Path>
			<FullName>./t_icnR_128K_8K_L</FullName>
			<FullCommandLine></FullCommandLine>
			<Results>
				<NamedMeasurement type="numeric/double" name="Processors">
					<Value>1</Value>
				</NamedMeasurement>
				<NamedMeasurement type="text/string" name="Completion Status">
					<Value>Unable to find executable</Value>
				</NamedMeasurement>
				<NamedMeasurement type="text/string" name="Command Line">
					<Value></Value>
				</NamedMeasurement>
				<Measurement>
					<Value>Unable to find executable: /home/cs144/cs144_nju/Lab0-2023Spring-attentionat/sponge/txrx.sh</Value>
				</Measurement>
			</Results>
		</Test>
		<Test Status="notrun">
			<Name>t_icnR_128K_8K_lL</Name>
			<Path>.</Path>
			<FullName>./t_icnR_128K_8K_lL</FullName>
			<FullCommandLine></FullCommandLine>
			<Results>
				<NamedMeasurement type="numeric/double" name="Processors">
					<Value>1</Value>
				</NamedMeasurement>
				<NamedMeasurement type="text/string" name="Completion Status">
					<Value>Unable to find executable</Value>
				</NamedMeasurement>
				<NamedMeasurement type="text/string" name="Command Line">
					<Value></Value>
				</NamedMeasurement>
				<Measurement>
					<Value>Unable to find executable: /home/cs144/cs144_nju/Lab0-2023Spring-attentionat/sponge/txrx.sh</Value>
				</Measurement>
			</Results>
		</Test>
		<Test Status="notrun">
			<Name>t_icnD_128K_8K_l</Name>
			<Path>.</Path>
			<FullName>./t_icnD_128K_8K_l</FullName>
			<FullCommandLine></FullCommandLine>
			<Results>
				<NamedMeasurement type="numeric/double" name="Processors">
					<Value>1</Value>
				</NamedMeasurement>
				<NamedMeasurement type="text/string" name="Completion Status">
					<Value>Unable to find executable</Value>
				</NamedMeasurement>
				<NamedMeasurement type="text/string" name="Command Line">
					<Value></Value>
				</NamedMeasurement>
				<Measurement>
					<Value>Unable to find executable: /home/cs144/cs144_nju/Lab0-2023Spring-attentionat/sponge/txrx.sh</Value>
				</Measurement>
			</Results>
		</Test>
		<Test Status="notrun">
			<Name>t_icnD_128K_8K_L</Name>
			<Path>.</Path>
			<FullName>./t_icnD_128K_8K_L</FullName>
			<FullCommandLine></FullCommandLine>
			<Results>
				<NamedMeasurement type="numeric/double" name="Processors">
					<Value>1</Value>
				</NamedMeasurement>
				<NamedMeasurement type="text/string" name="Completion Status">
					<Value>Unable to find executable</Value>
				</NamedMeasurement>
				<NamedMeasurement type="text/string" name="Command Line">
					<Value></Value>
				</NamedMeasurement>
				<Measurement>
					<Value>Unable to find executable: /home/cs144/cs144_nju/Lab0-2023Spring-attentionat/sponge/txrx.sh</Value>
				</Measurement>
			</Results>
		</Test>
		<Test Status="notrun">
			<Name>t_icnD_128K_8K_lL</Name>
			<Path>.</Path>
			<FullName>./t_icnD_128K_8K_lL</FullName>
			<FullCommandLine></FullCommandLine>
			<Results>
				<NamedMeasurement type="numeric/double" name="Processors">
					<Value>1</Value>
				</NamedMeasurement>
				<NamedMeasurement type="text/string" name="Completion Status">
					<Value>Unable to find executable</Value>
				</NamedMeasurement>
				<NamedMeasurement type="text/string" name="Command Line">
					<Value></Value>
				</NamedMeasurement>
				<Measurement>
					<Value>Unable to find executable: /home/cs144/cs144_nju/Lab0-2023Spring-attentionat/sponge/txrx.sh</Value>
				</Measurement>
			</Results>
		</Test>
		<Test Status="notrun">
			<Name>t_isnS_128K_8K_l</Name>
			<Path>.</Path>
			<FullName>./t_isnS_128K_8K_l</FullName>
			<FullCommandLine></FullCommandLine>
			<Results>
				<NamedMeasurement type="numeric/double" name="Processors">
					<Value>1</Value>
				</NamedMeasurement>
				<NamedMeasurement type="text/string" name="Completion Status">
					<Value>Unable to find executable</Value>
				</NamedMeasurement>
				<NamedMeasurement type="text/string" name="Command Line">
					<Value></Value>
				</NamedMeasurement>
				<Measurement>
					<Value>Unable to find executable: /home/cs144/cs144_nju/Lab0-2023Spring-attentionat/sponge/txrx.sh</Value>
				</Measurement>
			</Results>
		</Test>
		<Test Status="notrun">
			<Name>t_isnS_128K_8K_L</Name>
			<Path>.</Path>
			<FullName>./t_isnS_128K_8K_L</FullName>
			<FullCommandLine></FullCommandLine>
			<Results>
				<NamedMeasurement type="numeric/double" name="Processors">
					<Value>1</Value>
				</NamedMeasurement>
				<NamedMeasurement type="text/string" name="Completion Status">
					<Value>Unable to find executable</Value>
				</NamedMeasurement>
				<NamedMeasurement type="text/string" name="Command Line">
					<Value></Value>
				</NamedMeasurement>
				<Measurement>
					<Value>Unable to find executable: /home/cs144/cs144_nju/Lab0-2023Spring-attentionat/sponge/txrx.sh</Value>
				</Measurement>
			</Results>
		</Test>
		<Test Status="notrun">
			<Name>t_isnS_128K_8K_lL</Name>
			<Path>.</Path>
			<FullName>./t_isnS_128K_8K_lL</FullName>
			<FullCommandLine></FullCommandLine>
			<Results>
				<NamedMeasurement type="numeric/double" name="Processors">
					<Value>1</Value>
				</NamedMeasurement>
				<NamedMeasurement type="text/string" name="Completion Status">
					<Value>Unable to find executable</Value>
				</NamedMeasurement>
				<NamedMeasurement type="text/string" name="Command Line">
					<Value></Value>
				</NamedMeasurement>
				<Measurement>
					<Value>Unable to find executable: /home/cs144/cs144_nju/Lab0-2023Spring-attentionat/sponge/txrx.sh</Value>
				</Measurement>
			</Results>
		</Test>
		<Test Status="notrun">
			<Name>t_isnR_128K_8K_l</Name>
			<Path>.</Path>
			<FullName>./t_isnR_128K_8K_l</FullName>
			<FullCommandLine></FullCommandLine>
			<Results>
				<NamedMeasurement type="numeric/double" name="Processors">
					<Value>1</Value>
				</NamedMeasurement>
				<NamedMeasurement type="text/string" name="Completion Status">
					<Value>Unable to find executable</Value>
				</NamedMeasurement>
				<NamedMeasurement type="text/string" name="Command Line">
					<Value></Value>
				</NamedMeasurement>
				<Measurement>
					<Value>Unable to find executable: /home/cs144/cs144_nju/Lab0-2023Spring-attentionat/sponge/txrx.sh</Value>
				</Measurement>
			</Results>
		</Test>
		<Test Status="notrun">
			<Name>t_isnR_128K_8K_L</Name>
			<Path>.</Path>
			<FullName>./t_isnR_128K_8K_L</FullName>
			<FullCommandLine></FullCommandLine>
			<Results>
				<NamedMeasurement type="numeric/double" name="Processors">
					<Value>1</Value>
				</NamedMeasurement>
				<NamedMeasurement type="text/string" name="Completion Status">
					<Value>Unable to find executable</Value>
				</NamedMeasurement>
				<NamedMeasurement type="text/string" name="Command Line">
					<Value></Value>
				</NamedMeasurement>
				<Measurement>
					<Value>Unable to find executable: /home/cs144/cs144_nju/Lab0-2023Spring-attentionat/sponge/txrx.sh</Value>
				</Measurement>
			</Results>
		</Test>
		<Test Status="notrun">
			<Name>t_isnR_128K_8K_lL</Name>
			<Path>.</Path>
			<FullName>./t_isnR_128K_8K_lL</FullName>
			<FullCommandLine></FullCommandLine>
			<Results>
				<NamedMeasurement type="numeric/double" name="Processors">
					<Value>1</Value>
				</NamedMeasurement>
				<NamedMeasurement type="text/string" name="Completion Status">
					<Value>Unable to find executable</Value>
				</NamedMeasurement>
				<NamedMeasurement type="text/string" name="Command Line">
					<Value></Value>
				</NamedMeasurement>
				<Measurement>
					<Value>Unable to find executable: /home/cs144/cs144_nju/Lab0-2023Spring-attentionat/sponge/txrx.sh</Value>
				</Measurement>
			</Results>
		</Test>
		<Test Status="notrun">
			<Name>t_isnD_128K_8K_l</Name>
			<Path>.</Path>
			<FullName>./t_isnD_128K_8K_l</FullName>
			<FullCommandLine></FullCommandLine>
			<Results>
				<NamedMeasurement type="numeric/double" name="Processors">
					<Value>1</Value>
				</NamedMeasurement>
				<NamedMeasurement type="text/string" name="Completion Status">
					<Value>Unable to find executable</Value>
				</NamedMeasurement>
				<NamedMeasurement type="text/string" name="Command Line">
					<Value></Value>
				</NamedMeasurement>
				<Measurement>
					<Value>Unable to find executable: /home/cs144/cs144_nju/Lab0-2023Spring-attentionat/sponge/txrx.sh</Value>
				</Measurement>
			</Results>
		</Test>
		<Test Status="notrun">
			<Name>t_isnD_128K_8K_L</Name>
			<Path>.</Path>
			<FullName>./t_isnD_128K_8K_L</FullName>
			<FullCommandLine></FullCommandLine>
			<Results>
				<NamedMeasurement type="numeric/double" name="Processors">
					<Value>1</Value>
				</NamedMeasurement>
				<NamedMeasurement type="text/string" name="Completion Status">
					<Value>Unable to find executable</Value>
				</NamedMeasurement>
				<NamedMeasurement type="text/string" name="Command Line">
					<Value></Value>
				</NamedMeasurement>
				<Measurement>
					<Value>Unable to find executable: /home/cs144/cs144_nju/Lab0-2023Spring-attentionat/sponge/txrx.sh</Value>
				</Measurement>
			</Results>
		</Test>
		<Test Status="notrun">
			<Name>t_isnD_128K_8K_lL</Name>
			<Path>.</Path>
			<FullName>./t_isnD_128K_8K_lL</FullName>
			<FullCommandLine></FullCommandLine>
			<Results>
				<NamedMeasurement type="numeric/double" name="Processors">
					<Value>1</Value>
				</NamedMeasurement>
				<NamedMeasurement type="text/string" name="Completion Status">
					<Value>Unable to find executable</Value>
				</NamedMeasurement>
				<NamedMeasurement type="text/string" name="Command Line">
					<Value></Value>
				</NamedMeasurement>
				<Measurement>
					<Value>Unable to find executable: /home/cs144/cs144_nju/Lab0-2023Spring-attentionat/sponge/txrx.sh</Value>
				</Measurement>
			</Results>
		</Test>
		<Test Status="passed">
			<Name>t_socket_dt</Name>
			<Path>.</Path>
			<FullName>./t_socket_dt</FullName>
			<FullCommandLine>/home/cs144/cs144_nju/Lab0-2023Spring-attentionat/build/doctests/socket_dt</FullCommandLine>
			<Results>
				<NamedMeasurement type="numeric/double" name="Execution Time">
					<Value>0.025146</Value>
				</NamedMeasurement>
				<NamedMeasurement type="numeric/double" name="Processors">
					<Value>1</Value>
				</NamedMeasurement>
				<NamedMeasurement type="text/string" name="Completion Status">
					<Value>Completed</Value>
				</NamedMeasurement>
				<NamedMeasurement type="text/string" name="Command Line">
					<Value>/home/cs144/cs144_nju/Lab0-2023Spring-attentionat/build/doctests/socket_dt</Value>
				</NamedMeasurement>
				<Measurement>
					<Value></Value>
				</Measurement>
			</Results>
		</Test>
		<Test Status="passed">
			<Name>t_parser_dt</Name>
			<Path>.</Path>
			<FullName>./t_parser_dt</FullName>
			<FullCommandLine>/home/cs144/cs144_nju/Lab0-2023Spring-attentionat/build/doctests/parser_dt</FullCommandLine>
			<Results>
				<NamedMeasurement type="numeric/double" name="Execution Time">
					<Value>0.223059</Value>
				</NamedMeasurement>
				<NamedMeasurement type="numeric/double" name="Processors">
					<Value>1</Value>
				</NamedMeasurement>
				<NamedMeasurement type="text/string" name="Completion Status">
					<Value>Completed</Value>
				</NamedMeasurement>
				<NamedMeasurement type="text/string" name="Command Line">
					<Value>/home/cs144/cs144_nju/Lab0-2023Spring-attentionat/build/doctests/parser_dt</Value>
				</NamedMeasurement>
				<Measurement>
					<Value></Value>
				</Measurement>
			</Results>
		</Test>
		<Test Status="passed">
			<Name>t_address_dt</Name>
			<Path>.</Path>
			<FullName>./t_address_dt</FullName>
			<FullCommandLine>/home/cs144/cs144_nju/Lab0-2023Spring-attentionat/build/doctests/address_dt</FullCommandLine>
			<Results>
				<NamedMeasurement type="numeric/double" name="Execution Time">
					<Value>5.07197</Value>
				</NamedMeasurement>
				<NamedMeasurement type="numeric/double" name="Processors">
					<Value>1</Value>
				</NamedMeasurement>
				<NamedMeasurement type="text/string" name="Completion Status">
					<Value>Completed</Value>
				</NamedMeasurement>
				<NamedMeasurement type="text/string" name="Command Line">
					<Value>/home/cs144/cs144_nju/Lab0-2023Spring-attentionat/build/doctests/address_dt</Value>
				</NamedMeasurement>
				<Measurement>
					<Value></Value>
				</Measurement>
			</Results>
		</Test>
		<Test Status="passed">
			<Name>t_webget</Name>
			<Path>.</Path>
			<FullName>./t_webget</FullName>
			<FullCommandLine>/home/cs144/cs144_nju/Lab0-2023Spring-attentionat/sponge/tests/webget_t.sh</FullCommandLine>
			<Results>
				<NamedMeasurement type="numeric/double" name="Execution Time">
					<Value>5.21913</Value>
				</NamedMeasurement>
				<NamedMeasurement type="numeric/double" name="Processors">
					<Value>1</Value>
				</NamedMeasurement>
				<NamedMeasurement type="text/string" name="Completion Status">
					<Value>Completed</Value>
				</NamedMeasurement>
				<NamedMeasurement type="text/string" name="Command Line">
					<Value>/home/cs144/cs144_nju/Lab0-2023Spring-attentionat/sponge/tests/webget_t.sh</Value>
				</NamedMeasurement>
				<Measurement>
					<Value encoding="base64" compression="gzip">eJxFkFtrwkAQhd/3Vww+KZiYi7m4b6XWFKq0mIj0SdbNbIyNsyG71vrvmxTaPgwMzDnzHc5zUbzNfNeHwPPg9YXl2H1ix4Gqmr6Gw9z1YLw7XsleJ2wpLHLYYzkFP4KN6HpbEIKX8nnAwwiyTcEeNVkk6xT3tteKtm1qKWytaaalResY26G4/MnWSJU9cZgv2FoY62x0WasaSw4bTT0mgBzbARP0O/ciHia/GEI5/OUgG22QPRWi4jCKQ18F3sJ3Qn/EHqTE1jpbQRUaDse7RcOYKJVQplRho3RUxiZWiT4nKhVlatIkjuZxvsxXebbMstUy276z1ZV+UCBF0wzZKrSH3XY9vt1uLp2vkoaArtXtFGbyhPLjIMjM+pm4bC86qqn6N03gJAyQtnBEJKgvbYOXvgss4Y7WZd9JHX2/====</Value>
				</Measurement>
			</Results>
		</Test>
		<EndDateTime>Mar 15 01:42 PDT</EndDateTime>
		<EndTestTime>1678869755</EndTestTime>
		<ElapsedMinutes>0</ElapsedMinutes>
	</Testing>
</Site>
